<?xml version="1.0" encoding="UTF-8"?>
<?xml-stylesheet href="CoreNLP-to-HTML.xsl" type="text/xsl"?>
<root>
  <document>
    <sentences>
      <sentence id="1">
        <tokens>
          <token id="1">
            <word>Sally</word>
            <lemma>Sally</lemma>
            <CharacterOffsetBegin>0</CharacterOffsetBegin>
            <CharacterOffsetEnd>5</CharacterOffsetEnd>
            <POS>NNP</POS>
            <NER>PERSON</NER>
            <Speaker>PER0</Speaker>
          </token>
          <token id="2">
            <word>had</word>
            <lemma>have</lemma>
            <CharacterOffsetBegin>6</CharacterOffsetBegin>
            <CharacterOffsetEnd>9</CharacterOffsetEnd>
            <POS>VBD</POS>
            <NER>O</NER>
            <Speaker>PER0</Speaker>
          </token>
          <token id="3">
            <word>27</word>
            <lemma>27</lemma>
            <CharacterOffsetBegin>10</CharacterOffsetBegin>
            <CharacterOffsetEnd>12</CharacterOffsetEnd>
            <POS>CD</POS>
            <NER>NUMBER</NER>
            <NormalizedNER>27.0</NormalizedNER>
            <Speaker>PER0</Speaker>
          </token>
          <token id="4">
            <word>Pokemon</word>
            <lemma>pokemon</lemma>
            <CharacterOffsetBegin>13</CharacterOffsetBegin>
            <CharacterOffsetEnd>20</CharacterOffsetEnd>
            <POS>NNS</POS>
            <NER>O</NER>
            <Speaker>PER0</Speaker>
          </token>
          <token id="5">
            <word>cards</word>
            <lemma>card</lemma>
            <CharacterOffsetBegin>21</CharacterOffsetBegin>
            <CharacterOffsetEnd>26</CharacterOffsetEnd>
            <POS>NNS</POS>
            <NER>O</NER>
            <Speaker>PER0</Speaker>
          </token>
          <token id="6">
            <word>.</word>
            <lemma>.</lemma>
            <CharacterOffsetBegin>27</CharacterOffsetBegin>
            <CharacterOffsetEnd>28</CharacterOffsetEnd>
            <POS>.</POS>
            <NER>O</NER>
            <Speaker>PER0</Speaker>
          </token>
        </tokens>
        <parse>(ROOT
          (S
          (NP (NNP Sally))
          (VP (VBD had)
          (NP (CD 27) (NNS Pokemon) (NNS cards)))
          (. .)))
          
          </parse>
        <dependencies type="basic-dependencies">
          <dep type="root">
            <governor idx="0">ROOT</governor>
            <dependent idx="2">had</dependent>
          </dep>
          <dep type="nsubj">
            <governor idx="2">had</governor>
            <dependent idx="1">Sally</dependent>
          </dep>
          <dep type="nummod">
            <governor idx="5">cards</governor>
            <dependent idx="3">27</dependent>
          </dep>
          <dep type="compound">
            <governor idx="5">cards</governor>
            <dependent idx="4">Pokemon</dependent>
          </dep>
          <dep type="dobj">
            <governor idx="2">had</governor>
            <dependent idx="5">cards</dependent>
          </dep>
          <dep type="punct">
            <governor idx="2">had</governor>
            <dependent idx="6">.</dependent>
          </dep>
        </dependencies>
        <dependencies type="collapsed-dependencies">
          <dep type="root">
            <governor idx="0">ROOT</governor>
            <dependent idx="2">had</dependent>
          </dep>
          <dep type="nsubj">
            <governor idx="2">had</governor>
            <dependent idx="1">Sally</dependent>
          </dep>
          <dep type="nummod">
            <governor idx="5">cards</governor>
            <dependent idx="3">27</dependent>
          </dep>
          <dep type="compound">
            <governor idx="5">cards</governor>
            <dependent idx="4">Pokemon</dependent>
          </dep>
          <dep type="dobj">
            <governor idx="2">had</governor>
            <dependent idx="5">cards</dependent>
          </dep>
          <dep type="punct">
            <governor idx="2">had</governor>
            <dependent idx="6">.</dependent>
          </dep>
        </dependencies>
        <dependencies type="collapsed-ccprocessed-dependencies">
          <dep type="root">
            <governor idx="0">ROOT</governor>
            <dependent idx="2">had</dependent>
          </dep>
          <dep type="nsubj">
            <governor idx="2">had</governor>
            <dependent idx="1">Sally</dependent>
          </dep>
          <dep type="nummod">
            <governor idx="5">cards</governor>
            <dependent idx="3">27</dependent>
          </dep>
          <dep type="compound">
            <governor idx="5">cards</governor>
            <dependent idx="4">Pokemon</dependent>
          </dep>
          <dep type="dobj">
            <governor idx="2">had</governor>
            <dependent idx="5">cards</dependent>
          </dep>
          <dep type="punct">
            <governor idx="2">had</governor>
            <dependent idx="6">.</dependent>
          </dep>
        </dependencies>
      </sentence>
      <sentence id="2">
        <tokens>
          <token id="1">
            <word>Dan</word>
            <lemma>Dan</lemma>
            <CharacterOffsetBegin>29</CharacterOffsetBegin>
            <CharacterOffsetEnd>32</CharacterOffsetEnd>
            <POS>NNP</POS>
            <NER>PERSON</NER>
            <Speaker>PER0</Speaker>
          </token>
          <token id="2">
            <word>gave</word>
            <lemma>give</lemma>
            <CharacterOffsetBegin>33</CharacterOffsetBegin>
            <CharacterOffsetEnd>37</CharacterOffsetEnd>
            <POS>VBD</POS>
            <NER>O</NER>
            <Speaker>PER0</Speaker>
          </token>
          <token id="3">
            <word>her</word>
            <lemma>she</lemma>
            <CharacterOffsetBegin>38</CharacterOffsetBegin>
            <CharacterOffsetEnd>41</CharacterOffsetEnd>
            <POS>PRP$</POS>
            <NER>O</NER>
            <Speaker>PER0</Speaker>
          </token>
          <token id="4">
            <word>41</word>
            <lemma>41</lemma>
            <CharacterOffsetBegin>42</CharacterOffsetBegin>
            <CharacterOffsetEnd>44</CharacterOffsetEnd>
            <POS>CD</POS>
            <NER>NUMBER</NER>
            <NormalizedNER>41.0</NormalizedNER>
            <Speaker>PER0</Speaker>
          </token>
          <token id="5">
            <word>new</word>
            <lemma>new</lemma>
            <CharacterOffsetBegin>45</CharacterOffsetBegin>
            <CharacterOffsetEnd>48</CharacterOffsetEnd>
            <POS>JJ</POS>
            <NER>O</NER>
            <Speaker>PER0</Speaker>
          </token>
          <token id="6">
            <word>Pokemon</word>
            <lemma>pokemon</lemma>
            <CharacterOffsetBegin>49</CharacterOffsetBegin>
            <CharacterOffsetEnd>56</CharacterOffsetEnd>
            <POS>NNS</POS>
            <NER>ORGANIZATION</NER>
            <Speaker>PER0</Speaker>
          </token>
          <token id="7">
            <word>cards</word>
            <lemma>card</lemma>
            <CharacterOffsetBegin>57</CharacterOffsetBegin>
            <CharacterOffsetEnd>62</CharacterOffsetEnd>
            <POS>NNS</POS>
            <NER>O</NER>
            <Speaker>PER0</Speaker>
          </token>
          <token id="8">
            <word>.</word>
            <lemma>.</lemma>
            <CharacterOffsetBegin>63</CharacterOffsetBegin>
            <CharacterOffsetEnd>64</CharacterOffsetEnd>
            <POS>.</POS>
            <NER>O</NER>
            <Speaker>PER0</Speaker>
          </token>
        </tokens>
        <parse>(ROOT
          (S
          (NP (NNP Dan))
          (VP (VBD gave)
          (NP (PRP$ her) (CD 41) (JJ new) (NNS Pokemon))
          (NP (NNS cards)))
          (. .)))
          
          </parse>
        <dependencies type="basic-dependencies">
          <dep type="root">
            <governor idx="0">ROOT</governor>
            <dependent idx="2">gave</dependent>
          </dep>
          <dep type="nsubj">
            <governor idx="2">gave</governor>
            <dependent idx="1">Dan</dependent>
          </dep>
          <dep type="nmod:poss">
            <governor idx="6">Pokemon</governor>
            <dependent idx="3">her</dependent>
          </dep>
          <dep type="nummod">
            <governor idx="6">Pokemon</governor>
            <dependent idx="4">41</dependent>
          </dep>
          <dep type="amod">
            <governor idx="6">Pokemon</governor>
            <dependent idx="5">new</dependent>
          </dep>
          <dep type="dep">
            <governor idx="2">gave</governor>
            <dependent idx="6">Pokemon</dependent>
          </dep>
          <dep type="dobj">
            <governor idx="2">gave</governor>
            <dependent idx="7">cards</dependent>
          </dep>
          <dep type="punct">
            <governor idx="2">gave</governor>
            <dependent idx="8">.</dependent>
          </dep>
        </dependencies>
        <dependencies type="collapsed-dependencies">
          <dep type="root">
            <governor idx="0">ROOT</governor>
            <dependent idx="2">gave</dependent>
          </dep>
          <dep type="nsubj">
            <governor idx="2">gave</governor>
            <dependent idx="1">Dan</dependent>
          </dep>
          <dep type="nmod:poss">
            <governor idx="6">Pokemon</governor>
            <dependent idx="3">her</dependent>
          </dep>
          <dep type="nummod">
            <governor idx="6">Pokemon</governor>
            <dependent idx="4">41</dependent>
          </dep>
          <dep type="amod">
            <governor idx="6">Pokemon</governor>
            <dependent idx="5">new</dependent>
          </dep>
          <dep type="dep">
            <governor idx="2">gave</governor>
            <dependent idx="6">Pokemon</dependent>
          </dep>
          <dep type="dobj">
            <governor idx="2">gave</governor>
            <dependent idx="7">cards</dependent>
          </dep>
          <dep type="punct">
            <governor idx="2">gave</governor>
            <dependent idx="8">.</dependent>
          </dep>
        </dependencies>
        <dependencies type="collapsed-ccprocessed-dependencies">
          <dep type="root">
            <governor idx="0">ROOT</governor>
            <dependent idx="2">gave</dependent>
          </dep>
          <dep type="nsubj">
            <governor idx="2">gave</governor>
            <dependent idx="1">Dan</dependent>
          </dep>
          <dep type="nmod:poss">
            <governor idx="6">Pokemon</governor>
            <dependent idx="3">her</dependent>
          </dep>
          <dep type="nummod">
            <governor idx="6">Pokemon</governor>
            <dependent idx="4">41</dependent>
          </dep>
          <dep type="amod">
            <governor idx="6">Pokemon</governor>
            <dependent idx="5">new</dependent>
          </dep>
          <dep type="dep">
            <governor idx="2">gave</governor>
            <dependent idx="6">Pokemon</dependent>
          </dep>
          <dep type="dobj">
            <governor idx="2">gave</governor>
            <dependent idx="7">cards</dependent>
          </dep>
          <dep type="punct">
            <governor idx="2">gave</governor>
            <dependent idx="8">.</dependent>
          </dep>
        </dependencies>
      </sentence>
      <sentence id="3">
        <tokens>
          <token id="1">
            <word>Sally</word>
            <lemma>Sally</lemma>
            <CharacterOffsetBegin>65</CharacterOffsetBegin>
            <CharacterOffsetEnd>70</CharacterOffsetEnd>
            <POS>NNP</POS>
            <NER>PERSON</NER>
            <Speaker>PER0</Speaker>
          </token>
          <token id="2">
            <word>bought</word>
            <lemma>buy</lemma>
            <CharacterOffsetBegin>71</CharacterOffsetBegin>
            <CharacterOffsetEnd>77</CharacterOffsetEnd>
            <POS>VBD</POS>
            <NER>O</NER>
            <Speaker>PER0</Speaker>
          </token>
          <token id="3">
            <word>20</word>
            <lemma>20</lemma>
            <CharacterOffsetBegin>78</CharacterOffsetBegin>
            <CharacterOffsetEnd>80</CharacterOffsetEnd>
            <POS>CD</POS>
            <NER>NUMBER</NER>
            <NormalizedNER>20.0</NormalizedNER>
            <Speaker>PER0</Speaker>
          </token>
          <token id="4">
            <word>Pokemon</word>
            <lemma>pokemon</lemma>
            <CharacterOffsetBegin>81</CharacterOffsetBegin>
            <CharacterOffsetEnd>88</CharacterOffsetEnd>
            <POS>NNS</POS>
            <NER>ORGANIZATION</NER>
            <Speaker>PER0</Speaker>
          </token>
          <token id="5">
            <word>cards</word>
            <lemma>card</lemma>
            <CharacterOffsetBegin>89</CharacterOffsetBegin>
            <CharacterOffsetEnd>94</CharacterOffsetEnd>
            <POS>NNS</POS>
            <NER>O</NER>
            <Speaker>PER0</Speaker>
          </token>
          <token id="6">
            <word>.</word>
            <lemma>.</lemma>
            <CharacterOffsetBegin>95</CharacterOffsetBegin>
            <CharacterOffsetEnd>96</CharacterOffsetEnd>
            <POS>.</POS>
            <NER>O</NER>
            <Speaker>PER0</Speaker>
          </token>
        </tokens>
        <parse>(ROOT
          (S
          (NP (NNP Sally))
          (VP (VBD bought)
          (NP (CD 20) (NNS Pokemon) (NNS cards)))
          (. .)))
          
          </parse>
        <dependencies type="basic-dependencies">
          <dep type="root">
            <governor idx="0">ROOT</governor>
            <dependent idx="2">bought</dependent>
          </dep>
          <dep type="nsubj">
            <governor idx="2">bought</governor>
            <dependent idx="1">Sally</dependent>
          </dep>
          <dep type="nummod">
            <governor idx="5">cards</governor>
            <dependent idx="3">20</dependent>
          </dep>
          <dep type="compound">
            <governor idx="5">cards</governor>
            <dependent idx="4">Pokemon</dependent>
          </dep>
          <dep type="dobj">
            <governor idx="2">bought</governor>
            <dependent idx="5">cards</dependent>
          </dep>
          <dep type="punct">
            <governor idx="2">bought</governor>
            <dependent idx="6">.</dependent>
          </dep>
        </dependencies>
        <dependencies type="collapsed-dependencies">
          <dep type="root">
            <governor idx="0">ROOT</governor>
            <dependent idx="2">bought</dependent>
          </dep>
          <dep type="nsubj">
            <governor idx="2">bought</governor>
            <dependent idx="1">Sally</dependent>
          </dep>
          <dep type="nummod">
            <governor idx="5">cards</governor>
            <dependent idx="3">20</dependent>
          </dep>
          <dep type="compound">
            <governor idx="5">cards</governor>
            <dependent idx="4">Pokemon</dependent>
          </dep>
          <dep type="dobj">
            <governor idx="2">bought</governor>
            <dependent idx="5">cards</dependent>
          </dep>
          <dep type="punct">
            <governor idx="2">bought</governor>
            <dependent idx="6">.</dependent>
          </dep>
        </dependencies>
        <dependencies type="collapsed-ccprocessed-dependencies">
          <dep type="root">
            <governor idx="0">ROOT</governor>
            <dependent idx="2">bought</dependent>
          </dep>
          <dep type="nsubj">
            <governor idx="2">bought</governor>
            <dependent idx="1">Sally</dependent>
          </dep>
          <dep type="nummod">
            <governor idx="5">cards</governor>
            <dependent idx="3">20</dependent>
          </dep>
          <dep type="compound">
            <governor idx="5">cards</governor>
            <dependent idx="4">Pokemon</dependent>
          </dep>
          <dep type="dobj">
            <governor idx="2">bought</governor>
            <dependent idx="5">cards</dependent>
          </dep>
          <dep type="punct">
            <governor idx="2">bought</governor>
            <dependent idx="6">.</dependent>
          </dep>
        </dependencies>
      </sentence>
      <sentence id="4">
        <tokens>
          <token id="1">
            <word>How</word>
            <lemma>how</lemma>
            <CharacterOffsetBegin>97</CharacterOffsetBegin>
            <CharacterOffsetEnd>100</CharacterOffsetEnd>
            <POS>WRB</POS>
            <NER>O</NER>
            <Speaker>PER0</Speaker>
          </token>
          <token id="2">
            <word>many</word>
            <lemma>many</lemma>
            <CharacterOffsetBegin>101</CharacterOffsetBegin>
            <CharacterOffsetEnd>105</CharacterOffsetEnd>
            <POS>JJ</POS>
            <NER>O</NER>
            <Speaker>PER0</Speaker>
          </token>
          <token id="3">
            <word>Pokemon</word>
            <lemma>pokemon</lemma>
            <CharacterOffsetBegin>106</CharacterOffsetBegin>
            <CharacterOffsetEnd>113</CharacterOffsetEnd>
            <POS>NNS</POS>
            <NER>O</NER>
            <Speaker>PER0</Speaker>
          </token>
          <token id="4">
            <word>cards</word>
            <lemma>card</lemma>
            <CharacterOffsetBegin>114</CharacterOffsetBegin>
            <CharacterOffsetEnd>119</CharacterOffsetEnd>
            <POS>NNS</POS>
            <NER>O</NER>
            <Speaker>PER0</Speaker>
          </token>
          <token id="5">
            <word>does</word>
            <lemma>do</lemma>
            <CharacterOffsetBegin>120</CharacterOffsetBegin>
            <CharacterOffsetEnd>124</CharacterOffsetEnd>
            <POS>VBZ</POS>
            <NER>O</NER>
            <Speaker>PER0</Speaker>
          </token>
          <token id="6">
            <word>Sally</word>
            <lemma>Sally</lemma>
            <CharacterOffsetBegin>125</CharacterOffsetBegin>
            <CharacterOffsetEnd>130</CharacterOffsetEnd>
            <POS>NNP</POS>
            <NER>PERSON</NER>
            <Speaker>PER0</Speaker>
          </token>
          <token id="7">
            <word>have</word>
            <lemma>have</lemma>
            <CharacterOffsetBegin>131</CharacterOffsetBegin>
            <CharacterOffsetEnd>135</CharacterOffsetEnd>
            <POS>VB</POS>
            <NER>O</NER>
            <Speaker>PER0</Speaker>
          </token>
          <token id="8">
            <word>now</word>
            <lemma>now</lemma>
            <CharacterOffsetBegin>136</CharacterOffsetBegin>
            <CharacterOffsetEnd>139</CharacterOffsetEnd>
            <POS>RB</POS>
            <NER>DATE</NER>
            <NormalizedNER>PRESENT_REF</NormalizedNER>
            <Speaker>PER0</Speaker>
            <Timex tid="t1" type="DATE">PRESENT_REF</Timex>
          </token>
          <token id="9">
            <word>?</word>
            <lemma>?</lemma>
            <CharacterOffsetBegin>140</CharacterOffsetBegin>
            <CharacterOffsetEnd>141</CharacterOffsetEnd>
            <POS>.</POS>
            <NER>O</NER>
            <Speaker>PER0</Speaker>
          </token>
        </tokens>
        <parse>(ROOT
          (SBARQ
          (WHNP
          (WHNP
          (WHADJP (WRB How) (JJ many))
          (NNS Pokemon))
          (NNS cards))
          (SQ (VBZ does)
          (NP (NNP Sally))
          (VP (VB have)
          (NP (RB now))))
          (. ?)))
          
          </parse>
        <dependencies type="basic-dependencies">
          <dep type="root">
            <governor idx="0">ROOT</governor>
            <dependent idx="7">have</dependent>
          </dep>
          <dep type="advmod">
            <governor idx="2">many</governor>
            <dependent idx="1">How</dependent>
          </dep>
          <dep type="amod">
            <governor idx="3">Pokemon</governor>
            <dependent idx="2">many</dependent>
          </dep>
          <dep type="dep">
            <governor idx="4">cards</governor>
            <dependent idx="3">Pokemon</dependent>
          </dep>
          <dep type="dep">
            <governor idx="7">have</governor>
            <dependent idx="4">cards</dependent>
          </dep>
          <dep type="aux">
            <governor idx="7">have</governor>
            <dependent idx="5">does</dependent>
          </dep>
          <dep type="nsubj">
            <governor idx="7">have</governor>
            <dependent idx="6">Sally</dependent>
          </dep>
          <dep type="dobj">
            <governor idx="7">have</governor>
            <dependent idx="8">now</dependent>
          </dep>
          <dep type="punct">
            <governor idx="7">have</governor>
            <dependent idx="9">?</dependent>
          </dep>
        </dependencies>
        <dependencies type="collapsed-dependencies">
          <dep type="root">
            <governor idx="0">ROOT</governor>
            <dependent idx="7">have</dependent>
          </dep>
          <dep type="advmod">
            <governor idx="2">many</governor>
            <dependent idx="1">How</dependent>
          </dep>
          <dep type="amod">
            <governor idx="3">Pokemon</governor>
            <dependent idx="2">many</dependent>
          </dep>
          <dep type="dep">
            <governor idx="4">cards</governor>
            <dependent idx="3">Pokemon</dependent>
          </dep>
          <dep type="dep">
            <governor idx="7">have</governor>
            <dependent idx="4">cards</dependent>
          </dep>
          <dep type="aux">
            <governor idx="7">have</governor>
            <dependent idx="5">does</dependent>
          </dep>
          <dep type="nsubj">
            <governor idx="7">have</governor>
            <dependent idx="6">Sally</dependent>
          </dep>
          <dep type="dobj">
            <governor idx="7">have</governor>
            <dependent idx="8">now</dependent>
          </dep>
          <dep type="punct">
            <governor idx="7">have</governor>
            <dependent idx="9">?</dependent>
          </dep>
        </dependencies>
        <dependencies type="collapsed-ccprocessed-dependencies">
          <dep type="root">
            <governor idx="0">ROOT</governor>
            <dependent idx="7">have</dependent>
          </dep>
          <dep type="advmod">
            <governor idx="2">many</governor>
            <dependent idx="1">How</dependent>
          </dep>
          <dep type="amod">
            <governor idx="3">Pokemon</governor>
            <dependent idx="2">many</dependent>
          </dep>
          <dep type="dep">
            <governor idx="4">cards</governor>
            <dependent idx="3">Pokemon</dependent>
          </dep>
          <dep type="dep">
            <governor idx="7">have</governor>
            <dependent idx="4">cards</dependent>
          </dep>
          <dep type="aux">
            <governor idx="7">have</governor>
            <dependent idx="5">does</dependent>
          </dep>
          <dep type="nsubj">
            <governor idx="7">have</governor>
            <dependent idx="6">Sally</dependent>
          </dep>
          <dep type="dobj">
            <governor idx="7">have</governor>
            <dependent idx="8">now</dependent>
          </dep>
          <dep type="punct">
            <governor idx="7">have</governor>
            <dependent idx="9">?</dependent>
          </dep>
        </dependencies>
      </sentence>
    </sentences>
    <coreference>
      <coreference>
        <mention representative="true">
          <sentence>1</sentence>
          <start>1</start>
          <end>2</end>
          <head>1</head>
          <text>Sally</text>
        </mention>
        <mention>
          <sentence>2</sentence>
          <start>3</start>
          <end>4</end>
          <head>3</head>
          <text>her</text>
        </mention>
        <mention>
          <sentence>3</sentence>
          <start>1</start>
          <end>2</end>
          <head>1</head>
          <text>Sally</text>
        </mention>
        <mention>
          <sentence>4</sentence>
          <start>6</start>
          <end>7</end>
          <head>6</head>
          <text>Sally</text>
        </mention>
      </coreference>
      <coreference>
        <mention representative="true">
          <sentence>1</sentence>
          <start>3</start>
          <end>6</end>
          <head>5</head>
          <text>27 Pokemon cards</text>
        </mention>
        <mention>
          <sentence>3</sentence>
          <start>3</start>
          <end>6</end>
          <head>5</head>
          <text>20 Pokemon cards</text>
        </mention>
      </coreference>
    </coreference>
  </document>
</root>
