<?xml version="1.0" encoding="UTF-8"?>
<?xml-stylesheet href="CoreNLP-to-HTML.xsl" type="text/xsl"?>
<root>
  <document>
    <sentences>
      <sentence id="1">
        <tokens>
          <token id="1">
            <word>Jason</word>
            <lemma>Jason</lemma>
            <CharacterOffsetBegin>0</CharacterOffsetBegin>
            <CharacterOffsetEnd>5</CharacterOffsetEnd>
            <POS>NNP</POS>
            <NER>PERSON</NER>
            <Speaker>PER0</Speaker>
          </token>
          <token id="2">
            <word>picked</word>
            <lemma>pick</lemma>
            <CharacterOffsetBegin>6</CharacterOffsetBegin>
            <CharacterOffsetEnd>12</CharacterOffsetEnd>
            <POS>VBD</POS>
            <NER>O</NER>
            <Speaker>PER0</Speaker>
          </token>
          <token id="3">
            <word>46</word>
            <lemma>46</lemma>
            <CharacterOffsetBegin>13</CharacterOffsetBegin>
            <CharacterOffsetEnd>15</CharacterOffsetEnd>
            <POS>CD</POS>
            <NER>NUMBER</NER>
            <NormalizedNER>46.0</NormalizedNER>
            <Speaker>PER0</Speaker>
          </token>
          <token id="4">
            <word>pears</word>
            <lemma>pear</lemma>
            <CharacterOffsetBegin>16</CharacterOffsetBegin>
            <CharacterOffsetEnd>21</CharacterOffsetEnd>
            <POS>NNS</POS>
            <NER>O</NER>
            <Speaker>PER0</Speaker>
          </token>
          <token id="5">
            <word>,</word>
            <lemma>,</lemma>
            <CharacterOffsetBegin>22</CharacterOffsetBegin>
            <CharacterOffsetEnd>23</CharacterOffsetEnd>
            <POS>,</POS>
            <NER>O</NER>
            <Speaker>PER0</Speaker>
          </token>
          <token id="6">
            <word>Keith</word>
            <lemma>Keith</lemma>
            <CharacterOffsetBegin>24</CharacterOffsetBegin>
            <CharacterOffsetEnd>29</CharacterOffsetEnd>
            <POS>NNP</POS>
            <NER>PERSON</NER>
            <Speaker>PER0</Speaker>
          </token>
          <token id="7">
            <word>picked</word>
            <lemma>pick</lemma>
            <CharacterOffsetBegin>30</CharacterOffsetBegin>
            <CharacterOffsetEnd>36</CharacterOffsetEnd>
            <POS>VBD</POS>
            <NER>O</NER>
            <Speaker>PER0</Speaker>
          </token>
          <token id="8">
            <word>47</word>
            <lemma>47</lemma>
            <CharacterOffsetBegin>37</CharacterOffsetBegin>
            <CharacterOffsetEnd>39</CharacterOffsetEnd>
            <POS>CD</POS>
            <NER>NUMBER</NER>
            <NormalizedNER>47.0</NormalizedNER>
            <Speaker>PER0</Speaker>
          </token>
          <token id="9">
            <word>pears</word>
            <lemma>pear</lemma>
            <CharacterOffsetBegin>40</CharacterOffsetBegin>
            <CharacterOffsetEnd>45</CharacterOffsetEnd>
            <POS>NNS</POS>
            <NER>O</NER>
            <Speaker>PER0</Speaker>
          </token>
          <token id="10">
            <word>,</word>
            <lemma>,</lemma>
            <CharacterOffsetBegin>46</CharacterOffsetBegin>
            <CharacterOffsetEnd>47</CharacterOffsetEnd>
            <POS>,</POS>
            <NER>O</NER>
            <Speaker>PER0</Speaker>
          </token>
          <token id="11">
            <word>and</word>
            <lemma>and</lemma>
            <CharacterOffsetBegin>48</CharacterOffsetBegin>
            <CharacterOffsetEnd>51</CharacterOffsetEnd>
            <POS>CC</POS>
            <NER>O</NER>
            <Speaker>PER0</Speaker>
          </token>
          <token id="12">
            <word>Mike</word>
            <lemma>Mike</lemma>
            <CharacterOffsetBegin>52</CharacterOffsetBegin>
            <CharacterOffsetEnd>56</CharacterOffsetEnd>
            <POS>NNP</POS>
            <NER>PERSON</NER>
            <Speaker>PER0</Speaker>
          </token>
          <token id="13">
            <word>picked</word>
            <lemma>pick</lemma>
            <CharacterOffsetBegin>57</CharacterOffsetBegin>
            <CharacterOffsetEnd>63</CharacterOffsetEnd>
            <POS>VBD</POS>
            <NER>O</NER>
            <Speaker>PER0</Speaker>
          </token>
          <token id="14">
            <word>12</word>
            <lemma>12</lemma>
            <CharacterOffsetBegin>64</CharacterOffsetBegin>
            <CharacterOffsetEnd>66</CharacterOffsetEnd>
            <POS>CD</POS>
            <NER>NUMBER</NER>
            <NormalizedNER>12.0</NormalizedNER>
            <Speaker>PER0</Speaker>
          </token>
          <token id="15">
            <word>pears</word>
            <lemma>pear</lemma>
            <CharacterOffsetBegin>67</CharacterOffsetBegin>
            <CharacterOffsetEnd>72</CharacterOffsetEnd>
            <POS>NNS</POS>
            <NER>O</NER>
            <Speaker>PER0</Speaker>
          </token>
          <token id="16">
            <word>from</word>
            <lemma>from</lemma>
            <CharacterOffsetBegin>73</CharacterOffsetBegin>
            <CharacterOffsetEnd>77</CharacterOffsetEnd>
            <POS>IN</POS>
            <NER>O</NER>
            <Speaker>PER0</Speaker>
          </token>
          <token id="17">
            <word>the</word>
            <lemma>the</lemma>
            <CharacterOffsetBegin>78</CharacterOffsetBegin>
            <CharacterOffsetEnd>81</CharacterOffsetEnd>
            <POS>DT</POS>
            <NER>O</NER>
            <Speaker>PER0</Speaker>
          </token>
          <token id="18">
            <word>pear</word>
            <lemma>pear</lemma>
            <CharacterOffsetBegin>82</CharacterOffsetBegin>
            <CharacterOffsetEnd>86</CharacterOffsetEnd>
            <POS>NN</POS>
            <NER>O</NER>
            <Speaker>PER0</Speaker>
          </token>
          <token id="19">
            <word>tree</word>
            <lemma>tree</lemma>
            <CharacterOffsetBegin>87</CharacterOffsetBegin>
            <CharacterOffsetEnd>91</CharacterOffsetEnd>
            <POS>NN</POS>
            <NER>O</NER>
            <Speaker>PER0</Speaker>
          </token>
          <token id="20">
            <word>.</word>
            <lemma>.</lemma>
            <CharacterOffsetBegin>92</CharacterOffsetBegin>
            <CharacterOffsetEnd>93</CharacterOffsetEnd>
            <POS>.</POS>
            <NER>O</NER>
            <Speaker>PER0</Speaker>
          </token>
        </tokens>
        <parse>(ROOT
          (S
          (S
          (NP (NNP Jason))
          (VP (VBD picked)
          (NP (CD 46) (NNS pears))))
          (PRN (, ,)
          (S
          (NP (NNP Keith))
          (VP (VBD picked)
          (NP (CD 47) (NNS pears))))
          (, ,))
          (CC and)
          (S
          (NP (NNP Mike))
          (VP (VBD picked)
          (NP (CD 12) (NNS pears))
          (PP (IN from)
          (NP (DT the) (NN pear) (NN tree)))))
          (. .)))
          
          </parse>
        <dependencies type="basic-dependencies">
          <dep type="root">
            <governor idx="0">ROOT</governor>
            <dependent idx="2">picked</dependent>
          </dep>
          <dep type="nsubj">
            <governor idx="2">picked</governor>
            <dependent idx="1">Jason</dependent>
          </dep>
          <dep type="nummod">
            <governor idx="4">pears</governor>
            <dependent idx="3">46</dependent>
          </dep>
          <dep type="dobj">
            <governor idx="2">picked</governor>
            <dependent idx="4">pears</dependent>
          </dep>
          <dep type="punct">
            <governor idx="7">picked</governor>
            <dependent idx="5">,</dependent>
          </dep>
          <dep type="nsubj">
            <governor idx="7">picked</governor>
            <dependent idx="6">Keith</dependent>
          </dep>
          <dep type="dep">
            <governor idx="2">picked</governor>
            <dependent idx="7">picked</dependent>
          </dep>
          <dep type="nummod">
            <governor idx="9">pears</governor>
            <dependent idx="8">47</dependent>
          </dep>
          <dep type="dobj">
            <governor idx="7">picked</governor>
            <dependent idx="9">pears</dependent>
          </dep>
          <dep type="punct">
            <governor idx="7">picked</governor>
            <dependent idx="10">,</dependent>
          </dep>
          <dep type="cc">
            <governor idx="2">picked</governor>
            <dependent idx="11">and</dependent>
          </dep>
          <dep type="nsubj">
            <governor idx="13">picked</governor>
            <dependent idx="12">Mike</dependent>
          </dep>
          <dep type="conj">
            <governor idx="2">picked</governor>
            <dependent idx="13">picked</dependent>
          </dep>
          <dep type="nummod">
            <governor idx="15">pears</governor>
            <dependent idx="14">12</dependent>
          </dep>
          <dep type="dobj">
            <governor idx="13">picked</governor>
            <dependent idx="15">pears</dependent>
          </dep>
          <dep type="case">
            <governor idx="19">tree</governor>
            <dependent idx="16">from</dependent>
          </dep>
          <dep type="det">
            <governor idx="19">tree</governor>
            <dependent idx="17">the</dependent>
          </dep>
          <dep type="compound">
            <governor idx="19">tree</governor>
            <dependent idx="18">pear</dependent>
          </dep>
          <dep type="nmod">
            <governor idx="13">picked</governor>
            <dependent idx="19">tree</dependent>
          </dep>
          <dep type="punct">
            <governor idx="2">picked</governor>
            <dependent idx="20">.</dependent>
          </dep>
        </dependencies>
        <dependencies type="collapsed-dependencies">
          <dep type="root">
            <governor idx="0">ROOT</governor>
            <dependent idx="2">picked</dependent>
          </dep>
          <dep type="nsubj">
            <governor idx="2">picked</governor>
            <dependent idx="1">Jason</dependent>
          </dep>
          <dep type="nummod">
            <governor idx="4">pears</governor>
            <dependent idx="3">46</dependent>
          </dep>
          <dep type="dobj">
            <governor idx="2">picked</governor>
            <dependent idx="4">pears</dependent>
          </dep>
          <dep type="punct">
            <governor idx="7">picked</governor>
            <dependent idx="5">,</dependent>
          </dep>
          <dep type="nsubj">
            <governor idx="7">picked</governor>
            <dependent idx="6">Keith</dependent>
          </dep>
          <dep type="dep">
            <governor idx="2">picked</governor>
            <dependent idx="7">picked</dependent>
          </dep>
          <dep type="nummod">
            <governor idx="9">pears</governor>
            <dependent idx="8">47</dependent>
          </dep>
          <dep type="dobj">
            <governor idx="7">picked</governor>
            <dependent idx="9">pears</dependent>
          </dep>
          <dep type="punct">
            <governor idx="7">picked</governor>
            <dependent idx="10">,</dependent>
          </dep>
          <dep type="cc">
            <governor idx="2">picked</governor>
            <dependent idx="11">and</dependent>
          </dep>
          <dep type="nsubj">
            <governor idx="13">picked</governor>
            <dependent idx="12">Mike</dependent>
          </dep>
          <dep type="conj:and">
            <governor idx="2">picked</governor>
            <dependent idx="13">picked</dependent>
          </dep>
          <dep type="nummod">
            <governor idx="15">pears</governor>
            <dependent idx="14">12</dependent>
          </dep>
          <dep type="dobj">
            <governor idx="13">picked</governor>
            <dependent idx="15">pears</dependent>
          </dep>
          <dep type="case">
            <governor idx="19">tree</governor>
            <dependent idx="16">from</dependent>
          </dep>
          <dep type="det">
            <governor idx="19">tree</governor>
            <dependent idx="17">the</dependent>
          </dep>
          <dep type="compound">
            <governor idx="19">tree</governor>
            <dependent idx="18">pear</dependent>
          </dep>
          <dep type="nmod:from">
            <governor idx="13">picked</governor>
            <dependent idx="19">tree</dependent>
          </dep>
          <dep type="punct">
            <governor idx="2">picked</governor>
            <dependent idx="20">.</dependent>
          </dep>
        </dependencies>
        <dependencies type="collapsed-ccprocessed-dependencies">
          <dep type="root">
            <governor idx="0">ROOT</governor>
            <dependent idx="2">picked</dependent>
          </dep>
          <dep type="nsubj">
            <governor idx="2">picked</governor>
            <dependent idx="1">Jason</dependent>
          </dep>
          <dep type="nummod">
            <governor idx="4">pears</governor>
            <dependent idx="3">46</dependent>
          </dep>
          <dep type="dobj">
            <governor idx="2">picked</governor>
            <dependent idx="4">pears</dependent>
          </dep>
          <dep type="punct">
            <governor idx="7">picked</governor>
            <dependent idx="5">,</dependent>
          </dep>
          <dep type="nsubj">
            <governor idx="7">picked</governor>
            <dependent idx="6">Keith</dependent>
          </dep>
          <dep type="dep">
            <governor idx="2">picked</governor>
            <dependent idx="7">picked</dependent>
          </dep>
          <dep type="nummod">
            <governor idx="9">pears</governor>
            <dependent idx="8">47</dependent>
          </dep>
          <dep type="dobj">
            <governor idx="7">picked</governor>
            <dependent idx="9">pears</dependent>
          </dep>
          <dep type="punct">
            <governor idx="7">picked</governor>
            <dependent idx="10">,</dependent>
          </dep>
          <dep type="cc">
            <governor idx="2">picked</governor>
            <dependent idx="11">and</dependent>
          </dep>
          <dep type="nsubj">
            <governor idx="13">picked</governor>
            <dependent idx="12">Mike</dependent>
          </dep>
          <dep type="conj:and">
            <governor idx="2">picked</governor>
            <dependent idx="13">picked</dependent>
          </dep>
          <dep type="nummod">
            <governor idx="15">pears</governor>
            <dependent idx="14">12</dependent>
          </dep>
          <dep type="dobj">
            <governor idx="13">picked</governor>
            <dependent idx="15">pears</dependent>
          </dep>
          <dep type="case">
            <governor idx="19">tree</governor>
            <dependent idx="16">from</dependent>
          </dep>
          <dep type="det">
            <governor idx="19">tree</governor>
            <dependent idx="17">the</dependent>
          </dep>
          <dep type="compound">
            <governor idx="19">tree</governor>
            <dependent idx="18">pear</dependent>
          </dep>
          <dep type="nmod:from">
            <governor idx="13">picked</governor>
            <dependent idx="19">tree</dependent>
          </dep>
          <dep type="punct">
            <governor idx="2">picked</governor>
            <dependent idx="20">.</dependent>
          </dep>
        </dependencies>
      </sentence>
      <sentence id="2">
        <tokens>
          <token id="1">
            <word>How</word>
            <lemma>how</lemma>
            <CharacterOffsetBegin>94</CharacterOffsetBegin>
            <CharacterOffsetEnd>97</CharacterOffsetEnd>
            <POS>WRB</POS>
            <NER>O</NER>
            <Speaker>PER0</Speaker>
          </token>
          <token id="2">
            <word>many</word>
            <lemma>many</lemma>
            <CharacterOffsetBegin>98</CharacterOffsetBegin>
            <CharacterOffsetEnd>102</CharacterOffsetEnd>
            <POS>JJ</POS>
            <NER>O</NER>
            <Speaker>PER0</Speaker>
          </token>
          <token id="3">
            <word>pears</word>
            <lemma>pear</lemma>
            <CharacterOffsetBegin>103</CharacterOffsetBegin>
            <CharacterOffsetEnd>108</CharacterOffsetEnd>
            <POS>NNS</POS>
            <NER>O</NER>
            <Speaker>PER0</Speaker>
          </token>
          <token id="4">
            <word>were</word>
            <lemma>be</lemma>
            <CharacterOffsetBegin>109</CharacterOffsetBegin>
            <CharacterOffsetEnd>113</CharacterOffsetEnd>
            <POS>VBD</POS>
            <NER>O</NER>
            <Speaker>PER0</Speaker>
          </token>
          <token id="5">
            <word>picked</word>
            <lemma>pick</lemma>
            <CharacterOffsetBegin>114</CharacterOffsetBegin>
            <CharacterOffsetEnd>120</CharacterOffsetEnd>
            <POS>VBN</POS>
            <NER>O</NER>
            <Speaker>PER0</Speaker>
          </token>
          <token id="6">
            <word>in</word>
            <lemma>in</lemma>
            <CharacterOffsetBegin>121</CharacterOffsetBegin>
            <CharacterOffsetEnd>123</CharacterOffsetEnd>
            <POS>IN</POS>
            <NER>O</NER>
            <Speaker>PER0</Speaker>
          </token>
          <token id="7">
            <word>total</word>
            <lemma>total</lemma>
            <CharacterOffsetBegin>124</CharacterOffsetBegin>
            <CharacterOffsetEnd>129</CharacterOffsetEnd>
            <POS>NN</POS>
            <NER>O</NER>
            <Speaker>PER0</Speaker>
          </token>
          <token id="8">
            <word>?</word>
            <lemma>?</lemma>
            <CharacterOffsetBegin>130</CharacterOffsetBegin>
            <CharacterOffsetEnd>131</CharacterOffsetEnd>
            <POS>.</POS>
            <NER>O</NER>
            <Speaker>PER0</Speaker>
          </token>
        </tokens>
        <parse>(ROOT
          (SBARQ
          (WHNP
          (WHADJP (WRB How) (JJ many))
          (NNS pears))
          (SQ (VBD were)
          (VP (VBN picked)
          (PP (IN in)
          (NP (NN total)))))
          (. ?)))
          
          </parse>
        <dependencies type="basic-dependencies">
          <dep type="root">
            <governor idx="0">ROOT</governor>
            <dependent idx="5">picked</dependent>
          </dep>
          <dep type="advmod">
            <governor idx="2">many</governor>
            <dependent idx="1">How</dependent>
          </dep>
          <dep type="amod">
            <governor idx="3">pears</governor>
            <dependent idx="2">many</dependent>
          </dep>
          <dep type="nsubjpass">
            <governor idx="5">picked</governor>
            <dependent idx="3">pears</dependent>
          </dep>
          <dep type="auxpass">
            <governor idx="5">picked</governor>
            <dependent idx="4">were</dependent>
          </dep>
          <dep type="case">
            <governor idx="7">total</governor>
            <dependent idx="6">in</dependent>
          </dep>
          <dep type="nmod">
            <governor idx="5">picked</governor>
            <dependent idx="7">total</dependent>
          </dep>
          <dep type="punct">
            <governor idx="5">picked</governor>
            <dependent idx="8">?</dependent>
          </dep>
        </dependencies>
        <dependencies type="collapsed-dependencies">
          <dep type="root">
            <governor idx="0">ROOT</governor>
            <dependent idx="5">picked</dependent>
          </dep>
          <dep type="advmod">
            <governor idx="2">many</governor>
            <dependent idx="1">How</dependent>
          </dep>
          <dep type="amod">
            <governor idx="3">pears</governor>
            <dependent idx="2">many</dependent>
          </dep>
          <dep type="nsubjpass">
            <governor idx="5">picked</governor>
            <dependent idx="3">pears</dependent>
          </dep>
          <dep type="auxpass">
            <governor idx="5">picked</governor>
            <dependent idx="4">were</dependent>
          </dep>
          <dep type="case">
            <governor idx="7">total</governor>
            <dependent idx="6">in</dependent>
          </dep>
          <dep type="nmod:in">
            <governor idx="5">picked</governor>
            <dependent idx="7">total</dependent>
          </dep>
          <dep type="punct">
            <governor idx="5">picked</governor>
            <dependent idx="8">?</dependent>
          </dep>
        </dependencies>
        <dependencies type="collapsed-ccprocessed-dependencies">
          <dep type="root">
            <governor idx="0">ROOT</governor>
            <dependent idx="5">picked</dependent>
          </dep>
          <dep type="advmod">
            <governor idx="2">many</governor>
            <dependent idx="1">How</dependent>
          </dep>
          <dep type="amod">
            <governor idx="3">pears</governor>
            <dependent idx="2">many</dependent>
          </dep>
          <dep type="nsubjpass">
            <governor idx="5">picked</governor>
            <dependent idx="3">pears</dependent>
          </dep>
          <dep type="auxpass">
            <governor idx="5">picked</governor>
            <dependent idx="4">were</dependent>
          </dep>
          <dep type="case">
            <governor idx="7">total</governor>
            <dependent idx="6">in</dependent>
          </dep>
          <dep type="nmod:in">
            <governor idx="5">picked</governor>
            <dependent idx="7">total</dependent>
          </dep>
          <dep type="punct">
            <governor idx="5">picked</governor>
            <dependent idx="8">?</dependent>
          </dep>
        </dependencies>
      </sentence>
    </sentences>
  </document>
</root>
