
====================	start of case : uwds-0001	====================
python3 __init__.py -i ./demo_cases/task.UWDS.20160407/data.ENG.UW.DS1.new/uwds-0001.trace.xml -l ./demo_cases/task.UWDS.20160407/data.ENG.UW.DS1.new/uwds-0001.lft.xml -s ./demo_cases/task.UWDS.20160407/data.ENG.UW.DS1.new/uwds-0001.stc.xml
ID ::  IIS-MR-MATH-GRADEXX-XXXXXX
<Unit ID="IIS-MR-MATH-GRADEXX-XXXXXX">

0__ROOT
	 1__43 seashells
		 2__OP_Subtraction
			 3__70 seashells
			 4__27 seashells
Explanation : 
 Ans: 
She  gave	70 seashells - 27 seashells = 43 seashells.
^^^^^^^^^^^^^^^^^^^^	end of case : uwds-0001	^^^^^^^^^^^^^^^^^^^^




====================	start of case : uwds-0002	====================
python3 __init__.py -i ./demo_cases/task.UWDS.20160407/data.ENG.UW.DS1.new/uwds-0002.trace.xml -l ./demo_cases/task.UWDS.20160407/data.ENG.UW.DS1.new/uwds-0002.lft.xml -s ./demo_cases/task.UWDS.20160407/data.ENG.UW.DS1.new/uwds-0002.stc.xml
ID ::  IIS-MR-MATH-GRADEXX-XXXXXX
<Unit ID="IIS-MR-MATH-GRADEXX-XXXXXX">

0__ROOT
	 1__26 bales
		 2__OP_Subtraction
			 3__54 bales
			 4__28 bales
Explanation : 
 Ans: 
He  stored	54 bales - 28 bales = 26 bales.
^^^^^^^^^^^^^^^^^^^^	end of case : uwds-0002	^^^^^^^^^^^^^^^^^^^^




====================	start of case : uwds-0003	====================
python3 __init__.py -i ./demo_cases/task.UWDS.20160407/data.ENG.UW.DS1.new/uwds-0003.trace.xml -l ./demo_cases/task.UWDS.20160407/data.ENG.UW.DS1.new/uwds-0003.lft.xml -s ./demo_cases/task.UWDS.20160407/data.ENG.UW.DS1.new/uwds-0003.stc.xml
ID ::  IIS-MR-MATH-GRADEXX-XXXXXX
<Unit ID="IIS-MR-MATH-GRADEXX-XXXXXX">

0__ROOT
	 1__6 cupflours
		 2__OP_Subtraction
			 3__8 cupflours
			 4__2 cupflours
Explanation : 
 Ans: 
She  needs	8 cupflours - 2 cupflours = 6 cupflours.
^^^^^^^^^^^^^^^^^^^^	end of case : uwds-0003	^^^^^^^^^^^^^^^^^^^^




====================	start of case : uwds-0004	====================
python3 __init__.py -i ./demo_cases/task.UWDS.20160407/data.ENG.UW.DS1.new/uwds-0004.trace.xml -l ./demo_cases/task.UWDS.20160407/data.ENG.UW.DS1.new/uwds-0004.lft.xml -s ./demo_cases/task.UWDS.20160407/data.ENG.UW.DS1.new/uwds-0004.stc.xml
ID ::  IIS-MR-MATH-GRADEXX-XXXXXX
<Unit ID="IIS-MR-MATH-GRADEXX-XXXXXX">

0__ROOT
	 1__8 games
		 2__OP_Subtraction
			 3__12 games
			 4__4 games
Explanation : 
 Ans: 
They  won	12 games - 4 games = 8 games.
^^^^^^^^^^^^^^^^^^^^	end of case : uwds-0004	^^^^^^^^^^^^^^^^^^^^




====================	start of case : uwds-0005	====================
python3 __init__.py -i ./demo_cases/task.UWDS.20160407/data.ENG.UW.DS1.new/uwds-0005.trace.xml -l ./demo_cases/task.UWDS.20160407/data.ENG.UW.DS1.new/uwds-0005.lft.xml -s ./demo_cases/task.UWDS.20160407/data.ENG.UW.DS1.new/uwds-0005.stc.xml
ID ::  IIS-MR-MATH-GRADEXX-XXXXXX
<Unit ID="IIS-MR-MATH-GRADEXX-XXXXXX">

0__ROOT
	 1__33 trees
		 2__OP_Subtraction
			 3__55 trees
			 4__22 trees
Explanation : 
 Ans: 
Walnut tree  did	55 trees - 22 trees = 33 trees.
^^^^^^^^^^^^^^^^^^^^	end of case : uwds-0005	^^^^^^^^^^^^^^^^^^^^




====================	start of case : uwds-0006	====================
python3 __init__.py -i ./demo_cases/task.UWDS.20160407/data.ENG.UW.DS1.new/uwds-0006.trace.xml -l ./demo_cases/task.UWDS.20160407/data.ENG.UW.DS1.new/uwds-0006.lft.xml -s ./demo_cases/task.UWDS.20160407/data.ENG.UW.DS1.new/uwds-0006.stc.xml
ID ::  IIS-MR-MATH-GRADEXX-XXXXXX
<Unit ID="IIS-MR-MATH-GRADEXX-XXXXXX">

0__ROOT
	 1__52 peaches
		 2__OP_Subtraction
			 3__86 peaches
			 4__34 peaches
Explanation : 
 Ans: 
He  picked	86 peaches - 34 peaches = 52 peaches.
^^^^^^^^^^^^^^^^^^^^	end of case : uwds-0006	^^^^^^^^^^^^^^^^^^^^




====================	start of case : uwds-0007	====================
python3 __init__.py -i ./demo_cases/task.UWDS.20160407/data.ENG.UW.DS1.new/uwds-0007.trace.xml -l ./demo_cases/task.UWDS.20160407/data.ENG.UW.DS1.new/uwds-0007.lft.xml -s ./demo_cases/task.UWDS.20160407/data.ENG.UW.DS1.new/uwds-0007.stc.xml
ID ::  IIS-MR-MATH-GRADEXX-XXXXXX
<Unit ID="IIS-MR-MATH-GRADEXX-XXXXXX">

0__ROOT
	 1__10 roses
		 2__OP_Subtraction
			 3__16 roses
			 4__6 roses
Explanation : 
 Ans: 
She  cut	16 roses - 6 roses = 10 roses.
^^^^^^^^^^^^^^^^^^^^	end of case : uwds-0007	^^^^^^^^^^^^^^^^^^^^




====================	start of case : uwds-0008	====================
python3 __init__.py -i ./demo_cases/task.UWDS.20160407/data.ENG.UW.DS1.new/uwds-0008.trace.xml -l ./demo_cases/task.UWDS.20160407/data.ENG.UW.DS1.new/uwds-0008.lft.xml -s ./demo_cases/task.UWDS.20160407/data.ENG.UW.DS1.new/uwds-0008.stc.xml
ID ::  IIS-MR-MATH-GRADEXX-XXXXXX
<Unit ID="IIS-MR-MATH-GRADEXX-XXXXXX">

0__ROOT
	 1__13 games
		 2__OP_Addition
			 3__4 games
			 4__9 games
Explanation : 
 Ans: 
Joan  went	4 games + 9 games = 13 games.
^^^^^^^^^^^^^^^^^^^^	end of case : uwds-0008	^^^^^^^^^^^^^^^^^^^^




====================	start of case : uwds-0009	====================
python3 __init__.py -i ./demo_cases/task.UWDS.20160407/data.ENG.UW.DS1.new/uwds-0009.trace.xml -l ./demo_cases/task.UWDS.20160407/data.ENG.UW.DS1.new/uwds-0009.lft.xml -s ./demo_cases/task.UWDS.20160407/data.ENG.UW.DS1.new/uwds-0009.stc.xml
ID ::  IIS-MR-MATH-GRADEXX-XXXXXX
<Unit ID="IIS-MR-MATH-GRADEXX-XXXXXX">

0__ROOT
	 1__17 balloons
		 2__OP_Addition
			 3__9 balloons
			 4__8 balloons
Explanation : 
 Ans: 
They  have	9 balloons + 8 balloons = 17 balloons.
^^^^^^^^^^^^^^^^^^^^	end of case : uwds-0009	^^^^^^^^^^^^^^^^^^^^




====================	start of case : uwds-0010	====================
python3 __init__.py -i ./demo_cases/task.UWDS.20160407/data.ENG.UW.DS1.new/uwds-0010.trace.xml -l ./demo_cases/task.UWDS.20160407/data.ENG.UW.DS1.new/uwds-0010.lft.xml -s ./demo_cases/task.UWDS.20160407/data.ENG.UW.DS1.new/uwds-0010.stc.xml
ID ::  IIS-MR-MATH-GRADEXX-XXXXXX
<Unit ID="IIS-MR-MATH-GRADEXX-XXXXXX">

0__ROOT
	 1__10 trees
		 2__OP_Addition
			 3__4 trees
			 4__6 trees
Explanation : 
 Ans: 
The park  will have	4 trees + 6 trees = 10 trees.
^^^^^^^^^^^^^^^^^^^^	end of case : uwds-0010	^^^^^^^^^^^^^^^^^^^^




====================	start of case : uwds-0011	====================
python3 __init__.py -i ./demo_cases/task.UWDS.20160407/data.ENG.UW.DS1.new/uwds-0011.trace.xml -l ./demo_cases/task.UWDS.20160407/data.ENG.UW.DS1.new/uwds-0011.lft.xml -s ./demo_cases/task.UWDS.20160407/data.ENG.UW.DS1.new/uwds-0011.stc.xml
ID ::  IIS-MR-MATH-GRADEXX-XXXXXX
<Unit ID="IIS-MR-MATH-GRADEXX-XXXXXX">

0__ROOT
	 1__16 dimes
		 2__OP_Addition
			 3__9 dimes
			 4__7 dimes
Explanation : 
 Ans: 
Sam  has	9 dimes + 7 dimes = 16 dimes.
^^^^^^^^^^^^^^^^^^^^	end of case : uwds-0011	^^^^^^^^^^^^^^^^^^^^




====================	start of case : uwds-0012	====================
python3 __init__.py -i ./demo_cases/task.UWDS.20160407/data.ENG.UW.DS1.new/uwds-0012.trace.xml -l ./demo_cases/task.UWDS.20160407/data.ENG.UW.DS1.new/uwds-0012.lft.xml -s ./demo_cases/task.UWDS.20160407/data.ENG.UW.DS1.new/uwds-0012.stc.xml
ID ::  IIS-MR-MATH-GRADEXX-XXXXXX
<Unit ID="IIS-MR-MATH-GRADEXX-XXXXXX">

0__ROOT
	 1__12 puppies
		 2__OP_Addition
			 3__7 puppies
			 4__5 puppies
Explanation : 
 Ans: 
She  had	7 puppies + 5 puppies = 12 puppies.
^^^^^^^^^^^^^^^^^^^^	end of case : uwds-0012	^^^^^^^^^^^^^^^^^^^^




====================	start of case : uwds-0013	====================
python3 __init__.py -i ./demo_cases/task.UWDS.20160407/data.ENG.UW.DS1.new/uwds-0013.trace.xml -l ./demo_cases/task.UWDS.20160407/data.ENG.UW.DS1.new/uwds-0013.lft.xml -s ./demo_cases/task.UWDS.20160407/data.ENG.UW.DS1.new/uwds-0013.stc.xml
ID ::  IIS-MR-MATH-GRADEXX-XXXXXX
<Unit ID="IIS-MR-MATH-GRADEXX-XXXXXX">

0__ROOT
	 1__15 pizzas
		 2__OP_Addition
			 3__9 pizzas
			 4__6 pizzas
Explanation : 
 Ans: 
	9 pizzas + 6 pizzas = 15 pizzas were served.
^^^^^^^^^^^^^^^^^^^^	end of case : uwds-0013	^^^^^^^^^^^^^^^^^^^^




====================	start of case : uwds-0014	====================
python3 __init__.py -i ./demo_cases/task.UWDS.20160407/data.ENG.UW.DS1.new/uwds-0014.trace.xml -l ./demo_cases/task.UWDS.20160407/data.ENG.UW.DS1.new/uwds-0014.lft.xml -s ./demo_cases/task.UWDS.20160407/data.ENG.UW.DS1.new/uwds-0014.stc.xml
ID ::  IIS-MR-MATH-GRADEXX-XXXXXX
<Unit ID="IIS-MR-MATH-GRADEXX-XXXXXX">

0__ROOT
	 1__5 pencils
		 2__OP_Addition
			 3__2 pencils
			 4__3 pencils
Explanation : 
 Ans: 
There are 	2 pencils + 3 pencils = 5 pencils.
^^^^^^^^^^^^^^^^^^^^	end of case : uwds-0014	^^^^^^^^^^^^^^^^^^^^




====================	start of case : uwds-0015	====================
python3 __init__.py -i ./demo_cases/task.UWDS.20160407/data.ENG.UW.DS1.new/uwds-0015.trace.xml -l ./demo_cases/task.UWDS.20160407/data.ENG.UW.DS1.new/uwds-0015.lft.xml -s ./demo_cases/task.UWDS.20160407/data.ENG.UW.DS1.new/uwds-0015.stc.xml
ID ::  IIS-MR-MATH-GRADEXX-XXXXXX
<Unit ID="IIS-MR-MATH-GRADEXX-XXXXXX">

0__ROOT
	 1__14 seashells
		 2__OP_Addition
			 3__6 seashells
			 4__8 seashells
Explanation : 
 Ans: 
They  found	6 seashells + 8 seashells = 14 seashells.
^^^^^^^^^^^^^^^^^^^^	end of case : uwds-0015	^^^^^^^^^^^^^^^^^^^^




====================	start of case : uwds-0016	====================
python3 __init__.py -i ./demo_cases/task.UWDS.20160407/data.ENG.UW.DS1.new/uwds-0016.trace.xml -l ./demo_cases/task.UWDS.20160407/data.ENG.UW.DS1.new/uwds-0016.lft.xml -s ./demo_cases/task.UWDS.20160407/data.ENG.UW.DS1.new/uwds-0016.stc.xml
ID ::  IIS-MR-MATH-GRADEXX-XXXXXX
<Unit ID="IIS-MR-MATH-GRADEXX-XXXXXX">

0__ROOT
	 1__9 carrots
		 2__OP_Addition
			 3__6 carrots
			 4__3 carrots
Explanation : 
 Ans: 
They  growed	6 carrots + 3 carrots = 9 carrots.
^^^^^^^^^^^^^^^^^^^^	end of case : uwds-0016	^^^^^^^^^^^^^^^^^^^^




====================	start of case : uwds-0017	====================
python3 __init__.py -i ./demo_cases/task.UWDS.20160407/data.ENG.UW.DS1.new/uwds-0017.trace.xml -l ./demo_cases/task.UWDS.20160407/data.ENG.UW.DS1.new/uwds-0017.lft.xml -s ./demo_cases/task.UWDS.20160407/data.ENG.UW.DS1.new/uwds-0017.stc.xml
ID ::  IIS-MR-MATH-GRADEXX-XXXXXX
<Unit ID="IIS-MR-MATH-GRADEXX-XXXXXX">

0__ROOT
	 1__11 apples
		 2__OP_Addition
			 3__2 apples
			 4__9 apples
Explanation : 
 Ans: 
	2 apples + 9 apples = 11 apples were picked.
^^^^^^^^^^^^^^^^^^^^	end of case : uwds-0017	^^^^^^^^^^^^^^^^^^^^




====================	start of case : uwds-0018	====================
python3 __init__.py -i ./demo_cases/task.UWDS.20160407/data.ENG.UW.DS1.new/uwds-0018.trace.xml -l ./demo_cases/task.UWDS.20160407/data.ENG.UW.DS1.new/uwds-0018.lft.xml -s ./demo_cases/task.UWDS.20160407/data.ENG.UW.DS1.new/uwds-0018.stc.xml
ID ::  IIS-MR-MATH-GRADEXX-XXXXXX
<Unit ID="IIS-MR-MATH-GRADEXX-XXXXXX">

0__ROOT
	 1__21 seashells
		 2__OP_Sum
			 3__9 seashells
			 4__7 seashells
			 5__5 seashells
Explanation : 
 Ans: 
Totally They  found	9 seashells + 7 seashells + 5 seashells = 21 seashells.
^^^^^^^^^^^^^^^^^^^^	end of case : uwds-0018	^^^^^^^^^^^^^^^^^^^^




====================	start of case : uwds-0019	====================
python3 __init__.py -i ./demo_cases/task.UWDS.20160407/data.ENG.UW.DS1.new/uwds-0019.trace.xml -l ./demo_cases/task.UWDS.20160407/data.ENG.UW.DS1.new/uwds-0019.lft.xml -s ./demo_cases/task.UWDS.20160407/data.ENG.UW.DS1.new/uwds-0019.stc.xml
ID ::  IIS-MR-MATH-GRADEXX-XXXXXX
<Unit ID="IIS-MR-MATH-GRADEXX-XXXXXX">

0__ROOT
	 1__18 kittens
Explanation : 
 Ans: .
^^^^^^^^^^^^^^^^^^^^	end of case : uwds-0019	^^^^^^^^^^^^^^^^^^^^




====================	start of case : uwds-0020	====================
python3 __init__.py -i ./demo_cases/task.UWDS.20160407/data.ENG.UW.DS1.new/uwds-0020.trace.xml -l ./demo_cases/task.UWDS.20160407/data.ENG.UW.DS1.new/uwds-0020.lft.xml -s ./demo_cases/task.UWDS.20160407/data.ENG.UW.DS1.new/uwds-0020.stc.xml
ID ::  IIS-MR-MATH-GRADEXX-XXXXXX
<Unit ID="IIS-MR-MATH-GRADEXX-XXXXXX">

0__ROOT
	 1__16 balloons
		 2__OP_Sum
			 3__9 balloons
			 4__5 balloons
			 5__2 balloons
Explanation : 
 Ans: 
Totally They  have	9 balloons + 5 balloons + 2 balloons = 16 balloons.
^^^^^^^^^^^^^^^^^^^^	end of case : uwds-0020	^^^^^^^^^^^^^^^^^^^^




====================	start of case : uwds-0021	====================
python3 __init__.py -i ./demo_cases/task.UWDS.20160407/data.ENG.UW.DS1.new/uwds-0021.trace.xml -l ./demo_cases/task.UWDS.20160407/data.ENG.UW.DS1.new/uwds-0021.lft.xml -s ./demo_cases/task.UWDS.20160407/data.ENG.UW.DS1.new/uwds-0021.stc.xml
ID ::  IIS-MR-MATH-GRADEXX-XXXXXX
<Unit ID="IIS-MR-MATH-GRADEXX-XXXXXX">

0__ROOT
	 1__19 dimes
		 2__OP_Addition
			 3__15 dimes
				 4__OP_Addition
					 5__7 dimes
					 6__8 dimes
			 7__4 dimes
Explanation : 
 Ans: 
	7 dimes + 8 dimes = 15 dimes

	Thus,  Melanie  has	15 dimes + 4 dimes = 19 dimes.
^^^^^^^^^^^^^^^^^^^^	end of case : uwds-0021	^^^^^^^^^^^^^^^^^^^^




====================	start of case : uwds-0022	====================
python3 __init__.py -i ./demo_cases/task.UWDS.20160407/data.ENG.UW.DS1.new/uwds-0022.trace.xml -l ./demo_cases/task.UWDS.20160407/data.ENG.UW.DS1.new/uwds-0022.lft.xml -s ./demo_cases/task.UWDS.20160407/data.ENG.UW.DS1.new/uwds-0022.stc.xml
ID ::  IIS-MR-MATH-GRADEXX-XXXXXX
<Unit ID="IIS-MR-MATH-GRADEXX-XXXXXX">

0__ROOT
	 1__14 cakes
		 2__OP_Addition
			 3__11 cakes
				 4__OP_Addition
					 5__5 cakes
					 6__6 cakes
			 7__3 cakes
Explanation : 
 Ans: 
	5 cakes + 6 cakes = 11 cakes

	Thus,  	11 cakes + 3 cakes = 14 cakes were served.
^^^^^^^^^^^^^^^^^^^^	end of case : uwds-0022	^^^^^^^^^^^^^^^^^^^^




====================	start of case : uwds-0023	====================
python3 __init__.py -i ./demo_cases/task.UWDS.20160407/data.ENG.UW.DS1.new/uwds-0023.trace.xml -l ./demo_cases/task.UWDS.20160407/data.ENG.UW.DS1.new/uwds-0023.lft.xml -s ./demo_cases/task.UWDS.20160407/data.ENG.UW.DS1.new/uwds-0023.stc.xml
ID ::  IIS-MR-MATH-GRADEXX-XXXXXX
<Unit ID="IIS-MR-MATH-GRADEXX-XXXXXX">

0__ROOT
	 1__16 plums
		 2__OP_Sum
			 3__4 plums
			 4__9 plums
			 5__3 plums
Explanation : 
 Ans: 
Totally 	4 plums + 9 plums + 3 plums = 16 plums were picked.
^^^^^^^^^^^^^^^^^^^^	end of case : uwds-0023	^^^^^^^^^^^^^^^^^^^^




====================	start of case : uwds-0024	====================
python3 __init__.py -i ./demo_cases/task.UWDS.20160407/data.ENG.UW.DS1.new/uwds-0024.trace.xml -l ./demo_cases/task.UWDS.20160407/data.ENG.UW.DS1.new/uwds-0024.lft.xml -s ./demo_cases/task.UWDS.20160407/data.ENG.UW.DS1.new/uwds-0024.stc.xml
ID ::  IIS-MR-MATH-GRADEXX-XXXXXX
<Unit ID="IIS-MR-MATH-GRADEXX-XXXXXX">

0__ROOT
	 1__12 trees
		 2__OP_Addition
			 3__10 trees
				 4__OP_Addition
					 5__7 trees
					 6__3 trees
			 7__2 trees
Explanation : 
 Ans: 
	7 trees + 3 trees = 10 trees

	Thus,  The park  will have	10 trees + 2 trees = 12 trees.
^^^^^^^^^^^^^^^^^^^^	end of case : uwds-0024	^^^^^^^^^^^^^^^^^^^^




====================	start of case : uwds-0025	====================
python3 __init__.py -i ./demo_cases/task.UWDS.20160407/data.ENG.UW.DS1.new/uwds-0025.trace.xml -l ./demo_cases/task.UWDS.20160407/data.ENG.UW.DS1.new/uwds-0025.lft.xml -s ./demo_cases/task.UWDS.20160407/data.ENG.UW.DS1.new/uwds-0025.stc.xml
ID ::  IIS-MR-MATH-GRADEXX-XXXXXX
<Unit ID="IIS-MR-MATH-GRADEXX-XXXXXX">

0__ROOT
	 1__18 onions
		 2__OP_Sum
			 3__4 onions
			 4__5 onions
			 5__9 onions
Explanation : 
 Ans: 
Totally They  growed	4 onions + 5 onions + 9 onions = 18 onions.
^^^^^^^^^^^^^^^^^^^^	end of case : uwds-0025	^^^^^^^^^^^^^^^^^^^^




====================	start of case : uwds-0026	====================
python3 __init__.py -i ./demo_cases/task.UWDS.20160407/data.ENG.UW.DS1.new/uwds-0026.trace.xml -l ./demo_cases/task.UWDS.20160407/data.ENG.UW.DS1.new/uwds-0026.lft.xml -s ./demo_cases/task.UWDS.20160407/data.ENG.UW.DS1.new/uwds-0026.stc.xml
ID ::  IIS-MR-MATH-GRADEXX-XXXXXX
<Unit ID="IIS-MR-MATH-GRADEXX-XXXXXX">

0__ROOT
	 1__67 marbles
		 2__OP_Addition
			 3__43 marbles
			 4__24 marbles
Explanation : 
 Ans: 
They  have	43 marbles + 24 marbles = 67 marbles.
^^^^^^^^^^^^^^^^^^^^	end of case : uwds-0026	^^^^^^^^^^^^^^^^^^^^




====================	start of case : uwds-0027	====================
python3 __init__.py -i ./demo_cases/task.UWDS.20160407/data.ENG.UW.DS1.new/uwds-0027.trace.xml -l ./demo_cases/task.UWDS.20160407/data.ENG.UW.DS1.new/uwds-0027.lft.xml -s ./demo_cases/task.UWDS.20160407/data.ENG.UW.DS1.new/uwds-0027.stc.xml
ID ::  IIS-MR-MATH-GRADEXX-XXXXXX
<Unit ID="IIS-MR-MATH-GRADEXX-XXXXXX">

0__ROOT
	 1__65 seashells
		 2__OP_Addition
			 3__18 seashells
			 4__47 seashells
Explanation : 
 Ans: 
They  found	18 seashells + 47 seashells = 65 seashells.
^^^^^^^^^^^^^^^^^^^^	end of case : uwds-0027	^^^^^^^^^^^^^^^^^^^^




====================	start of case : uwds-0028	====================
python3 __init__.py -i ./demo_cases/task.UWDS.20160407/data.ENG.UW.DS1.new/uwds-0028.trace.xml -l ./demo_cases/task.UWDS.20160407/data.ENG.UW.DS1.new/uwds-0028.lft.xml -s ./demo_cases/task.UWDS.20160407/data.ENG.UW.DS1.new/uwds-0028.stc.xml
ID ::  IIS-MR-MATH-GRADEXX-XXXXXX
<Unit ID="IIS-MR-MATH-GRADEXX-XXXXXX">

0__ROOT
	 1__51 watermelons
		 2__OP_Addition
			 3__23 watermelons
			 4__28 watermelons
Explanation : 
 Ans: 
They  growed	23 watermelons + 28 watermelons = 51 watermelons.
^^^^^^^^^^^^^^^^^^^^	end of case : uwds-0028	^^^^^^^^^^^^^^^^^^^^




====================	start of case : uwds-0029	====================
python3 __init__.py -i ./demo_cases/task.UWDS.20160407/data.ENG.UW.DS1.new/uwds-0029.trace.xml -l ./demo_cases/task.UWDS.20160407/data.ENG.UW.DS1.new/uwds-0029.lft.xml -s ./demo_cases/task.UWDS.20160407/data.ENG.UW.DS1.new/uwds-0029.stc.xml
ID ::  IIS-MR-MATH-GRADEXX-XXXXXX
<Unit ID="IIS-MR-MATH-GRADEXX-XXXXXX">

0__ROOT
	 1__25 rulers
		 2__OP_Addition
			 3__11 rulers
			 4__14 rulers
Explanation : 
 Ans: 
There are 	11 rulers + 14 rulers = 25 rulers.
^^^^^^^^^^^^^^^^^^^^	end of case : uwds-0029	^^^^^^^^^^^^^^^^^^^^




====================	start of case : uwds-0030	====================
python3 __init__.py -i ./demo_cases/task.UWDS.20160407/data.ENG.UW.DS1.new/uwds-0030.trace.xml -l ./demo_cases/task.UWDS.20160407/data.ENG.UW.DS1.new/uwds-0030.lft.xml -s ./demo_cases/task.UWDS.20160407/data.ENG.UW.DS1.new/uwds-0030.stc.xml
ID ::  IIS-MR-MATH-GRADEXX-XXXXXX
<Unit ID="IIS-MR-MATH-GRADEXX-XXXXXX">

0__ROOT
	 1__56 pears
		 2__OP_Addition
			 3__45 pears
			 4__11 pears
Explanation : 
 Ans: 
	45 pears + 11 pears = 56 pears were picked.
^^^^^^^^^^^^^^^^^^^^	end of case : uwds-0030	^^^^^^^^^^^^^^^^^^^^




====================	start of case : uwds-0031	====================
python3 __init__.py -i ./demo_cases/task.UWDS.20160407/data.ENG.UW.DS1.new/uwds-0031.trace.xml -l ./demo_cases/task.UWDS.20160407/data.ENG.UW.DS1.new/uwds-0031.lft.xml -s ./demo_cases/task.UWDS.20160407/data.ENG.UW.DS1.new/uwds-0031.stc.xml
ID ::  IIS-MR-MATH-GRADEXX-XXXXXX
<Unit ID="IIS-MR-MATH-GRADEXX-XXXXXX">

0__ROOT
	 1__41 books
		 2__OP_Addition
			 3__20 books
			 4__21 books
Explanation : 
 Ans: 
They  have	20 books + 21 books = 41 books.
^^^^^^^^^^^^^^^^^^^^	end of case : uwds-0031	^^^^^^^^^^^^^^^^^^^^




====================	start of case : uwds-0032	====================
python3 __init__.py -i ./demo_cases/task.UWDS.20160407/data.ENG.UW.DS1.new/uwds-0032.trace.xml -l ./demo_cases/task.UWDS.20160407/data.ENG.UW.DS1.new/uwds-0032.lft.xml -s ./demo_cases/task.UWDS.20160407/data.ENG.UW.DS1.new/uwds-0032.stc.xml
ID ::  IIS-MR-MATH-GRADEXX-XXXXXX
<Unit ID="IIS-MR-MATH-GRADEXX-XXXXXX">

0__ROOT
	 1__74 quarters
		 2__OP_Addition
			 3__49 quarters
			 4__25 quarters
Explanation : 
 Ans: 
He  has	49 quarters + 25 quarters = 74 quarters.
^^^^^^^^^^^^^^^^^^^^	end of case : uwds-0032	^^^^^^^^^^^^^^^^^^^^




====================	start of case : uwds-0033	====================
python3 __init__.py -i ./demo_cases/task.UWDS.20160407/data.ENG.UW.DS1.new/uwds-0033.trace.xml -l ./demo_cases/task.UWDS.20160407/data.ENG.UW.DS1.new/uwds-0033.lft.xml -s ./demo_cases/task.UWDS.20160407/data.ENG.UW.DS1.new/uwds-0033.stc.xml
ID ::  IIS-MR-MATH-GRADEXX-XXXXXX
<Unit ID="IIS-MR-MATH-GRADEXX-XXXXXX">

0__ROOT
	 1__58 seashells
		 2__OP_Sum
			 3__15 seashells
			 4__43 seashells
Explanation : 
 Ans: 
Totally They  found	15 seashells + 43 seashells = 58 seashells.
^^^^^^^^^^^^^^^^^^^^	end of case : uwds-0033	^^^^^^^^^^^^^^^^^^^^




====================	start of case : uwds-0034	====================
python3 __init__.py -i ./demo_cases/task.UWDS.20160407/data.ENG.UW.DS1.new/uwds-0034.trace.xml -l ./demo_cases/task.UWDS.20160407/data.ENG.UW.DS1.new/uwds-0034.lft.xml -s ./demo_cases/task.UWDS.20160407/data.ENG.UW.DS1.new/uwds-0034.stc.xml
ID ::  IIS-MR-MATH-GRADEXX-XXXXXX
<Unit ID="IIS-MR-MATH-GRADEXX-XXXXXX">

0__ROOT
	 1__55 balloons
		 2__OP_Addition
			 3__31 balloons
			 4__24 balloons
Explanation : 
 Ans: 
They  have	31 balloons + 24 balloons = 55 balloons.
^^^^^^^^^^^^^^^^^^^^	end of case : uwds-0034	^^^^^^^^^^^^^^^^^^^^




====================	start of case : uwds-0035	====================
python3 __init__.py -i ./demo_cases/task.UWDS.20160407/data.ENG.UW.DS1.new/uwds-0035.trace.xml -l ./demo_cases/task.UWDS.20160407/data.ENG.UW.DS1.new/uwds-0035.lft.xml -s ./demo_cases/task.UWDS.20160407/data.ENG.UW.DS1.new/uwds-0035.stc.xml
ID ::  IIS-MR-MATH-GRADEXX-XXXXXX
<Unit ID="IIS-MR-MATH-GRADEXX-XXXXXX">

0__ROOT
	 1__47 oranges
		 2__OP_Addition
			 3__37 oranges
			 4__10 oranges
Explanation : 
 Ans: 
	37 oranges + 10 oranges = 47 oranges were picked.
^^^^^^^^^^^^^^^^^^^^	end of case : uwds-0035	^^^^^^^^^^^^^^^^^^^^




====================	start of case : uwds-0036	====================
python3 __init__.py -i ./demo_cases/task.UWDS.20160407/data.ENG.UW.DS1.new/uwds-0036.trace.xml -l ./demo_cases/task.UWDS.20160407/data.ENG.UW.DS1.new/uwds-0036.lft.xml -s ./demo_cases/task.UWDS.20160407/data.ENG.UW.DS1.new/uwds-0036.stc.xml
ID ::  IIS-MR-MATH-GRADEXX-XXXXXX
<Unit ID="IIS-MR-MATH-GRADEXX-XXXXXX">

0__ROOT
	 1__47 games
		 2__OP_Addition
			 3__36 games
			 4__11 games
Explanation : 
 Ans: 
Fred  went	36 games + 11 games = 47 games.
^^^^^^^^^^^^^^^^^^^^	end of case : uwds-0036	^^^^^^^^^^^^^^^^^^^^




====================	start of case : uwds-0037	====================
python3 __init__.py -i ./demo_cases/task.UWDS.20160407/data.ENG.UW.DS1.new/uwds-0037.trace.xml -l ./demo_cases/task.UWDS.20160407/data.ENG.UW.DS1.new/uwds-0037.lft.xml -s ./demo_cases/task.UWDS.20160407/data.ENG.UW.DS1.new/uwds-0037.stc.xml
ID ::  IIS-MR-MATH-GRADEXX-XXXXXX
<Unit ID="IIS-MR-MATH-GRADEXX-XXXXXX">

0__ROOT
	 1__60 pencils
		 2__OP_Addition
			 3__33 pencils
			 4__27 pencils
Explanation : 
 Ans: 
There are 	33 pencils + 27 pencils = 60 pencils.
^^^^^^^^^^^^^^^^^^^^	end of case : uwds-0037	^^^^^^^^^^^^^^^^^^^^




====================	start of case : uwds-0038	====================
python3 __init__.py -i ./demo_cases/task.UWDS.20160407/data.ENG.UW.DS1.new/uwds-0038.trace.xml -l ./demo_cases/task.UWDS.20160407/data.ENG.UW.DS1.new/uwds-0038.lft.xml -s ./demo_cases/task.UWDS.20160407/data.ENG.UW.DS1.new/uwds-0038.stc.xml
ID ::  IIS-MR-MATH-GRADEXX-XXXXXX
<Unit ID="IIS-MR-MATH-GRADEXX-XXXXXX">

0__ROOT
	 1__63 nickels
		 2__OP_Addition
			 3__24 nickels
			 4__39 nickels
Explanation : 
 Ans: 
He  has	24 nickels + 39 nickels = 63 nickels.
^^^^^^^^^^^^^^^^^^^^	end of case : uwds-0038	^^^^^^^^^^^^^^^^^^^^




====================	start of case : uwds-0039	====================
python3 __init__.py -i ./demo_cases/task.UWDS.20160407/data.ENG.UW.DS1.new/uwds-0039.trace.xml -l ./demo_cases/task.UWDS.20160407/data.ENG.UW.DS1.new/uwds-0039.lft.xml -s ./demo_cases/task.UWDS.20160407/data.ENG.UW.DS1.new/uwds-0039.stc.xml
ID ::  IIS-MR-MATH-GRADEXX-XXXXXX
<Unit ID="IIS-MR-MATH-GRADEXX-XXXXXX">

0__ROOT
	 1__89 turnips
		 2__OP_Addition
			 3__42 turnips
			 4__47 turnips
Explanation : 
 Ans: 
They  growed	42 turnips + 47 turnips = 89 turnips.
^^^^^^^^^^^^^^^^^^^^	end of case : uwds-0039	^^^^^^^^^^^^^^^^^^^^




====================	start of case : uwds-0040	====================
python3 __init__.py -i ./demo_cases/task.UWDS.20160407/data.ENG.UW.DS1.new/uwds-0040.trace.xml -l ./demo_cases/task.UWDS.20160407/data.ENG.UW.DS1.new/uwds-0040.lft.xml -s ./demo_cases/task.UWDS.20160407/data.ENG.UW.DS1.new/uwds-0040.stc.xml
ID ::  IIS-MR-MATH-GRADEXX-XXXXXX
<Unit ID="IIS-MR-MATH-GRADEXX-XXXXXX">

0__ROOT
	 1__77 trees
		 2__OP_Addition
			 3__33 trees
			 4__44 trees
Explanation : 
 Ans: 
The park  will have	33 trees + 44 trees = 77 trees.
^^^^^^^^^^^^^^^^^^^^	end of case : uwds-0040	^^^^^^^^^^^^^^^^^^^^




====================	start of case : uwds-0041	====================
python3 __init__.py -i ./demo_cases/task.UWDS.20160407/data.ENG.UW.DS1.new/uwds-0041.trace.xml -l ./demo_cases/task.UWDS.20160407/data.ENG.UW.DS1.new/uwds-0041.lft.xml -s ./demo_cases/task.UWDS.20160407/data.ENG.UW.DS1.new/uwds-0041.stc.xml
ID ::  IIS-MR-MATH-GRADEXX-XXXXXX
<Unit ID="IIS-MR-MATH-GRADEXX-XXXXXX">

0__ROOT
	 1__70 quarters
		 2__OP_Addition
			 3__21 quarters
			 4__49 quarters
Explanation : 
 Ans: 
She  has	21 quarters + 49 quarters = 70 quarters.
^^^^^^^^^^^^^^^^^^^^	end of case : uwds-0041	^^^^^^^^^^^^^^^^^^^^




====================	start of case : uwds-0042	====================
python3 __init__.py -i ./demo_cases/task.UWDS.20160407/data.ENG.UW.DS1.new/uwds-0042.trace.xml -l ./demo_cases/task.UWDS.20160407/data.ENG.UW.DS1.new/uwds-0042.lft.xml -s ./demo_cases/task.UWDS.20160407/data.ENG.UW.DS1.new/uwds-0042.stc.xml
ID ::  IIS-MR-MATH-GRADEXX-XXXXXX
<Unit ID="IIS-MR-MATH-GRADEXX-XXXXXX">

0__ROOT
	 1__71 pencils
		 2__OP_Addition
			 3__41 pencils
			 4__30 pencils
Explanation : 
 Ans: 
There are 	41 pencils + 30 pencils = 71 pencils.
^^^^^^^^^^^^^^^^^^^^	end of case : uwds-0042	^^^^^^^^^^^^^^^^^^^^




====================	start of case : uwds-0043	====================
python3 __init__.py -i ./demo_cases/task.UWDS.20160407/data.ENG.UW.DS1.new/uwds-0043.trace.xml -l ./demo_cases/task.UWDS.20160407/data.ENG.UW.DS1.new/uwds-0043.lft.xml -s ./demo_cases/task.UWDS.20160407/data.ENG.UW.DS1.new/uwds-0043.stc.xml
ID ::  IIS-MR-MATH-GRADEXX-XXXXXX
<Unit ID="IIS-MR-MATH-GRADEXX-XXXXXX">

0__ROOT
	 1__48 books
		 2__OP_Addition
			 3__10 books
			 4__38 books
Explanation : 
 Ans: 
They  have	10 books + 38 books = 48 books.
^^^^^^^^^^^^^^^^^^^^	end of case : uwds-0043	^^^^^^^^^^^^^^^^^^^^




====================	start of case : uwds-0044	====================
python3 __init__.py -i ./demo_cases/task.UWDS.20160407/data.ENG.UW.DS1.new/uwds-0044.trace.xml -l ./demo_cases/task.UWDS.20160407/data.ENG.UW.DS1.new/uwds-0044.lft.xml -s ./demo_cases/task.UWDS.20160407/data.ENG.UW.DS1.new/uwds-0044.stc.xml
ID ::  IIS-MR-MATH-GRADEXX-XXXXXX
<Unit ID="IIS-MR-MATH-GRADEXX-XXXXXX">

0__ROOT
	 1__81 balloons
		 2__OP_Addition
			 3__40 balloons
			 4__41 balloons
Explanation : 
 Ans: 
They  have	40 balloons + 41 balloons = 81 balloons.
^^^^^^^^^^^^^^^^^^^^	end of case : uwds-0044	^^^^^^^^^^^^^^^^^^^^




====================	start of case : uwds-0045	====================
python3 __init__.py -i ./demo_cases/task.UWDS.20160407/data.ENG.UW.DS1.new/uwds-0045.trace.xml -l ./demo_cases/task.UWDS.20160407/data.ENG.UW.DS1.new/uwds-0045.lft.xml -s ./demo_cases/task.UWDS.20160407/data.ENG.UW.DS1.new/uwds-0045.stc.xml
ID ::  IIS-MR-MATH-GRADEXX-XXXXXX
<Unit ID="IIS-MR-MATH-GRADEXX-XXXXXX">

0__ROOT
	 1__82 cantelopes
		 2__OP_Addition
			 3__38 cantelopes
			 4__44 cantelopes
Explanation : 
 Ans: 
They  growed	38 cantelopes + 44 cantelopes = 82 cantelopes.
^^^^^^^^^^^^^^^^^^^^	end of case : uwds-0045	^^^^^^^^^^^^^^^^^^^^




====================	start of case : uwds-0046	====================
python3 __init__.py -i ./demo_cases/task.UWDS.20160407/data.ENG.UW.DS1.new/uwds-0046.trace.xml -l ./demo_cases/task.UWDS.20160407/data.ENG.UW.DS1.new/uwds-0046.lft.xml -s ./demo_cases/task.UWDS.20160407/data.ENG.UW.DS1.new/uwds-0046.stc.xml
ID ::  IIS-MR-MATH-GRADEXX-XXXXXX
<Unit ID="IIS-MR-MATH-GRADEXX-XXXXXX">

0__ROOT
	 1__43 games
		 2__OP_Addition
			 3__14 games
			 4__29 games
Explanation : 
 Ans: 
Sam  went	14 games + 29 games = 43 games.
^^^^^^^^^^^^^^^^^^^^	end of case : uwds-0046	^^^^^^^^^^^^^^^^^^^^




====================	start of case : uwds-0047	====================
python3 __init__.py -i ./demo_cases/task.UWDS.20160407/data.ENG.UW.DS1.new/uwds-0047.trace.xml -l ./demo_cases/task.UWDS.20160407/data.ENG.UW.DS1.new/uwds-0047.lft.xml -s ./demo_cases/task.UWDS.20160407/data.ENG.UW.DS1.new/uwds-0047.stc.xml
ID ::  IIS-MR-MATH-GRADEXX-XXXXXX
<Unit ID="IIS-MR-MATH-GRADEXX-XXXXXX">

0__ROOT
	 1__59 seashells
		 2__OP_Addition
			 3__18 seashells
			 4__41 seashells
Explanation : 
 Ans: 
They  found	18 seashells + 41 seashells = 59 seashells.
^^^^^^^^^^^^^^^^^^^^	end of case : uwds-0047	^^^^^^^^^^^^^^^^^^^^




====================	start of case : uwds-0048	====================
python3 __init__.py -i ./demo_cases/task.UWDS.20160407/data.ENG.UW.DS1.new/uwds-0048.trace.xml -l ./demo_cases/task.UWDS.20160407/data.ENG.UW.DS1.new/uwds-0048.lft.xml -s ./demo_cases/task.UWDS.20160407/data.ENG.UW.DS1.new/uwds-0048.stc.xml
ID ::  IIS-MR-MATH-GRADEXX-XXXXXX
<Unit ID="IIS-MR-MATH-GRADEXX-XXXXXX">

0__ROOT
	 1__100 trees
		 2__OP_Addition
			 3__80 trees
				 4__OP_Addition
					 5__39 trees
					 6__41 trees
			 7__20 trees
Explanation : 
 Ans: 
	39 trees + 41 trees = 80 trees

	Thus,  The park  will have	80 trees + 20 trees = 100 trees.
^^^^^^^^^^^^^^^^^^^^	end of case : uwds-0048	^^^^^^^^^^^^^^^^^^^^




====================	start of case : uwds-0049	====================
python3 __init__.py -i ./demo_cases/task.UWDS.20160407/data.ENG.UW.DS1.new/uwds-0049.trace.xml -l ./demo_cases/task.UWDS.20160407/data.ENG.UW.DS1.new/uwds-0049.lft.xml -s ./demo_cases/task.UWDS.20160407/data.ENG.UW.DS1.new/uwds-0049.stc.xml
ID ::  IIS-MR-MATH-GRADEXX-XXXXXX
<Unit ID="IIS-MR-MATH-GRADEXX-XXXXXX">

0__ROOT
	 1__67 books
		 2__OP_Sum
			 3__10 books
			 4__24 books
			 5__33 books
Explanation : 
 Ans: 
Totally They  have	10 books + 24 books + 33 books = 67 books.
^^^^^^^^^^^^^^^^^^^^	end of case : uwds-0049	^^^^^^^^^^^^^^^^^^^^




====================	start of case : uwds-0050	====================
python3 __init__.py -i ./demo_cases/task.UWDS.20160407/data.ENG.UW.DS1.new/uwds-0050.trace.xml -l ./demo_cases/task.UWDS.20160407/data.ENG.UW.DS1.new/uwds-0050.lft.xml -s ./demo_cases/task.UWDS.20160407/data.ENG.UW.DS1.new/uwds-0050.stc.xml
ID ::  IIS-MR-MATH-GRADEXX-XXXXXX
<Unit ID="IIS-MR-MATH-GRADEXX-XXXXXX">

0__ROOT
	 1__105 pears
		 2__OP_Sum
			 3__46 pears
			 4__47 pears
			 5__12 pears
Explanation : 
 Ans: 
Totally 	46 pears + 47 pears + 12 pears = 105 pears were picked.
^^^^^^^^^^^^^^^^^^^^	end of case : uwds-0050	^^^^^^^^^^^^^^^^^^^^




====================	start of case : uwds-0051	====================
python3 __init__.py -i ./demo_cases/task.UWDS.20160407/data.ENG.UW.DS1.new/uwds-0051.trace.xml -l ./demo_cases/task.UWDS.20160407/data.ENG.UW.DS1.new/uwds-0051.lft.xml -s ./demo_cases/task.UWDS.20160407/data.ENG.UW.DS1.new/uwds-0051.stc.xml
ID ::  IIS-MR-MATH-GRADEXX-XXXXXX
<Unit ID="IIS-MR-MATH-GRADEXX-XXXXXX">

0__ROOT
	 1__65 cantelopes
		 2__OP_Sum
			 3__29 cantelopes
			 4__16 cantelopes
			 5__20 cantelopes
Explanation : 
 Ans: 
Totally They  growed	29 cantelopes + 16 cantelopes + 20 cantelopes = 65 cantelopes.
^^^^^^^^^^^^^^^^^^^^	end of case : uwds-0051	^^^^^^^^^^^^^^^^^^^^




====================	start of case : uwds-0052	====================
python3 __init__.py -i ./demo_cases/task.UWDS.20160407/data.ENG.UW.DS1.new/uwds-0052.trace.xml -l ./demo_cases/task.UWDS.20160407/data.ENG.UW.DS1.new/uwds-0052.lft.xml -s ./demo_cases/task.UWDS.20160407/data.ENG.UW.DS1.new/uwds-0052.stc.xml
ID ::  IIS-MR-MATH-GRADEXX-XXXXXX
<Unit ID="IIS-MR-MATH-GRADEXX-XXXXXX">

0__ROOT
	 1__83 dimes
		 2__OP_Addition
			 3__58 dimes
				 4__OP_Addition
					 5__19 dimes
					 6__39 dimes
			 7__25 dimes
Explanation : 
 Ans: 
	19 dimes + 39 dimes = 58 dimes

	Thus,  Melanie  has	58 dimes + 25 dimes = 83 dimes.
^^^^^^^^^^^^^^^^^^^^	end of case : uwds-0052	^^^^^^^^^^^^^^^^^^^^




====================	start of case : uwds-0053	====================
python3 __init__.py -i ./demo_cases/task.UWDS.20160407/data.ENG.UW.DS1.new/uwds-0053.trace.xml -l ./demo_cases/task.UWDS.20160407/data.ENG.UW.DS1.new/uwds-0053.lft.xml -s ./demo_cases/task.UWDS.20160407/data.ENG.UW.DS1.new/uwds-0053.stc.xml
ID ::  IIS-MR-MATH-GRADEXX-XXXXXX
<Unit ID="IIS-MR-MATH-GRADEXX-XXXXXX">

0__ROOT
	 1__104 balloons
		 2__OP_Sum
			 3__37 balloons
			 4__28 balloons
			 5__39 balloons
Explanation : 
 Ans: 
Totally They  have	37 balloons + 28 balloons + 39 balloons = 104 balloons.
^^^^^^^^^^^^^^^^^^^^	end of case : uwds-0053	^^^^^^^^^^^^^^^^^^^^




====================	start of case : uwds-0054	====================
python3 __init__.py -i ./demo_cases/task.UWDS.20160407/data.ENG.UW.DS1.new/uwds-0054.trace.xml -l ./demo_cases/task.UWDS.20160407/data.ENG.UW.DS1.new/uwds-0054.lft.xml -s ./demo_cases/task.UWDS.20160407/data.ENG.UW.DS1.new/uwds-0054.stc.xml
ID ::  IIS-MR-MATH-GRADEXX-XXXXXX
<Unit ID="IIS-MR-MATH-GRADEXX-XXXXXX">

0__ROOT
	 1__47 cards
		 2__OP_Addition
			 3__27 cards
			 4__20 cards
Explanation : 
 Ans: 
Sally  has	27 cards + 20 cards = 47 cards.
^^^^^^^^^^^^^^^^^^^^	end of case : uwds-0054	^^^^^^^^^^^^^^^^^^^^




====================	start of case : uwds-0055	====================
python3 __init__.py -i ./demo_cases/task.UWDS.20160407/data.ENG.UW.DS1.new/uwds-0055.trace.xml -l ./demo_cases/task.UWDS.20160407/data.ENG.UW.DS1.new/uwds-0055.lft.xml -s ./demo_cases/task.UWDS.20160407/data.ENG.UW.DS1.new/uwds-0055.stc.xml
ID ::  IIS-MR-MATH-GRADEXX-XXXXXX
<Unit ID="IIS-MR-MATH-GRADEXX-XXXXXX">

0__ROOT
	 1__44 games
		 2__OP_Addition
			 3__28 games
				 4__OP_Addition
					 5__11 games
					 6__17 games
			 7__16 games
Explanation : 
 Ans: 
	11 games + 17 games = 28 games

	Thus,  He  will attend	28 games + 16 games = 44 games.
^^^^^^^^^^^^^^^^^^^^	end of case : uwds-0055	^^^^^^^^^^^^^^^^^^^^




====================	start of case : uwds-0056	====================
python3 __init__.py -i ./demo_cases/task.UWDS.20160407/data.ENG.UW.DS1.new/uwds-0056.trace.xml -l ./demo_cases/task.UWDS.20160407/data.ENG.UW.DS1.new/uwds-0056.lft.xml -s ./demo_cases/task.UWDS.20160407/data.ENG.UW.DS1.new/uwds-0056.stc.xml
ID ::  IIS-MR-MATH-GRADEXX-XXXXXX
<Unit ID="IIS-MR-MATH-GRADEXX-XXXXXX">

0__ROOT
	 1__78 pencils
		 2__OP_Addition
			 3__62 pencils
				 4__OP_Addition
					 5__43 pencils
					 6__19 pencils
			 7__16 pencils
Explanation : 
 Ans: 
	43 pencils + 19 pencils = 62 pencils

	Thus,  There are 	62 pencils + 16 pencils = 78 pencils.
^^^^^^^^^^^^^^^^^^^^	end of case : uwds-0056	^^^^^^^^^^^^^^^^^^^^




====================	start of case : uwds-0057	====================
python3 __init__.py -i ./demo_cases/task.UWDS.20160407/data.ENG.UW.DS1.new/uwds-0057.trace.xml -l ./demo_cases/task.UWDS.20160407/data.ENG.UW.DS1.new/uwds-0057.lft.xml -s ./demo_cases/task.UWDS.20160407/data.ENG.UW.DS1.new/uwds-0057.stc.xml
ID ::  IIS-MR-MATH-GRADEXX-XXXXXX
<Unit ID="IIS-MR-MATH-GRADEXX-XXXXXX">

0__ROOT
	 1__21 books
		 2__OP_Subtraction
			 3__56 books
			 4__35 books
Explanation : 
 Ans: 
He  bought	56 books - 35 books = 21 books.
^^^^^^^^^^^^^^^^^^^^	end of case : uwds-0057	^^^^^^^^^^^^^^^^^^^^




====================	start of case : uwds-0058	====================
python3 __init__.py -i ./demo_cases/task.UWDS.20160407/data.ENG.UW.DS1.new/uwds-0058.trace.xml -l ./demo_cases/task.UWDS.20160407/data.ENG.UW.DS1.new/uwds-0058.lft.xml -s ./demo_cases/task.UWDS.20160407/data.ENG.UW.DS1.new/uwds-0058.stc.xml
ID ::  IIS-MR-MATH-GRADEXX-XXXXXX
<Unit ID="IIS-MR-MATH-GRADEXX-XXXXXX">

0__ROOT
	 1__11 trees
		 2__OP_Subtraction
			 3__64 trees
			 4__53 trees
Explanation : 
 Ans: 
How many maple tree  did	64 trees - 53 trees = 11 trees.
^^^^^^^^^^^^^^^^^^^^	end of case : uwds-0058	^^^^^^^^^^^^^^^^^^^^




====================	start of case : uwds-0059	====================
python3 __init__.py -i ./demo_cases/task.UWDS.20160407/data.ENG.UW.DS1.new/uwds-0059.trace.xml -l ./demo_cases/task.UWDS.20160407/data.ENG.UW.DS1.new/uwds-0059.lft.xml -s ./demo_cases/task.UWDS.20160407/data.ENG.UW.DS1.new/uwds-0059.stc.xml
ID ::  IIS-MR-MATH-GRADEXX-XXXXXX
<Unit ID="IIS-MR-MATH-GRADEXX-XXXXXX">

0__ROOT
	 1__34 seashells
		 2__OP_Subtraction
			 3__56 seashells
			 4__22 seashells
Explanation : 
 Ans: 
He  gave	56 seashells - 22 seashells = 34 seashells.
^^^^^^^^^^^^^^^^^^^^	end of case : uwds-0059	^^^^^^^^^^^^^^^^^^^^




====================	start of case : uwds-0060	====================
python3 __init__.py -i ./demo_cases/task.UWDS.20160407/data.ENG.UW.DS1.new/uwds-0060.trace.xml -l ./demo_cases/task.UWDS.20160407/data.ENG.UW.DS1.new/uwds-0060.lft.xml -s ./demo_cases/task.UWDS.20160407/data.ENG.UW.DS1.new/uwds-0060.stc.xml
ID ::  IIS-MR-MATH-GRADEXX-XXXXXX
<Unit ID="IIS-MR-MATH-GRADEXX-XXXXXX">

0__ROOT
	 1__42 peaches
		 2__OP_Subtraction
			 3__55 peaches
			 4__13 peaches
Explanation : 
 Ans: 
She  picked	55 peaches - 13 peaches = 42 peaches.
^^^^^^^^^^^^^^^^^^^^	end of case : uwds-0060	^^^^^^^^^^^^^^^^^^^^




====================	start of case : uwds-0061	====================
python3 __init__.py -i ./demo_cases/task.UWDS.20160407/data.ENG.UW.DS1.new/uwds-0061.trace.xml -l ./demo_cases/task.UWDS.20160407/data.ENG.UW.DS1.new/uwds-0061.lft.xml -s ./demo_cases/task.UWDS.20160407/data.ENG.UW.DS1.new/uwds-0061.stc.xml
ID ::  IIS-MR-MATH-GRADEXX-XXXXXX
<Unit ID="IIS-MR-MATH-GRADEXX-XXXXXX">

0__ROOT
	 1__34 dollars
		 2__OP_Subtraction
			 3__67 dollars
			 4__33 dollars
Explanation : 
 Ans: 
He  spent	67 dollars - 33 dollars = 34 dollars.
^^^^^^^^^^^^^^^^^^^^	end of case : uwds-0061	^^^^^^^^^^^^^^^^^^^^




====================	start of case : uwds-0062	====================
python3 __init__.py -i ./demo_cases/task.UWDS.20160407/data.ENG.UW.DS1.new/uwds-0062.trace.xml -l ./demo_cases/task.UWDS.20160407/data.ENG.UW.DS1.new/uwds-0062.lft.xml -s ./demo_cases/task.UWDS.20160407/data.ENG.UW.DS1.new/uwds-0062.stc.xml
ID ::  IIS-MR-MATH-GRADEXX-XXXXXX
<Unit ID="IIS-MR-MATH-GRADEXX-XXXXXX">

0__ROOT
	 1__11 roses
		 2__OP_Subtraction
			 3__14 roses
			 4__3 roses
Explanation : 
 Ans: 
She  cut	14 roses - 3 roses = 11 roses.
^^^^^^^^^^^^^^^^^^^^	end of case : uwds-0062	^^^^^^^^^^^^^^^^^^^^




====================	start of case : uwds-0063	====================
python3 __init__.py -i ./demo_cases/task.UWDS.20160407/data.ENG.UW.DS1.new/uwds-0063.trace.xml -l ./demo_cases/task.UWDS.20160407/data.ENG.UW.DS1.new/uwds-0063.lft.xml -s ./demo_cases/task.UWDS.20160407/data.ENG.UW.DS1.new/uwds-0063.stc.xml
ID ::  IIS-MR-MATH-GRADEXX-XXXXXX
<Unit ID="IIS-MR-MATH-GRADEXX-XXXXXX">

0__ROOT
	 1__12 dollars
		 2__OP_Subtraction
			 3__86 dollars
			 4__74 dollars
Explanation : 
 Ans: 
He  made	86 dollars - 74 dollars = 12 dollars.
^^^^^^^^^^^^^^^^^^^^	end of case : uwds-0063	^^^^^^^^^^^^^^^^^^^^




====================	start of case : uwds-0064	====================
python3 __init__.py -i ./demo_cases/task.UWDS.20160407/data.ENG.UW.DS1.new/uwds-0064.trace.xml -l ./demo_cases/task.UWDS.20160407/data.ENG.UW.DS1.new/uwds-0064.lft.xml -s ./demo_cases/task.UWDS.20160407/data.ENG.UW.DS1.new/uwds-0064.stc.xml
ID ::  IIS-MR-MATH-GRADEXX-XXXXXX
<Unit ID="IIS-MR-MATH-GRADEXX-XXXXXX">

0__ROOT
	 1__23 bales
		 2__OP_Subtraction
			 3__96 bales
			 4__73 bales
Explanation : 
 Ans: 
He  stored	96 bales - 73 bales = 23 bales.
^^^^^^^^^^^^^^^^^^^^	end of case : uwds-0064	^^^^^^^^^^^^^^^^^^^^




====================	start of case : uwds-0065	====================
python3 __init__.py -i ./demo_cases/task.UWDS.20160407/data.ENG.UW.DS1.new/uwds-0065.trace.xml -l ./demo_cases/task.UWDS.20160407/data.ENG.UW.DS1.new/uwds-0065.lft.xml -s ./demo_cases/task.UWDS.20160407/data.ENG.UW.DS1.new/uwds-0065.stc.xml
ID ::  IIS-MR-MATH-GRADEXX-XXXXXX
<Unit ID="IIS-MR-MATH-GRADEXX-XXXXXX">

0__ROOT
	 1__13 potatoes
		 2__OP_Addition
			 3__6 potatoes
			 4__7 potatoes
Explanation : 
 Ans: 
They  growed	6 potatoes + 7 potatoes = 13 potatoes.
^^^^^^^^^^^^^^^^^^^^	end of case : uwds-0065	^^^^^^^^^^^^^^^^^^^^




====================	start of case : uwds-0066	====================
python3 __init__.py -i ./demo_cases/task.UWDS.20160407/data.ENG.UW.DS1.new/uwds-0066.trace.xml -l ./demo_cases/task.UWDS.20160407/data.ENG.UW.DS1.new/uwds-0066.lft.xml -s ./demo_cases/task.UWDS.20160407/data.ENG.UW.DS1.new/uwds-0066.stc.xml
ID ::  IIS-MR-MATH-GRADEXX-XXXXXX
<Unit ID="IIS-MR-MATH-GRADEXX-XXXXXX">

0__ROOT
	 1__12 crayons
		 2__OP_Addition
			 3__9 crayons
			 4__3 crayons
Explanation : 
 Ans: 
There are 	9 crayons + 3 crayons = 12 crayons.
^^^^^^^^^^^^^^^^^^^^	end of case : uwds-0066	^^^^^^^^^^^^^^^^^^^^




====================	start of case : uwds-0067	====================
python3 __init__.py -i ./demo_cases/task.UWDS.20160407/data.ENG.UW.DS1.new/uwds-0067.trace.xml -l ./demo_cases/task.UWDS.20160407/data.ENG.UW.DS1.new/uwds-0067.lft.xml -s ./demo_cases/task.UWDS.20160407/data.ENG.UW.DS1.new/uwds-0067.stc.xml
ID ::  IIS-MR-MATH-GRADEXX-XXXXXX
<Unit ID="IIS-MR-MATH-GRADEXX-XXXXXX">

0__ROOT
	 1__9 trees
		 2__OP_Addition
			 3__5 trees
			 4__4 trees
Explanation : 
 Ans: 
The park  will have	5 trees + 4 trees = 9 trees.
^^^^^^^^^^^^^^^^^^^^	end of case : uwds-0067	^^^^^^^^^^^^^^^^^^^^




====================	start of case : uwds-0068	====================
python3 __init__.py -i ./demo_cases/task.UWDS.20160407/data.ENG.UW.DS1.new/uwds-0068.trace.xml -l ./demo_cases/task.UWDS.20160407/data.ENG.UW.DS1.new/uwds-0068.lft.xml -s ./demo_cases/task.UWDS.20160407/data.ENG.UW.DS1.new/uwds-0068.stc.xml
ID ::  IIS-MR-MATH-GRADEXX-XXXXXX
<Unit ID="IIS-MR-MATH-GRADEXX-XXXXXX">

0__ROOT
	 1__3 seashells
Explanation : 
 Ans: .
^^^^^^^^^^^^^^^^^^^^	end of case : uwds-0068	^^^^^^^^^^^^^^^^^^^^




====================	start of case : uwds-0069	====================
python3 __init__.py -i ./demo_cases/task.UWDS.20160407/data.ENG.UW.DS1.new/uwds-0069.trace.xml -l ./demo_cases/task.UWDS.20160407/data.ENG.UW.DS1.new/uwds-0069.lft.xml -s ./demo_cases/task.UWDS.20160407/data.ENG.UW.DS1.new/uwds-0069.stc.xml
ID ::  IIS-MR-MATH-GRADEXX-XXXXXX
<Unit ID="IIS-MR-MATH-GRADEXX-XXXXXX">

0__ROOT
	 1__16 lemons
		 2__OP_Addition
			 3__7 lemons
			 4__9 lemons
Explanation : 
 Ans: 
	7 lemons + 9 lemons = 16 lemons were picked.
^^^^^^^^^^^^^^^^^^^^	end of case : uwds-0069	^^^^^^^^^^^^^^^^^^^^




====================	start of case : uwds-0070	====================
python3 __init__.py -i ./demo_cases/task.UWDS.20160407/data.ENG.UW.DS1.new/uwds-0070.trace.xml -l ./demo_cases/task.UWDS.20160407/data.ENG.UW.DS1.new/uwds-0070.lft.xml -s ./demo_cases/task.UWDS.20160407/data.ENG.UW.DS1.new/uwds-0070.stc.xml
ID ::  IIS-MR-MATH-GRADEXX-XXXXXX
<Unit ID="IIS-MR-MATH-GRADEXX-XXXXXX">

0__ROOT
	 1__15 cakes
		 2__OP_Addition
			 3__6 cakes
			 4__9 cakes
Explanation : 
 Ans: 
	6 cakes + 9 cakes = 15 cakes were served.
^^^^^^^^^^^^^^^^^^^^	end of case : uwds-0070	^^^^^^^^^^^^^^^^^^^^




====================	start of case : uwds-0071	====================
python3 __init__.py -i ./demo_cases/task.UWDS.20160407/data.ENG.UW.DS1.new/uwds-0071.trace.xml -l ./demo_cases/task.UWDS.20160407/data.ENG.UW.DS1.new/uwds-0071.lft.xml -s ./demo_cases/task.UWDS.20160407/data.ENG.UW.DS1.new/uwds-0071.stc.xml
ID ::  IIS-MR-MATH-GRADEXX-XXXXXX
<Unit ID="IIS-MR-MATH-GRADEXX-XXXXXX">

0__ROOT
	 1__6 balloons
		 2__OP_Subtraction
			 3__8 balloons
			 4__2 balloons
Explanation : 
 Ans: 
Joan  has	8 balloons - 2 balloons = 6 balloons.
^^^^^^^^^^^^^^^^^^^^	end of case : uwds-0071	^^^^^^^^^^^^^^^^^^^^




====================	start of case : uwds-0072	====================
python3 __init__.py -i ./demo_cases/task.UWDS.20160407/data.ENG.UW.DS1.new/uwds-0072.trace.xml -l ./demo_cases/task.UWDS.20160407/data.ENG.UW.DS1.new/uwds-0072.lft.xml -s ./demo_cases/task.UWDS.20160407/data.ENG.UW.DS1.new/uwds-0072.stc.xml
ID ::  IIS-MR-MATH-GRADEXX-XXXXXX
<Unit ID="IIS-MR-MATH-GRADEXX-XXXXXX">

0__ROOT
	 1__4 dimes
		 2__OP_Subtraction
			 3__7 dimes
			 4__3 dimes
Explanation : 
 Ans: 
Fred  has	7 dimes - 3 dimes = 4 dimes.
^^^^^^^^^^^^^^^^^^^^	end of case : uwds-0072	^^^^^^^^^^^^^^^^^^^^




====================	start of case : uwds-0073	====================
python3 __init__.py -i ./demo_cases/task.UWDS.20160407/data.ENG.UW.DS1.new/uwds-0073.trace.xml -l ./demo_cases/task.UWDS.20160407/data.ENG.UW.DS1.new/uwds-0073.lft.xml -s ./demo_cases/task.UWDS.20160407/data.ENG.UW.DS1.new/uwds-0073.stc.xml
ID ::  IIS-MR-MATH-GRADEXX-XXXXXX
<Unit ID="IIS-MR-MATH-GRADEXX-XXXXXX">

0__ROOT
	 1__6 kittens
		 2__OP_Subtraction
			 3__8 kittens
			 4__2 kittens
Explanation : 
 Ans: 
She  has	8 kittens - 2 kittens = 6 kittens.
^^^^^^^^^^^^^^^^^^^^	end of case : uwds-0073	^^^^^^^^^^^^^^^^^^^^




====================	start of case : uwds-0074	====================
python3 __init__.py -i ./demo_cases/task.UWDS.20160407/data.ENG.UW.DS1.new/uwds-0074.trace.xml -l ./demo_cases/task.UWDS.20160407/data.ENG.UW.DS1.new/uwds-0074.lft.xml -s ./demo_cases/task.UWDS.20160407/data.ENG.UW.DS1.new/uwds-0074.stc.xml
ID ::  IIS-MR-MATH-GRADEXX-XXXXXX
<Unit ID="IIS-MR-MATH-GRADEXX-XXXXXX">

0__ROOT
	 1__83 trees
		 2__OP_Addition
			 3__34 trees
			 4__49 trees
Explanation : 
 Ans: 
The park  will have	34 trees + 49 trees = 83 trees.
^^^^^^^^^^^^^^^^^^^^	end of case : uwds-0074	^^^^^^^^^^^^^^^^^^^^




====================	start of case : uwds-0075	====================
python3 __init__.py -i ./demo_cases/task.UWDS.20160407/data.ENG.UW.DS1.new/uwds-0075.trace.xml -l ./demo_cases/task.UWDS.20160407/data.ENG.UW.DS1.new/uwds-0075.lft.xml -s ./demo_cases/task.UWDS.20160407/data.ENG.UW.DS1.new/uwds-0075.stc.xml
ID ::  IIS-MR-MATH-GRADEXX-XXXXXX
<Unit ID="IIS-MR-MATH-GRADEXX-XXXXXX">

0__ROOT
	 1__72 pencils
		 2__OP_Addition
			 3__27 pencils
			 4__45 pencils
Explanation : 
 Ans: 
There are 	27 pencils + 45 pencils = 72 pencils.
^^^^^^^^^^^^^^^^^^^^	end of case : uwds-0075	^^^^^^^^^^^^^^^^^^^^




====================	start of case : uwds-0076	====================
python3 __init__.py -i ./demo_cases/task.UWDS.20160407/data.ENG.UW.DS1.new/uwds-0076.trace.xml -l ./demo_cases/task.UWDS.20160407/data.ENG.UW.DS1.new/uwds-0076.lft.xml -s ./demo_cases/task.UWDS.20160407/data.ENG.UW.DS1.new/uwds-0076.stc.xml
ID ::  IIS-MR-MATH-GRADEXX-XXXXXX
<Unit ID="IIS-MR-MATH-GRADEXX-XXXXXX">

0__ROOT
	 1__17 seashells
		 2__OP_Subtraction
			 3__35 seashells
			 4__18 seashells
Explanation : 
 Ans: 
He  has	35 seashells - 18 seashells = 17 seashells.
^^^^^^^^^^^^^^^^^^^^	end of case : uwds-0076	^^^^^^^^^^^^^^^^^^^^




====================	start of case : uwds-0077	====================
python3 __init__.py -i ./demo_cases/task.UWDS.20160407/data.ENG.UW.DS1.new/uwds-0077.trace.xml -l ./demo_cases/task.UWDS.20160407/data.ENG.UW.DS1.new/uwds-0077.lft.xml -s ./demo_cases/task.UWDS.20160407/data.ENG.UW.DS1.new/uwds-0077.stc.xml
ID ::  IIS-MR-MATH-GRADEXX-XXXXXX
<Unit ID="IIS-MR-MATH-GRADEXX-XXXXXX">

0__ROOT
	 1__42 books
		 2__OP_Addition
			 3__22 books
			 4__20 books
Explanation : 
 Ans: 
They  have	22 books + 20 books = 42 books.
^^^^^^^^^^^^^^^^^^^^	end of case : uwds-0077	^^^^^^^^^^^^^^^^^^^^




====================	start of case : uwds-0078	====================
python3 __init__.py -i ./demo_cases/task.UWDS.20160407/data.ENG.UW.DS1.new/uwds-0078.trace.xml -l ./demo_cases/task.UWDS.20160407/data.ENG.UW.DS1.new/uwds-0078.lft.xml -s ./demo_cases/task.UWDS.20160407/data.ENG.UW.DS1.new/uwds-0078.stc.xml
ID ::  IIS-MR-MATH-GRADEXX-XXXXXX
<Unit ID="IIS-MR-MATH-GRADEXX-XXXXXX">

0__ROOT
	 1__74 cards
		 2__OP_Subtraction
			 3__87 cards
			 4__13 cards
Explanation : 
 Ans: 
Mike  has	87 cards - 13 cards = 74 cards.
^^^^^^^^^^^^^^^^^^^^	end of case : uwds-0078	^^^^^^^^^^^^^^^^^^^^




====================	start of case : uwds-0079	====================
python3 __init__.py -i ./demo_cases/task.UWDS.20160407/data.ENG.UW.DS1.new/uwds-0079.trace.xml -l ./demo_cases/task.UWDS.20160407/data.ENG.UW.DS1.new/uwds-0079.lft.xml -s ./demo_cases/task.UWDS.20160407/data.ENG.UW.DS1.new/uwds-0079.stc.xml
ID ::  IIS-MR-MATH-GRADEXX-XXXXXX
<Unit ID="IIS-MR-MATH-GRADEXX-XXXXXX">

0__ROOT
	 1__74 pumpkins
		 2__OP_Addition
			 3__51 pumpkins
			 4__23 pumpkins
Explanation : 
 Ans: 
They  growed	51 pumpkins + 23 pumpkins = 74 pumpkins.
^^^^^^^^^^^^^^^^^^^^	end of case : uwds-0079	^^^^^^^^^^^^^^^^^^^^




====================	start of case : uwds-0080	====================
python3 __init__.py -i ./demo_cases/task.UWDS.20160407/data.ENG.UW.DS1.new/uwds-0080.trace.xml -l ./demo_cases/task.UWDS.20160407/data.ENG.UW.DS1.new/uwds-0080.lft.xml -s ./demo_cases/task.UWDS.20160407/data.ENG.UW.DS1.new/uwds-0080.stc.xml
ID ::  IIS-MR-MATH-GRADEXX-XXXXXX
<Unit ID="IIS-MR-MATH-GRADEXX-XXXXXX">

0__ROOT
	 1__96 books
		 2__OP_Addition
			 3__44 books
			 4__52 books
Explanation : 
 Ans: 
They  have	44 books + 52 books = 96 books.
^^^^^^^^^^^^^^^^^^^^	end of case : uwds-0080	^^^^^^^^^^^^^^^^^^^^




====================	start of case : uwds-0081	====================
python3 __init__.py -i ./demo_cases/task.UWDS.20160407/data.ENG.UW.DS1.new/uwds-0081.trace.xml -l ./demo_cases/task.UWDS.20160407/data.ENG.UW.DS1.new/uwds-0081.lft.xml -s ./demo_cases/task.UWDS.20160407/data.ENG.UW.DS1.new/uwds-0081.stc.xml
ID ::  IIS-MR-MATH-GRADEXX-XXXXXX
<Unit ID="IIS-MR-MATH-GRADEXX-XXXXXX">

0__ROOT
	 1__50 marbles
		 2__OP_Subtraction
			 3__64 marbles
			 4__14 marbles
Explanation : 
 Ans: 
He  has	64 marbles - 14 marbles = 50 marbles.
^^^^^^^^^^^^^^^^^^^^	end of case : uwds-0081	^^^^^^^^^^^^^^^^^^^^




====================	start of case : uwds-0082	====================
python3 __init__.py -i ./demo_cases/task.UWDS.20160407/data.ENG.UW.DS1.new/uwds-0082.trace.xml -l ./demo_cases/task.UWDS.20160407/data.ENG.UW.DS1.new/uwds-0082.lft.xml -s ./demo_cases/task.UWDS.20160407/data.ENG.UW.DS1.new/uwds-0082.stc.xml
ID ::  IIS-MR-MATH-GRADEXX-XXXXXX
<Unit ID="IIS-MR-MATH-GRADEXX-XXXXXX">

0__ROOT
	 1__98 trees
		 2__OP_Addition
			 3__25 trees
			 4__73 trees
Explanation : 
 Ans: 
The park  will have	25 trees + 73 trees = 98 trees.
^^^^^^^^^^^^^^^^^^^^	end of case : uwds-0082	^^^^^^^^^^^^^^^^^^^^




====================	start of case : uwds-0083	====================
python3 __init__.py -i ./demo_cases/task.UWDS.20160407/data.ENG.UW.DS1.new/uwds-0083.trace.xml -l ./demo_cases/task.UWDS.20160407/data.ENG.UW.DS1.new/uwds-0083.lft.xml -s ./demo_cases/task.UWDS.20160407/data.ENG.UW.DS1.new/uwds-0083.stc.xml
ID ::  IIS-MR-MATH-GRADEXX-XXXXXX
<Unit ID="IIS-MR-MATH-GRADEXX-XXXXXX">

0__ROOT
	 1__76 scissorses
		 2__OP_Addition
			 3__54 scissorses
			 4__22 scissorses
Explanation : 
 Ans: 
There are 	54 scissorses + 22 scissorses = 76 scissorses.
^^^^^^^^^^^^^^^^^^^^	end of case : uwds-0083	^^^^^^^^^^^^^^^^^^^^




====================	start of case : uwds-0084	====================
python3 __init__.py -i ./demo_cases/task.UWDS.20160407/data.ENG.UW.DS1.new/uwds-0084.trace.xml -l ./demo_cases/task.UWDS.20160407/data.ENG.UW.DS1.new/uwds-0084.lft.xml -s ./demo_cases/task.UWDS.20160407/data.ENG.UW.DS1.new/uwds-0084.stc.xml
ID ::  IIS-MR-MATH-GRADEXX-XXXXXX
<Unit ID="IIS-MR-MATH-GRADEXX-XXXXXX">

0__ROOT
	 1__59 pears
		 2__OP_Addition
			 3__42 pears
			 4__17 pears
Explanation : 
 Ans: 
	42 pears + 17 pears = 59 pears were picked.
^^^^^^^^^^^^^^^^^^^^	end of case : uwds-0084	^^^^^^^^^^^^^^^^^^^^




====================	start of case : uwds-0085	====================
python3 __init__.py -i ./demo_cases/task.UWDS.20160407/data.ENG.UW.DS1.new/uwds-0085.trace.xml -l ./demo_cases/task.UWDS.20160407/data.ENG.UW.DS1.new/uwds-0085.lft.xml -s ./demo_cases/task.UWDS.20160407/data.ENG.UW.DS1.new/uwds-0085.stc.xml
ID ::  IIS-MR-MATH-GRADEXX-XXXXXX
<Unit ID="IIS-MR-MATH-GRADEXX-XXXXXX">

0__ROOT
	 1__5 pennies
		 2__OP_Subtraction
			 3__98 pennies
			 4__93 pennies
Explanation : 
 Ans: 
He  has	98 pennies - 93 pennies = 5 pennies.
^^^^^^^^^^^^^^^^^^^^	end of case : uwds-0085	^^^^^^^^^^^^^^^^^^^^




====================	start of case : uwds-0086	====================
python3 __init__.py -i ./demo_cases/task.UWDS.20160407/data.ENG.UW.DS1.new/uwds-0086.trace.xml -l ./demo_cases/task.UWDS.20160407/data.ENG.UW.DS1.new/uwds-0086.lft.xml -s ./demo_cases/task.UWDS.20160407/data.ENG.UW.DS1.new/uwds-0086.stc.xml
ID ::  IIS-MR-MATH-GRADEXX-XXXXXX
<Unit ID="IIS-MR-MATH-GRADEXX-XXXXXX">

0__ROOT
	 1__16 seashells
		 2__OP_Subtraction
			 3__79 seashells
			 4__63 seashells
Explanation : 
 Ans: 
She  has	79 seashells - 63 seashells = 16 seashells.
^^^^^^^^^^^^^^^^^^^^	end of case : uwds-0086	^^^^^^^^^^^^^^^^^^^^




====================	start of case : uwds-0087	====================
python3 __init__.py -i ./demo_cases/task.UWDS.20160407/data.ENG.UW.DS1.new/uwds-0087.trace.xml -l ./demo_cases/task.UWDS.20160407/data.ENG.UW.DS1.new/uwds-0087.lft.xml -s ./demo_cases/task.UWDS.20160407/data.ENG.UW.DS1.new/uwds-0087.stc.xml
ID ::  IIS-MR-MATH-GRADEXX-XXXXXX
<Unit ID="IIS-MR-MATH-GRADEXX-XXXXXX">

0__ROOT
	 1__212 books
		 2__OP_Addition
			 3__110 books
			 4__102 books
Explanation : 
 Ans: 
They  have	110 books + 102 books = 212 books.
^^^^^^^^^^^^^^^^^^^^	end of case : uwds-0087	^^^^^^^^^^^^^^^^^^^^




====================	start of case : uwds-0088	====================
python3 __init__.py -i ./demo_cases/task.UWDS.20160407/data.ENG.UW.DS1.new/uwds-0088.trace.xml -l ./demo_cases/task.UWDS.20160407/data.ENG.UW.DS1.new/uwds-0088.lft.xml -s ./demo_cases/task.UWDS.20160407/data.ENG.UW.DS1.new/uwds-0088.stc.xml
ID ::  IIS-MR-MATH-GRADEXX-XXXXXX
<Unit ID="IIS-MR-MATH-GRADEXX-XXXXXX">

0__ROOT
	 1__227 oranges
		 2__OP_Addition
			 3__122 oranges
			 4__105 oranges
Explanation : 
 Ans: 
	122 oranges + 105 oranges = 227 oranges were picked.
^^^^^^^^^^^^^^^^^^^^	end of case : uwds-0088	^^^^^^^^^^^^^^^^^^^^




====================	start of case : uwds-0089	====================
python3 __init__.py -i ./demo_cases/task.UWDS.20160407/data.ENG.UW.DS1.new/uwds-0089.trace.xml -l ./demo_cases/task.UWDS.20160407/data.ENG.UW.DS1.new/uwds-0089.lft.xml -s ./demo_cases/task.UWDS.20160407/data.ENG.UW.DS1.new/uwds-0089.stc.xml
ID ::  IIS-MR-MATH-GRADEXX-XXXXXX
<Unit ID="IIS-MR-MATH-GRADEXX-XXXXXX">

0__ROOT
	 1__342 quarters
		 2__OP_Subtraction
			 3__760 quarters
			 4__418 quarters
Explanation : 
 Ans: 
She  has	760 quarters - 418 quarters = 342 quarters.
^^^^^^^^^^^^^^^^^^^^	end of case : uwds-0089	^^^^^^^^^^^^^^^^^^^^




====================	start of case : uwds-0090	====================
python3 __init__.py -i ./demo_cases/task.UWDS.20160407/data.ENG.UW.DS1.new/uwds-0090.trace.xml -l ./demo_cases/task.UWDS.20160407/data.ENG.UW.DS1.new/uwds-0090.lft.xml -s ./demo_cases/task.UWDS.20160407/data.ENG.UW.DS1.new/uwds-0090.stc.xml
ID ::  IIS-MR-MATH-GRADEXX-XXXXXX
<Unit ID="IIS-MR-MATH-GRADEXX-XXXXXX">

0__ROOT
	 1__252 turnips
		 2__OP_Addition
			 3__139 turnips
			 4__113 turnips
Explanation : 
 Ans: 
They  growed	139 turnips + 113 turnips = 252 turnips.
^^^^^^^^^^^^^^^^^^^^	end of case : uwds-0090	^^^^^^^^^^^^^^^^^^^^




====================	start of case : uwds-0091	====================
python3 __init__.py -i ./demo_cases/task.UWDS.20160407/data.ENG.UW.DS1.new/uwds-0091.trace.xml -l ./demo_cases/task.UWDS.20160407/data.ENG.UW.DS1.new/uwds-0091.lft.xml -s ./demo_cases/task.UWDS.20160407/data.ENG.UW.DS1.new/uwds-0091.stc.xml
ID ::  IIS-MR-MATH-GRADEXX-XXXXXX
<Unit ID="IIS-MR-MATH-GRADEXX-XXXXXX">

0__ROOT
	 1__452 cards
		 2__OP_Subtraction
			 3__676 cards
			 4__224 cards
Explanation : 
 Ans: 
Jason  has	676 cards - 224 cards = 452 cards.
^^^^^^^^^^^^^^^^^^^^	end of case : uwds-0091	^^^^^^^^^^^^^^^^^^^^




====================	start of case : uwds-0092	====================
python3 __init__.py -i ./demo_cases/task.UWDS.20160407/data.ENG.UW.DS1.new/uwds-0092.trace.xml -l ./demo_cases/task.UWDS.20160407/data.ENG.UW.DS1.new/uwds-0092.lft.xml -s ./demo_cases/task.UWDS.20160407/data.ENG.UW.DS1.new/uwds-0092.stc.xml
ID ::  IIS-MR-MATH-GRADEXX-XXXXXX
<Unit ID="IIS-MR-MATH-GRADEXX-XXXXXX">

0__ROOT
	 1__211 trees
		 2__OP_Addition
			 3__107 trees
			 4__104 trees
Explanation : 
 Ans: 
The park  will have	107 trees + 104 trees = 211 trees.
^^^^^^^^^^^^^^^^^^^^	end of case : uwds-0092	^^^^^^^^^^^^^^^^^^^^




====================	start of case : uwds-0093	====================
python3 __init__.py -i ./demo_cases/task.UWDS.20160407/data.ENG.UW.DS1.new/uwds-0093.trace.xml -l ./demo_cases/task.UWDS.20160407/data.ENG.UW.DS1.new/uwds-0093.lft.xml -s ./demo_cases/task.UWDS.20160407/data.ENG.UW.DS1.new/uwds-0093.stc.xml
ID ::  IIS-MR-MATH-GRADEXX-XXXXXX
<Unit ID="IIS-MR-MATH-GRADEXX-XXXXXX">

0__ROOT
	 1__488 balloons
		 2__OP_Subtraction
			 3__709 balloons
			 4__221 balloons
Explanation : 
 Ans: 
He  has	709 balloons - 221 balloons = 488 balloons.
^^^^^^^^^^^^^^^^^^^^	end of case : uwds-0093	^^^^^^^^^^^^^^^^^^^^




====================	start of case : uwds-0094	====================
python3 __init__.py -i ./demo_cases/task.UWDS.20160407/data.ENG.UW.DS1.new/uwds-0094.trace.xml -l ./demo_cases/task.UWDS.20160407/data.ENG.UW.DS1.new/uwds-0094.lft.xml -s ./demo_cases/task.UWDS.20160407/data.ENG.UW.DS1.new/uwds-0094.stc.xml
ID ::  IIS-MR-MATH-GRADEXX-XXXXXX
<Unit ID="IIS-MR-MATH-GRADEXX-XXXXXX">

0__ROOT
	 1__215 pencils
		 2__OP_Addition
			 3__115 pencils
			 4__100 pencils
Explanation : 
 Ans: 
There are 	115 pencils + 100 pencils = 215 pencils.
^^^^^^^^^^^^^^^^^^^^	end of case : uwds-0094	^^^^^^^^^^^^^^^^^^^^




====================	start of case : uwds-0095	====================
python3 __init__.py -i ./demo_cases/task.UWDS.20160407/data.ENG.UW.DS1.new/uwds-0095.trace.xml -l ./demo_cases/task.UWDS.20160407/data.ENG.UW.DS1.new/uwds-0095.lft.xml -s ./demo_cases/task.UWDS.20160407/data.ENG.UW.DS1.new/uwds-0095.stc.xml
ID ::  IIS-MR-MATH-GRADEXX-XXXXXX
<Unit ID="IIS-MR-MATH-GRADEXX-XXXXXX">

0__ROOT
	 1__1 card
		 2__OP_Subtraction
			 3__3 cards
			 4__2 cards
Explanation : 
 Ans: 
Jason  has	3 cards - 2 cards = 1 card.
^^^^^^^^^^^^^^^^^^^^	end of case : uwds-0095	^^^^^^^^^^^^^^^^^^^^




====================	start of case : uwds-0096	====================
python3 __init__.py -i ./demo_cases/task.UWDS.20160407/data.ENG.UW.DS1.new/uwds-0096.trace.xml -l ./demo_cases/task.UWDS.20160407/data.ENG.UW.DS1.new/uwds-0096.lft.xml -s ./demo_cases/task.UWDS.20160407/data.ENG.UW.DS1.new/uwds-0096.stc.xml
ID ::  IIS-MR-MATH-GRADEXX-XXXXXX
<Unit ID="IIS-MR-MATH-GRADEXX-XXXXXX">

0__ROOT
	 1__4 marbles
		 2__OP_Subtraction
			 3__8 marbles
			 4__4 marbles
Explanation : 
 Ans: 
He  has	8 marbles - 4 marbles = 4 marbles.
^^^^^^^^^^^^^^^^^^^^	end of case : uwds-0096	^^^^^^^^^^^^^^^^^^^^




====================	start of case : uwds-0097	====================
python3 __init__.py -i ./demo_cases/task.UWDS.20160407/data.ENG.UW.DS1.new/uwds-0097.trace.xml -l ./demo_cases/task.UWDS.20160407/data.ENG.UW.DS1.new/uwds-0097.lft.xml -s ./demo_cases/task.UWDS.20160407/data.ENG.UW.DS1.new/uwds-0097.stc.xml
ID ::  IIS-MR-MATH-GRADEXX-XXXXXX
<Unit ID="IIS-MR-MATH-GRADEXX-XXXXXX">

0__ROOT
	 1__3 dimes
		 2__OP_Subtraction
			 3__5 dimes
			 4__2 dimes
Explanation : 
 Ans: 
She  has	5 dimes - 2 dimes = 3 dimes.
^^^^^^^^^^^^^^^^^^^^	end of case : uwds-0097	^^^^^^^^^^^^^^^^^^^^




====================	start of case : uwds-0098	====================
python3 __init__.py -i ./demo_cases/task.UWDS.20160407/data.ENG.UW.DS1.new/uwds-0098.trace.xml -l ./demo_cases/task.UWDS.20160407/data.ENG.UW.DS1.new/uwds-0098.lft.xml -s ./demo_cases/task.UWDS.20160407/data.ENG.UW.DS1.new/uwds-0098.stc.xml
ID ::  IIS-MR-MATH-GRADEXX-XXXXXX
<Unit ID="IIS-MR-MATH-GRADEXX-XXXXXX">

0__ROOT
	 1__6 bushes
		 2__OP_Addition
			 3__2 bushes
			 4__4 bushes
Explanation : 
 Ans: 
The park  will have	2 bushes + 4 bushes = 6 bushes.
^^^^^^^^^^^^^^^^^^^^	end of case : uwds-0098	^^^^^^^^^^^^^^^^^^^^




====================	start of case : uwds-0099	====================
python3 __init__.py -i ./demo_cases/task.UWDS.20160407/data.ENG.UW.DS1.new/uwds-0099.trace.xml -l ./demo_cases/task.UWDS.20160407/data.ENG.UW.DS1.new/uwds-0099.lft.xml -s ./demo_cases/task.UWDS.20160407/data.ENG.UW.DS1.new/uwds-0099.stc.xml
ID ::  IIS-MR-MATH-GRADEXX-XXXXXX
<Unit ID="IIS-MR-MATH-GRADEXX-XXXXXX">

0__ROOT
	 1__11 pears
		 2__OP_Addition
			 3__6 pears
			 4__5 pears
Explanation : 
 Ans: 
	6 pears + 5 pears = 11 pears were picked.
^^^^^^^^^^^^^^^^^^^^	end of case : uwds-0099	^^^^^^^^^^^^^^^^^^^^




====================	start of case : uwds-0100	====================
python3 __init__.py -i ./demo_cases/task.UWDS.20160407/data.ENG.UW.DS1.new/uwds-0100.trace.xml -l ./demo_cases/task.UWDS.20160407/data.ENG.UW.DS1.new/uwds-0100.lft.xml -s ./demo_cases/task.UWDS.20160407/data.ENG.UW.DS1.new/uwds-0100.stc.xml
ID ::  IIS-MR-MATH-GRADEXX-XXXXXX
<Unit ID="IIS-MR-MATH-GRADEXX-XXXXXX">

0__ROOT
	 1__1 watermelon
		 2__OP_Subtraction
			 3__4 watermelons
			 4__3 watermelons
Explanation : 
 Ans: 
Sam  has	4 watermelons - 3 watermelons = 1 watermelon.
^^^^^^^^^^^^^^^^^^^^	end of case : uwds-0100	^^^^^^^^^^^^^^^^^^^^




====================	start of case : uwds-0101	====================
python3 __init__.py -i ./demo_cases/task.UWDS.20160407/data.ENG.UW.DS1.new/uwds-0101.trace.xml -l ./demo_cases/task.UWDS.20160407/data.ENG.UW.DS1.new/uwds-0101.lft.xml -s ./demo_cases/task.UWDS.20160407/data.ENG.UW.DS1.new/uwds-0101.stc.xml
ID ::  IIS-MR-MATH-GRADEXX-XXXXXX
<Unit ID="IIS-MR-MATH-GRADEXX-XXXXXX">

0__ROOT
	 1__13 cards
		 2__OP_Addition
			 3__9 cards
			 4__4 cards
Explanation : 
 Ans: 
He  had	9 cards + 4 cards = 13 cards.
^^^^^^^^^^^^^^^^^^^^	end of case : uwds-0101	^^^^^^^^^^^^^^^^^^^^




====================	start of case : uwds-0102	====================
python3 __init__.py -i ./demo_cases/task.UWDS.20160407/data.ENG.UW.DS1.new/uwds-0102.trace.xml -l ./demo_cases/task.UWDS.20160407/data.ENG.UW.DS1.new/uwds-0102.lft.xml -s ./demo_cases/task.UWDS.20160407/data.ENG.UW.DS1.new/uwds-0102.stc.xml
ID ::  IIS-MR-MATH-GRADEXX-XXXXXX
<Unit ID="IIS-MR-MATH-GRADEXX-XXXXXX">

0__ROOT
	 1__12 nickels
		 2__OP_Addition
			 3__7 nickels
			 4__5 nickels
Explanation : 
 Ans: 
Mary  has	7 nickels + 5 nickels = 12 nickels.
^^^^^^^^^^^^^^^^^^^^	end of case : uwds-0102	^^^^^^^^^^^^^^^^^^^^




====================	start of case : uwds-0103	====================
python3 __init__.py -i ./demo_cases/task.UWDS.20160407/data.ENG.UW.DS1.new/uwds-0103.trace.xml -l ./demo_cases/task.UWDS.20160407/data.ENG.UW.DS1.new/uwds-0103.lft.xml -s ./demo_cases/task.UWDS.20160407/data.ENG.UW.DS1.new/uwds-0103.stc.xml
ID ::  IIS-MR-MATH-GRADEXX-XXXXXX
<Unit ID="IIS-MR-MATH-GRADEXX-XXXXXX">

0__ROOT
	 1__15 turnips
		 2__OP_Addition
			 3__6 turnips
			 4__9 turnips
Explanation : 
 Ans: 
They  growed	6 turnips + 9 turnips = 15 turnips.
^^^^^^^^^^^^^^^^^^^^	end of case : uwds-0103	^^^^^^^^^^^^^^^^^^^^




====================	start of case : uwds-0104	====================
python3 __init__.py -i ./demo_cases/task.UWDS.20160407/data.ENG.UW.DS1.new/uwds-0104.trace.xml -l ./demo_cases/task.UWDS.20160407/data.ENG.UW.DS1.new/uwds-0104.lft.xml -s ./demo_cases/task.UWDS.20160407/data.ENG.UW.DS1.new/uwds-0104.stc.xml
ID ::  IIS-MR-MATH-GRADEXX-XXXXXX
<Unit ID="IIS-MR-MATH-GRADEXX-XXXXXX">

0__ROOT
	 1__12 marbles
		 2__OP_Addition
			 3__9 marbles
			 4__3 marbles
Explanation : 
 Ans: 
They  have	9 marbles + 3 marbles = 12 marbles.
^^^^^^^^^^^^^^^^^^^^	end of case : uwds-0104	^^^^^^^^^^^^^^^^^^^^




====================	start of case : uwds-0105	====================
python3 __init__.py -i ./demo_cases/task.UWDS.20160407/data.ENG.UW.DS1.new/uwds-0105.trace.xml -l ./demo_cases/task.UWDS.20160407/data.ENG.UW.DS1.new/uwds-0105.lft.xml -s ./demo_cases/task.UWDS.20160407/data.ENG.UW.DS1.new/uwds-0105.stc.xml
ID ::  IIS-MR-MATH-GRADEXX-XXXXXX
<Unit ID="IIS-MR-MATH-GRADEXX-XXXXXX">

0__ROOT
	 1__10 carrots
		 2__OP_Addition
			 3__6 carrots
			 4__4 carrots
Explanation : 
 Ans: 
They  growed	6 carrots + 4 carrots = 10 carrots.
^^^^^^^^^^^^^^^^^^^^	end of case : uwds-0105	^^^^^^^^^^^^^^^^^^^^




====================	start of case : uwds-0106	====================
python3 __init__.py -i ./demo_cases/task.UWDS.20160407/data.ENG.UW.DS1.new/uwds-0106.trace.xml -l ./demo_cases/task.UWDS.20160407/data.ENG.UW.DS1.new/uwds-0106.lft.xml -s ./demo_cases/task.UWDS.20160407/data.ENG.UW.DS1.new/uwds-0106.stc.xml
ID ::  IIS-MR-MATH-GRADEXX-XXXXXX
<Unit ID="IIS-MR-MATH-GRADEXX-XXXXXX">

0__ROOT
	 1__3 seashells
		 2__OP_Subtraction
			 3__5 seashells
			 4__2 seashells
Explanation : 
 Ans: 
He  has	5 seashells - 2 seashells = 3 seashells.
^^^^^^^^^^^^^^^^^^^^	end of case : uwds-0106	^^^^^^^^^^^^^^^^^^^^




====================	start of case : uwds-0107	====================
python3 __init__.py -i ./demo_cases/task.UWDS.20160407/data.ENG.UW.DS1.new/uwds-0107.trace.xml -l ./demo_cases/task.UWDS.20160407/data.ENG.UW.DS1.new/uwds-0107.lft.xml -s ./demo_cases/task.UWDS.20160407/data.ENG.UW.DS1.new/uwds-0107.stc.xml
ID ::  IIS-MR-MATH-GRADEXX-XXXXXX
<Unit ID="IIS-MR-MATH-GRADEXX-XXXXXX">

0__ROOT
	 1__2 cards
		 2__OP_Subtraction
			 3__5 cards
			 4__3 cards
Explanation : 
 Ans: 
Fred  has	5 cards - 3 cards = 2 cards.
^^^^^^^^^^^^^^^^^^^^	end of case : uwds-0107	^^^^^^^^^^^^^^^^^^^^




====================	start of case : uwds-0108	====================
python3 __init__.py -i ./demo_cases/task.UWDS.20160407/data.ENG.UW.DS1.new/uwds-0108.trace.xml -l ./demo_cases/task.UWDS.20160407/data.ENG.UW.DS1.new/uwds-0108.lft.xml -s ./demo_cases/task.UWDS.20160407/data.ENG.UW.DS1.new/uwds-0108.stc.xml
ID ::  IIS-MR-MATH-GRADEXX-XXXXXX
<Unit ID="IIS-MR-MATH-GRADEXX-XXXXXX">

0__ROOT
	 1__5 potatoes
		 2__OP_Subtraction
			 3__8 potatoes
			 4__3 potatoes
Explanation : 
 Ans: 
Mary  has	8 potatoes - 3 potatoes = 5 potatoes.
^^^^^^^^^^^^^^^^^^^^	end of case : uwds-0108	^^^^^^^^^^^^^^^^^^^^




====================	start of case : uwds-0109	====================
python3 __init__.py -i ./demo_cases/task.UWDS.20160407/data.ENG.UW.DS1.new/uwds-0109.trace.xml -l ./demo_cases/task.UWDS.20160407/data.ENG.UW.DS1.new/uwds-0109.lft.xml -s ./demo_cases/task.UWDS.20160407/data.ENG.UW.DS1.new/uwds-0109.stc.xml
ID ::  IIS-MR-MATH-GRADEXX-XXXXXX
<Unit ID="IIS-MR-MATH-GRADEXX-XXXXXX">

0__ROOT
	 1__7 trees
		 2__OP_Subtraction
			 3__9 trees
			 4__2 trees
Explanation : 
 Ans: 
The park  will have	9 trees - 2 trees = 7 trees.
^^^^^^^^^^^^^^^^^^^^	end of case : uwds-0109	^^^^^^^^^^^^^^^^^^^^




====================	start of case : uwds-0110	====================
python3 __init__.py -i ./demo_cases/task.UWDS.20160407/data.ENG.UW.DS1.new/uwds-0110.trace.xml -l ./demo_cases/task.UWDS.20160407/data.ENG.UW.DS1.new/uwds-0110.lft.xml -s ./demo_cases/task.UWDS.20160407/data.ENG.UW.DS1.new/uwds-0110.stc.xml
ID ::  IIS-MR-MATH-GRADEXX-XXXXXX
<Unit ID="IIS-MR-MATH-GRADEXX-XXXXXX">

0__ROOT
	 1__5 quarters
		 2__OP_Subtraction
			 3__8 quarters
			 4__3 quarters
Explanation : 
 Ans: 
Jessica  has	8 quarters - 3 quarters = 5 quarters.
^^^^^^^^^^^^^^^^^^^^	end of case : uwds-0110	^^^^^^^^^^^^^^^^^^^^




====================	start of case : uwds-0111	====================
python3 __init__.py -i ./demo_cases/task.UWDS.20160407/data.ENG.UW.DS1.new/uwds-0111.trace.xml -l ./demo_cases/task.UWDS.20160407/data.ENG.UW.DS1.new/uwds-0111.lft.xml -s ./demo_cases/task.UWDS.20160407/data.ENG.UW.DS1.new/uwds-0111.stc.xml
ID ::  IIS-MR-MATH-GRADEXX-XXXXXX
<Unit ID="IIS-MR-MATH-GRADEXX-XXXXXX">

0__ROOT
	 1__6 hamburgers
		 2__OP_Subtraction
			 3__9 hamburgers
			 4__3 hamburgers
Explanation : 
 Ans: 
There are 	9 hamburgers - 3 hamburgers = 6 hamburgers.
^^^^^^^^^^^^^^^^^^^^	end of case : uwds-0111	^^^^^^^^^^^^^^^^^^^^




====================	start of case : uwds-0112	====================
python3 __init__.py -i ./demo_cases/task.UWDS.20160407/data.ENG.UW.DS1.new/uwds-0112.trace.xml -l ./demo_cases/task.UWDS.20160407/data.ENG.UW.DS1.new/uwds-0112.lft.xml -s ./demo_cases/task.UWDS.20160407/data.ENG.UW.DS1.new/uwds-0112.stc.xml
ID ::  IIS-MR-MATH-GRADEXX-XXXXXX
<Unit ID="IIS-MR-MATH-GRADEXX-XXXXXX">

0__ROOT
	 1__4 crayons
		 2__OP_Subtraction
			 3__7 crayons
			 4__3 crayons
Explanation : 
 Ans: 
There are 	7 crayons - 3 crayons = 4 crayons.
^^^^^^^^^^^^^^^^^^^^	end of case : uwds-0112	^^^^^^^^^^^^^^^^^^^^




====================	start of case : uwds-0113	====================
python3 __init__.py -i ./demo_cases/task.UWDS.20160407/data.ENG.UW.DS1.new/uwds-0113.trace.xml -l ./demo_cases/task.UWDS.20160407/data.ENG.UW.DS1.new/uwds-0113.lft.xml -s ./demo_cases/task.UWDS.20160407/data.ENG.UW.DS1.new/uwds-0113.stc.xml
ID ::  IIS-MR-MATH-GRADEXX-XXXXXX
<Unit ID="IIS-MR-MATH-GRADEXX-XXXXXX">

0__ROOT
	 1__5 limes
		 2__OP_Subtraction
			 3__9 limes
			 4__4 limes
Explanation : 
 Ans: 
Dan  has	9 limes - 4 limes = 5 limes.
^^^^^^^^^^^^^^^^^^^^	end of case : uwds-0113	^^^^^^^^^^^^^^^^^^^^




====================	start of case : uwds-0114	====================
python3 __init__.py -i ./demo_cases/task.UWDS.20160407/data.ENG.UW.DS1.new/uwds-0114.trace.xml -l ./demo_cases/task.UWDS.20160407/data.ENG.UW.DS1.new/uwds-0114.lft.xml -s ./demo_cases/task.UWDS.20160407/data.ENG.UW.DS1.new/uwds-0114.stc.xml
ID ::  IIS-MR-MATH-GRADEXX-XXXXXX
<Unit ID="IIS-MR-MATH-GRADEXX-XXXXXX">

0__ROOT
	 1__7 balloons
		 2__OP_Subtraction
			 3__9 balloons
			 4__2 balloons
Explanation : 
 Ans: 
Joan  has	9 balloons - 2 balloons = 7 balloons.
^^^^^^^^^^^^^^^^^^^^	end of case : uwds-0114	^^^^^^^^^^^^^^^^^^^^




====================	start of case : uwds-0115	====================
python3 __init__.py -i ./demo_cases/task.UWDS.20160407/data.ENG.UW.DS1.new/uwds-0115.trace.xml -l ./demo_cases/task.UWDS.20160407/data.ENG.UW.DS1.new/uwds-0115.lft.xml -s ./demo_cases/task.UWDS.20160407/data.ENG.UW.DS1.new/uwds-0115.stc.xml
ID ::  IIS-MR-MATH-GRADEXX-XXXXXX
<Unit ID="IIS-MR-MATH-GRADEXX-XXXXXX">

0__ROOT
	 1__16 apples
		 2__OP_Subtraction
			 3__43 apples
			 4__27 apples
Explanation : 
 Ans: 
Joan  has	43 apples - 27 apples = 16 apples.
^^^^^^^^^^^^^^^^^^^^	end of case : uwds-0115	^^^^^^^^^^^^^^^^^^^^




====================	start of case : uwds-0116	====================
python3 __init__.py -i ./demo_cases/task.UWDS.20160407/data.ENG.UW.DS1.new/uwds-0116.trace.xml -l ./demo_cases/task.UWDS.20160407/data.ENG.UW.DS1.new/uwds-0116.lft.xml -s ./demo_cases/task.UWDS.20160407/data.ENG.UW.DS1.new/uwds-0116.stc.xml
ID ::  IIS-MR-MATH-GRADEXX-XXXXXX
<Unit ID="IIS-MR-MATH-GRADEXX-XXXXXX">

0__ROOT
	 1__14 balloons
		 2__OP_Subtraction
			 3__30 balloons
			 4__16 balloons
Explanation : 
 Ans: 
He  has	30 balloons - 16 balloons = 14 balloons.
^^^^^^^^^^^^^^^^^^^^	end of case : uwds-0116	^^^^^^^^^^^^^^^^^^^^




====================	start of case : uwds-0117	====================
python3 __init__.py -i ./demo_cases/task.UWDS.20160407/data.ENG.UW.DS1.new/uwds-0117.trace.xml -l ./demo_cases/task.UWDS.20160407/data.ENG.UW.DS1.new/uwds-0117.lft.xml -s ./demo_cases/task.UWDS.20160407/data.ENG.UW.DS1.new/uwds-0117.stc.xml
ID ::  IIS-MR-MATH-GRADEXX-XXXXXX
<Unit ID="IIS-MR-MATH-GRADEXX-XXXXXX">

0__ROOT
	 1__18 cards
		 2__OP_Subtraction
			 3__40 cards
			 4__22 cards
Explanation : 
 Ans: 
Fred  has	40 cards - 22 cards = 18 cards.
^^^^^^^^^^^^^^^^^^^^	end of case : uwds-0117	^^^^^^^^^^^^^^^^^^^^




====================	start of case : uwds-0118	====================
python3 __init__.py -i ./demo_cases/task.UWDS.20160407/data.ENG.UW.DS1.new/uwds-0118.trace.xml -l ./demo_cases/task.UWDS.20160407/data.ENG.UW.DS1.new/uwds-0118.lft.xml -s ./demo_cases/task.UWDS.20160407/data.ENG.UW.DS1.new/uwds-0118.stc.xml
ID ::  IIS-MR-MATH-GRADEXX-XXXXXX
<Unit ID="IIS-MR-MATH-GRADEXX-XXXXXX">

0__ROOT
	 1__22 seashells
		 2__OP_Subtraction
			 3__47 seashells
			 4__25 seashells
Explanation : 
 Ans: 
He  has	47 seashells - 25 seashells = 22 seashells.
^^^^^^^^^^^^^^^^^^^^	end of case : uwds-0118	^^^^^^^^^^^^^^^^^^^^




====================	start of case : uwds-0119	====================
python3 __init__.py -i ./demo_cases/task.UWDS.20160407/data.ENG.UW.DS1.new/uwds-0119.trace.xml -l ./demo_cases/task.UWDS.20160407/data.ENG.UW.DS1.new/uwds-0119.lft.xml -s ./demo_cases/task.UWDS.20160407/data.ENG.UW.DS1.new/uwds-0119.stc.xml
ID ::  IIS-MR-MATH-GRADEXX-XXXXXX
<Unit ID="IIS-MR-MATH-GRADEXX-XXXXXX">

0__ROOT
	 1__20 pumpkins
		 2__OP_Subtraction
			 3__43 pumpkins
			 4__23 pumpkins
Explanation : 
 Ans: 
Sara  has	43 pumpkins - 23 pumpkins = 20 pumpkins.
^^^^^^^^^^^^^^^^^^^^	end of case : uwds-0119	^^^^^^^^^^^^^^^^^^^^




====================	start of case : uwds-0120	====================
python3 __init__.py -i ./demo_cases/task.UWDS.20160407/data.ENG.UW.DS1.new/uwds-0120.trace.xml -l ./demo_cases/task.UWDS.20160407/data.ENG.UW.DS1.new/uwds-0120.lft.xml -s ./demo_cases/task.UWDS.20160407/data.ENG.UW.DS1.new/uwds-0120.stc.xml
ID ::  IIS-MR-MATH-GRADEXX-XXXXXX
<Unit ID="IIS-MR-MATH-GRADEXX-XXXXXX">

0__ROOT
	 1__7 books
		 2__OP_Subtraction
			 3__33 books
			 4__26 books
Explanation : 
 Ans: 
Joan  has	33 books - 26 books = 7 books.
^^^^^^^^^^^^^^^^^^^^	end of case : uwds-0120	^^^^^^^^^^^^^^^^^^^^




====================	start of case : uwds-0121	====================
python3 __init__.py -i ./demo_cases/task.UWDS.20160407/data.ENG.UW.DS1.new/uwds-0121.trace.xml -l ./demo_cases/task.UWDS.20160407/data.ENG.UW.DS1.new/uwds-0121.lft.xml -s ./demo_cases/task.UWDS.20160407/data.ENG.UW.DS1.new/uwds-0121.stc.xml
ID ::  IIS-MR-MATH-GRADEXX-XXXXXX
<Unit ID="IIS-MR-MATH-GRADEXX-XXXXXX">

0__ROOT
	 1__21 rulers
		 2__OP_Subtraction
			 3__46 rulers
			 4__25 rulers
Explanation : 
 Ans: 
There are 	46 rulers - 25 rulers = 21 rulers.
^^^^^^^^^^^^^^^^^^^^	end of case : uwds-0121	^^^^^^^^^^^^^^^^^^^^




====================	start of case : uwds-0122	====================
python3 __init__.py -i ./demo_cases/task.UWDS.20160407/data.ENG.UW.DS1.new/uwds-0122.trace.xml -l ./demo_cases/task.UWDS.20160407/data.ENG.UW.DS1.new/uwds-0122.lft.xml -s ./demo_cases/task.UWDS.20160407/data.ENG.UW.DS1.new/uwds-0122.stc.xml
ID ::  IIS-MR-MATH-GRADEXX-XXXXXX
<Unit ID="IIS-MR-MATH-GRADEXX-XXXXXX">

0__ROOT
	 1__15 trees
		 2__OP_Subtraction
			 3__33 trees
			 4__18 trees
Explanation : 
 Ans: 
There are 	33 trees - 18 trees = 15 trees.
^^^^^^^^^^^^^^^^^^^^	end of case : uwds-0122	^^^^^^^^^^^^^^^^^^^^




====================	start of case : uwds-0123	====================
python3 __init__.py -i ./demo_cases/task.UWDS.20160407/data.ENG.UW.DS1.new/uwds-0123.trace.xml -l ./demo_cases/task.UWDS.20160407/data.ENG.UW.DS1.new/uwds-0123.lft.xml -s ./demo_cases/task.UWDS.20160407/data.ENG.UW.DS1.new/uwds-0123.stc.xml
ID ::  IIS-MR-MATH-GRADEXX-XXXXXX
<Unit ID="IIS-MR-MATH-GRADEXX-XXXXXX">

0__ROOT
	 1__9 USDs
		 2__OP_Addition
			 3__5 USDs
			 4__4 USDs
Explanation : 
 Ans: 
Joan  spent	5 USDs + 4 USDs = 9 USDs.
^^^^^^^^^^^^^^^^^^^^	end of case : uwds-0123	^^^^^^^^^^^^^^^^^^^^




====================	start of case : uwds-0124	====================
python3 __init__.py -i ./demo_cases/task.UWDS.20160407/data.ENG.UW.DS1.new/uwds-0124.trace.xml -l ./demo_cases/task.UWDS.20160407/data.ENG.UW.DS1.new/uwds-0124.lft.xml -s ./demo_cases/task.UWDS.20160407/data.ENG.UW.DS1.new/uwds-0124.stc.xml
ID ::  IIS-MR-MATH-GRADEXX-XXXXXX
<Unit ID="IIS-MR-MATH-GRADEXX-XXXXXX">

0__ROOT
	 1__151 USDs
		 2__OP_Addition
			 3__145 USDs
			 4__5 USDs
Explanation : 
 Ans: 
Mike  spent	145 USDs + 5 USDs = 151 USDs.
^^^^^^^^^^^^^^^^^^^^	end of case : uwds-0124	^^^^^^^^^^^^^^^^^^^^




====================	start of case : uwds-0125	====================
python3 __init__.py -i ./demo_cases/task.UWDS.20160407/data.ENG.UW.DS1.new/uwds-0125.trace.xml -l ./demo_cases/task.UWDS.20160407/data.ENG.UW.DS1.new/uwds-0125.lft.xml -s ./demo_cases/task.UWDS.20160407/data.ENG.UW.DS1.new/uwds-0125.stc.xml
ID ::  IIS-MR-MATH-GRADEXX-XXXXXX
<Unit ID="IIS-MR-MATH-GRADEXX-XXXXXX">

0__ROOT
	 1__12 USDs
		 2__OP_Addition
			 3__5 USDs
			 4__6 USDs
Explanation : 
 Ans: 
Alyssa  spent	5 USDs + 6 USDs = 12 USDs.
^^^^^^^^^^^^^^^^^^^^	end of case : uwds-0125	^^^^^^^^^^^^^^^^^^^^




====================	start of case : uwds-0126	====================
python3 __init__.py -i ./demo_cases/task.UWDS.20160407/data.ENG.UW.DS1.new/uwds-0126.trace.xml -l ./demo_cases/task.UWDS.20160407/data.ENG.UW.DS1.new/uwds-0126.lft.xml -s ./demo_cases/task.UWDS.20160407/data.ENG.UW.DS1.new/uwds-0126.stc.xml
ID ::  IIS-MR-MATH-GRADEXX-XXXXXX
<Unit ID="IIS-MR-MATH-GRADEXX-XXXXXX">

0__ROOT
	 1__21 USDs
		 2__OP_Addition
			 3__10 USDs
			 4__11 USDs
Explanation : 
 Ans: 
The total cost of Jessica 's purchase  was	10 USDs + 11 USDs = 21 USDs.
^^^^^^^^^^^^^^^^^^^^	end of case : uwds-0126	^^^^^^^^^^^^^^^^^^^^




====================	start of case : uwds-0127	====================
python3 __init__.py -i ./demo_cases/task.UWDS.20160407/data.ENG.UW.DS1.new/uwds-0127.trace.xml -l ./demo_cases/task.UWDS.20160407/data.ENG.UW.DS1.new/uwds-0127.lft.xml -s ./demo_cases/task.UWDS.20160407/data.ENG.UW.DS1.new/uwds-0127.stc.xml
ID ::  IIS-MR-MATH-GRADEXX-XXXXXX
<Unit ID="IIS-MR-MATH-GRADEXX-XXXXXX">

0__ROOT
	 1__10 USDs
		 2__OP_Addition
			 3__5 USDs
			 4__5 USDs
Explanation : 
 Ans: 
The total of the lunch bill  was	5 USDs + 5 USDs = 10 USDs.
^^^^^^^^^^^^^^^^^^^^	end of case : uwds-0127	^^^^^^^^^^^^^^^^^^^^




====================	start of case : uwds-0128	====================
python3 __init__.py -i ./demo_cases/task.UWDS.20160407/data.ENG.UW.DS1.new/uwds-0128.trace.xml -l ./demo_cases/task.UWDS.20160407/data.ENG.UW.DS1.new/uwds-0128.lft.xml -s ./demo_cases/task.UWDS.20160407/data.ENG.UW.DS1.new/uwds-0128.stc.xml
ID ::  IIS-MR-MATH-GRADEXX-XXXXXX
<Unit ID="IIS-MR-MATH-GRADEXX-XXXXXX">

0__ROOT
	 1__19 USDs
		 2__OP_Addition
			 3__14 USDs
			 4__4 USDs
Explanation : 
 Ans: 
Jason  spent	14 USDs + 4 USDs = 19 USDs.
^^^^^^^^^^^^^^^^^^^^	end of case : uwds-0128	^^^^^^^^^^^^^^^^^^^^




====================	start of case : uwds-0129	====================
python3 __init__.py -i ./demo_cases/task.UWDS.20160407/data.ENG.UW.DS1.new/uwds-0129.trace.xml -l ./demo_cases/task.UWDS.20160407/data.ENG.UW.DS1.new/uwds-0129.lft.xml -s ./demo_cases/task.UWDS.20160407/data.ENG.UW.DS1.new/uwds-0129.stc.xml
ID ::  IIS-MR-MATH-GRADEXX-XXXXXX
<Unit ID="IIS-MR-MATH-GRADEXX-XXXXXX">

0__ROOT
	 1__21 USDs
		 2__OP_Addition
			 3__12 USDs
			 4__9 USDs
Explanation : 
 Ans: 
Alyssa  spent	12 USDs + 9 USDs = 21 USDs.
^^^^^^^^^^^^^^^^^^^^	end of case : uwds-0129	^^^^^^^^^^^^^^^^^^^^




====================	start of case : uwds-0130	====================
python3 __init__.py -i ./demo_cases/task.UWDS.20160407/data.ENG.UW.DS1.new/uwds-0130.trace.xml -l ./demo_cases/task.UWDS.20160407/data.ENG.UW.DS1.new/uwds-0130.lft.xml -s ./demo_cases/task.UWDS.20160407/data.ENG.UW.DS1.new/uwds-0130.stc.xml
ID ::  IIS-MR-MATH-GRADEXX-XXXXXX
<Unit ID="IIS-MR-MATH-GRADEXX-XXXXXX">

0__ROOT
	 1__34 USDs
		 2__OP_Addition
			 3__25 USDs
				 4__OP_Addition
					 5__11 USDs
					 6__14 USDs
			 7__9 USDs
Explanation : 
 Ans: 
	11 USDs + 14 USDs = 25 USDs

	Thus,  She  spent	25 USDs + 9 USDs = 34 USDs.
^^^^^^^^^^^^^^^^^^^^	end of case : uwds-0130	^^^^^^^^^^^^^^^^^^^^




====================	start of case : uwds-0131	====================
python3 __init__.py -i ./demo_cases/task.UWDS.20160407/data.ENG.UW.DS1.new/uwds-0131.trace.xml -l ./demo_cases/task.UWDS.20160407/data.ENG.UW.DS1.new/uwds-0131.lft.xml -s ./demo_cases/task.UWDS.20160407/data.ENG.UW.DS1.new/uwds-0131.stc.xml
ID ::  IIS-MR-MATH-GRADEXX-XXXXXX
<Unit ID="IIS-MR-MATH-GRADEXX-XXXXXX">

0__ROOT
	 1__33 USDs
		 2__OP_Addition
			 3__26 USDs
				 4__OP_Addition
					 5__13 USDs
					 6__12 USDs
			 7__7 USDs
Explanation : 
 Ans: 
	13 USDs + 12 USDs = 26 USDs

	Thus,  Sandy  spent	26 USDs + 7 USDs = 33 USDs.
^^^^^^^^^^^^^^^^^^^^	end of case : uwds-0131	^^^^^^^^^^^^^^^^^^^^




====================	start of case : uwds-0132	====================
python3 __init__.py -i ./demo_cases/task.UWDS.20160407/data.ENG.UW.DS1.new/uwds-0132.trace.xml -l ./demo_cases/task.UWDS.20160407/data.ENG.UW.DS1.new/uwds-0132.lft.xml -s ./demo_cases/task.UWDS.20160407/data.ENG.UW.DS1.new/uwds-0132.stc.xml
ID ::  IIS-MR-MATH-GRADEXX-XXXXXX
<Unit ID="IIS-MR-MATH-GRADEXX-XXXXXX">

0__ROOT
	 1__158 USDs
		 2__OP_Addition
			 3__151 USDs
				 4__OP_Addition
					 5__142 USDs
					 6__8 USDs
			 7__7 USDs
Explanation : 
 Ans: 
	142 USDs + 8 USDs = 151 USDs

	Thus,  Jason  spent	151 USDs + 7 USDs = 158 USDs.
^^^^^^^^^^^^^^^^^^^^	end of case : uwds-0132	^^^^^^^^^^^^^^^^^^^^




====================	start of case : uwds-0133	====================
python3 __init__.py -i ./demo_cases/task.UWDS.20160407/data.ENG.UW.DS1.new/uwds-0133.trace.xml -l ./demo_cases/task.UWDS.20160407/data.ENG.UW.DS1.new/uwds-0133.lft.xml -s ./demo_cases/task.UWDS.20160407/data.ENG.UW.DS1.new/uwds-0133.stc.xml
ID ::  IIS-MR-MATH-GRADEXX-XXXXXX
<Unit ID="IIS-MR-MATH-GRADEXX-XXXXXX">

0__ROOT
	 1__35 USDs
		 2__OP_Addition
			 3__23 USDs
				 4__OP_Addition
					 5__14 USDs
					 6__9 USDs
			 7__12 USDs
Explanation : 
 Ans: 
	14 USDs + 9 USDs = 23 USDs

	Thus,  Tom  spent	23 USDs + 12 USDs = 35 USDs.
^^^^^^^^^^^^^^^^^^^^	end of case : uwds-0133	^^^^^^^^^^^^^^^^^^^^




====================	start of case : uwds-0134	====================
python3 __init__.py -i ./demo_cases/task.UWDS.20160407/data.ENG.UW.DS1.new/uwds-0134.trace.xml -l ./demo_cases/task.UWDS.20160407/data.ENG.UW.DS1.new/uwds-0134.lft.xml -s ./demo_cases/task.UWDS.20160407/data.ENG.UW.DS1.new/uwds-0134.stc.xml
ID ::  IIS-MR-MATH-GRADEXX-XXXXXX
<Unit ID="IIS-MR-MATH-GRADEXX-XXXXXX">

0__ROOT
	 1__20 USDs
		 2__OP_Addition
			 3__14 USDs
				 4__OP_Addition
					 5__9 USDs
					 6__4 USDs
			 7__6 USDs
Explanation : 
 Ans: 
	9 USDs + 4 USDs = 14 USDs

	Thus,  Mike  spent	14 USDs + 6 USDs = 20 USDs.
^^^^^^^^^^^^^^^^^^^^	end of case : uwds-0134	^^^^^^^^^^^^^^^^^^^^



