
====================	start of case : uwds-0135	====================
python3 __init__.py -i ./demo_cases/task.UWDS.20160407/data.ENG.UW.DS2.new/uwds-0135.trace.xml -l ./demo_cases/task.UWDS.20160407/data.ENG.UW.DS2.new/uwds-0135.lft.xml -s ./demo_cases/task.UWDS.20160407/data.ENG.UW.DS2.new/uwds-0135.stc.xml
ID ::  IIS-MR-MATH-GRADEXX-XXXXXX
<Unit ID="IIS-MR-MATH-GRADEXX-XXXXXX">

0__ROOT
	 1__14696 toncargoes
		 2__OP_Addition
			 3__5973 toncargoes
			 4__8723 tononboards
Explanation : 
 Ans: 
The ship  holds	5973 toncargoes + 8723 tononboards = 14696 toncargoes.
^^^^^^^^^^^^^^^^^^^^	end of case : uwds-0135	^^^^^^^^^^^^^^^^^^^^




====================	start of case : uwds-0136	====================
python3 __init__.py -i ./demo_cases/task.UWDS.20160407/data.ENG.UW.DS2.new/uwds-0136.trace.xml -l ./demo_cases/task.UWDS.20160407/data.ENG.UW.DS2.new/uwds-0136.lft.xml -s ./demo_cases/task.UWDS.20160407/data.ENG.UW.DS2.new/uwds-0136.stc.xml
ID ::  IIS-MR-MATH-GRADEXX-XXXXXX
<Unit ID="IIS-MR-MATH-GRADEXX-XXXXXX">

0__ROOT
	 1__7790 mufves
		 2__OP_Addition
			 3__1346 mufves
			 4__6444 mufves
Explanation : 
 Ans: 
The customers  buy	1346 mufves + 6444 mufves = 7790 mufves.
^^^^^^^^^^^^^^^^^^^^	end of case : uwds-0136	^^^^^^^^^^^^^^^^^^^^




====================	start of case : uwds-0137	====================
python3 __init__.py -i ./demo_cases/task.UWDS.20160407/data.ENG.UW.DS2.new/uwds-0137.trace.xml -l ./demo_cases/task.UWDS.20160407/data.ENG.UW.DS2.new/uwds-0137.lft.xml -s ./demo_cases/task.UWDS.20160407/data.ENG.UW.DS2.new/uwds-0137.stc.xml
ID ::  IIS-MR-MATH-GRADEXX-XXXXXX
<Unit ID="IIS-MR-MATH-GRADEXX-XXXXXX">

0__ROOT
	 1__8564 poundhoneys
		 2__OP_Addition
			 3__2479 poundhoneys
			 4__6085 poundhoneys
Explanation : 
 Ans: 
How many pound of honey  Diane harvested	2479 poundhoneys + 6085 poundhoneys = 8564 poundhoneys.
^^^^^^^^^^^^^^^^^^^^	end of case : uwds-0137	^^^^^^^^^^^^^^^^^^^^




====================	start of case : uwds-0138	====================
python3 __init__.py -i ./demo_cases/task.UWDS.20160407/data.ENG.UW.DS2.new/uwds-0138.trace.xml -l ./demo_cases/task.UWDS.20160407/data.ENG.UW.DS2.new/uwds-0138.lft.xml -s ./demo_cases/task.UWDS.20160407/data.ENG.UW.DS2.new/uwds-0138.stc.xml
ID ::  IIS-MR-MATH-GRADEXX-XXXXXX
<Unit ID="IIS-MR-MATH-GRADEXX-XXXXXX">

0__ROOT
	 1__11687 literoils
		 2__OP_Addition
			 3__6522 literoils
			 4__5165 literoils
Explanation : 
 Ans: 
In all how many liter of oil  have/has leaked	6522 literoils + 5165 literoils = 11687 literoils.
^^^^^^^^^^^^^^^^^^^^	end of case : uwds-0138	^^^^^^^^^^^^^^^^^^^^




====================	start of case : uwds-0139	====================
python3 __init__.py -i ./demo_cases/task.UWDS.20160407/data.ENG.UW.DS2.new/uwds-0139.trace.xml -l ./demo_cases/task.UWDS.20160407/data.ENG.UW.DS2.new/uwds-0139.lft.xml -s ./demo_cases/task.UWDS.20160407/data.ENG.UW.DS2.new/uwds-0139.stc.xml
ID ::  IIS-MR-MATH-GRADEXX-XXXXXX
<Unit ID="IIS-MR-MATH-GRADEXX-XXXXXX">

0__ROOT
	 1__6755 cars
		 2__OP_Addition
			 3__3884 cars
			 4__2871 cars
Explanation : 
 Ans: 
There are 	3884 cars + 2871 cars = 6755 cars.
^^^^^^^^^^^^^^^^^^^^	end of case : uwds-0139	^^^^^^^^^^^^^^^^^^^^




====================	start of case : uwds-0140	====================
python3 __init__.py -i ./demo_cases/task.UWDS.20160407/data.ENG.UW.DS2.new/uwds-0140.trace.xml -l ./demo_cases/task.UWDS.20160407/data.ENG.UW.DS2.new/uwds-0140.lft.xml -s ./demo_cases/task.UWDS.20160407/data.ENG.UW.DS2.new/uwds-0140.stc.xml
ID ::  IIS-MR-MATH-GRADEXX-XXXXXX
<Unit ID="IIS-MR-MATH-GRADEXX-XXXXXX">

0__ROOT
	 1__9844 yens
		 2__OP_Addition
			 3__6359 yens
			 4__3485 yens
Explanation : 
 Ans: 
They  have	6359 yens + 3485 yens = 9844 yens.
^^^^^^^^^^^^^^^^^^^^	end of case : uwds-0140	^^^^^^^^^^^^^^^^^^^^




====================	start of case : uwds-0141	====================
python3 __init__.py -i ./demo_cases/task.UWDS.20160407/data.ENG.UW.DS2.new/uwds-0141.trace.xml -l ./demo_cases/task.UWDS.20160407/data.ENG.UW.DS2.new/uwds-0141.lft.xml -s ./demo_cases/task.UWDS.20160407/data.ENG.UW.DS2.new/uwds-0141.stc.xml
ID ::  IIS-MR-MATH-GRADEXX-XXXXXX
<Unit ID="IIS-MR-MATH-GRADEXX-XXXXXX">

0__ROOT
	 1__7092 books
		 2__OP_Addition
			 3__1986 books
			 4__5106 books
Explanation : 
 Ans: 
The library in Oak Groves  have	1986 books + 5106 books = 7092 books.
^^^^^^^^^^^^^^^^^^^^	end of case : uwds-0141	^^^^^^^^^^^^^^^^^^^^




====================	start of case : uwds-0142	====================
python3 __init__.py -i ./demo_cases/task.UWDS.20160407/data.ENG.UW.DS2.new/uwds-0142.trace.xml -l ./demo_cases/task.UWDS.20160407/data.ENG.UW.DS2.new/uwds-0142.lft.xml -s ./demo_cases/task.UWDS.20160407/data.ENG.UW.DS2.new/uwds-0142.stc.xml
ID ::  IIS-MR-MATH-GRADEXX-XXXXXX
<Unit ID="IIS-MR-MATH-GRADEXX-XXXXXX">

0__ROOT
	 1__118558 houses
		 2__OP_Addition
			 3__20817 houses
			 4__97741 houses
Explanation : 
 Ans: 
There are 	20817 houses + 97741 houses = 118558 houses.
^^^^^^^^^^^^^^^^^^^^	end of case : uwds-0142	^^^^^^^^^^^^^^^^^^^^




====================	start of case : uwds-0143	====================
python3 __init__.py -i ./demo_cases/task.UWDS.20160407/data.ENG.UW.DS2.new/uwds-0143.trace.xml -l ./demo_cases/task.UWDS.20160407/data.ENG.UW.DS2.new/uwds-0143.lft.xml -s ./demo_cases/task.UWDS.20160407/data.ENG.UW.DS2.new/uwds-0143.stc.xml
ID ::  IIS-MR-MATH-GRADEXX-XXXXXX
<Unit ID="IIS-MR-MATH-GRADEXX-XXXXXX">

0__ROOT
	 1__48781 bushels
		 2__OP_Addition
			 3__48097 bushels
			 4__684 bushels
Explanation : 
 Ans: 
How many bushel of wheat  the farmer harvests	48097 bushels + 684 bushels = 48781 bushels.
^^^^^^^^^^^^^^^^^^^^	end of case : uwds-0143	^^^^^^^^^^^^^^^^^^^^




====================	start of case : uwds-0144	====================
python3 __init__.py -i ./demo_cases/task.UWDS.20160407/data.ENG.UW.DS2.new/uwds-0144.trace.xml -l ./demo_cases/task.UWDS.20160407/data.ENG.UW.DS2.new/uwds-0144.lft.xml -s ./demo_cases/task.UWDS.20160407/data.ENG.UW.DS2.new/uwds-0144.stc.xml
ID ::  IIS-MR-MATH-GRADEXX-XXXXXX
<Unit ID="IIS-MR-MATH-GRADEXX-XXXXXX">

0__ROOT
	 1__27004 USDs
		 2__OP_Addition
			 3__69 USDs
			 4__26935 USDs
Explanation : 
 Ans: 
There are 	69 USDs + 26935 USDs = 27004 USDs.
^^^^^^^^^^^^^^^^^^^^	end of case : uwds-0144	^^^^^^^^^^^^^^^^^^^^




====================	start of case : uwds-0145	====================
python3 __init__.py -i ./demo_cases/task.UWDS.20160407/data.ENG.UW.DS2.new/uwds-0145.trace.xml -l ./demo_cases/task.UWDS.20160407/data.ENG.UW.DS2.new/uwds-0145.lft.xml -s ./demo_cases/task.UWDS.20160407/data.ENG.UW.DS2.new/uwds-0145.stc.xml
ID ::  IIS-MR-MATH-GRADEXX-XXXXXX
<Unit ID="IIS-MR-MATH-GRADEXX-XXXXXX">

0__ROOT
	 1__14720 passengers
		 2__OP_Addition
			 3__14507 passengers
			 4__213 passengers
Explanation : 
 Ans: 
In all how many passenger  landed	14507 passengers + 213 passengers = 14720 passengers.
^^^^^^^^^^^^^^^^^^^^	end of case : uwds-0145	^^^^^^^^^^^^^^^^^^^^




====================	start of case : uwds-0146	====================
python3 __init__.py -i ./demo_cases/task.UWDS.20160407/data.ENG.UW.DS2.new/uwds-0146.trace.xml -l ./demo_cases/task.UWDS.20160407/data.ENG.UW.DS2.new/uwds-0146.lft.xml -s ./demo_cases/task.UWDS.20160407/data.ENG.UW.DS2.new/uwds-0146.stc.xml
ID ::  IIS-MR-MATH-GRADEXX-XXXXXX
<Unit ID="IIS-MR-MATH-GRADEXX-XXXXXX">

0__ROOT
	 1__64013 acres
		 2__OP_Subtraction
			 3__64535 acres
			 4__522 acres
Explanation : 
 Ans: 
How many acre  the prairie covers	64535 acres - 522 acres = 64013 acres.
^^^^^^^^^^^^^^^^^^^^	end of case : uwds-0146	^^^^^^^^^^^^^^^^^^^^




====================	start of case : uwds-0147	====================
python3 __init__.py -i ./demo_cases/task.UWDS.20160407/data.ENG.UW.DS2.new/uwds-0147.trace.xml -l ./demo_cases/task.UWDS.20160407/data.ENG.UW.DS2.new/uwds-0147.lft.xml -s ./demo_cases/task.UWDS.20160407/data.ENG.UW.DS2.new/uwds-0147.stc.xml
ID ::  IIS-MR-MATH-GRADEXX-XXXXXX
<Unit ID="IIS-MR-MATH-GRADEXX-XXXXXX">

0__ROOT
	 1__67082 ladybugs
		 2__OP_Addition
			 3__12170 ladybugs
			 4__54912 ladybugs
Explanation : 
 Ans: 
There are 	12170 ladybugs + 54912 ladybugs = 67082 ladybugs.
^^^^^^^^^^^^^^^^^^^^	end of case : uwds-0147	^^^^^^^^^^^^^^^^^^^^




====================	start of case : uwds-0148	====================
python3 __init__.py -i ./demo_cases/task.UWDS.20160407/data.ENG.UW.DS2.new/uwds-0148.trace.xml -l ./demo_cases/task.UWDS.20160407/data.ENG.UW.DS2.new/uwds-0148.lft.xml -s ./demo_cases/task.UWDS.20160407/data.ENG.UW.DS2.new/uwds-0148.stc.xml
ID ::  IIS-MR-MATH-GRADEXX-XXXXXX
<Unit ID="IIS-MR-MATH-GRADEXX-XXXXXX">

0__ROOT
	 1__106491 peoples
		 2__OP_Addition
			 3__90171 peoples
			 4__16320 peoples
Explanation : 
 Ans: 
How many new people  begined	90171 peoples + 16320 peoples = 106491 peoples.
^^^^^^^^^^^^^^^^^^^^	end of case : uwds-0148	^^^^^^^^^^^^^^^^^^^^




====================	start of case : uwds-0149	====================
python3 __init__.py -i ./demo_cases/task.UWDS.20160407/data.ENG.UW.DS2.new/uwds-0149.trace.xml -l ./demo_cases/task.UWDS.20160407/data.ENG.UW.DS2.new/uwds-0149.lft.xml -s ./demo_cases/task.UWDS.20160407/data.ENG.UW.DS2.new/uwds-0149.stc.xml
ID ::  IIS-MR-MATH-GRADEXX-XXXXXX
<Unit ID="IIS-MR-MATH-GRADEXX-XXXXXX">

0__ROOT
	 1__50870 tongrains
		 2__OP_Addition
			 3__49952 tongrains
			 4__918 tongrains
Explanation : 
 Ans: 
The ship  contained	49952 tongrains + 918 tongrains = 50870 tongrains.
^^^^^^^^^^^^^^^^^^^^	end of case : uwds-0149	^^^^^^^^^^^^^^^^^^^^




====================	start of case : uwds-0150	====================
python3 __init__.py -i ./demo_cases/task.UWDS.20160407/data.ENG.UW.DS2.new/uwds-0150.trace.xml -l ./demo_cases/task.UWDS.20160407/data.ENG.UW.DS2.new/uwds-0150.lft.xml -s ./demo_cases/task.UWDS.20160407/data.ENG.UW.DS2.new/uwds-0150.stc.xml
ID ::  IIS-MR-MATH-GRADEXX-XXXXXX
<Unit ID="IIS-MR-MATH-GRADEXX-XXXXXX">

0__ROOT
	 1__111421 yards
		 2__OP_Addition
			 3__61921 yards
			 4__49500 yards
Explanation : 
 Ans: 
It  dyed	61921 yards + 49500 yards = 111421 yards.
^^^^^^^^^^^^^^^^^^^^	end of case : uwds-0150	^^^^^^^^^^^^^^^^^^^^




====================	start of case : uwds-0151	====================
python3 __init__.py -i ./demo_cases/task.UWDS.20160407/data.ENG.UW.DS2.new/uwds-0151.trace.xml -l ./demo_cases/task.UWDS.20160407/data.ENG.UW.DS2.new/uwds-0151.lft.xml -s ./demo_cases/task.UWDS.20160407/data.ENG.UW.DS2.new/uwds-0151.stc.xml
ID ::  IIS-MR-MATH-GRADEXX-XXXXXX
<Unit ID="IIS-MR-MATH-GRADEXX-XXXXXX">

0__ROOT
	 1__65134 employees
		 2__OP_Addition
			 3__2041 employees
			 4__63093 employees
Explanation : 
 Ans: 
How many employees  work	2041 employees + 63093 employees = 65134 employees.
^^^^^^^^^^^^^^^^^^^^	end of case : uwds-0151	^^^^^^^^^^^^^^^^^^^^




====================	start of case : uwds-0152	====================
python3 __init__.py -i ./demo_cases/task.UWDS.20160407/data.ENG.UW.DS2.new/uwds-0152.trace.xml -l ./demo_cases/task.UWDS.20160407/data.ENG.UW.DS2.new/uwds-0152.lft.xml -s ./demo_cases/task.UWDS.20160407/data.ENG.UW.DS2.new/uwds-0152.stc.xml
ID ::  IIS-MR-MATH-GRADEXX-XXXXXX
<Unit ID="IIS-MR-MATH-GRADEXX-XXXXXX">

0__ROOT
	 1__971639 males
		 2__OP_Addition
			 3__712261 males
			 4__259378 salmons
Explanation : 
 Ans: 
How many salmon  made	712261 males + 259378 salmons = 971639 males.
^^^^^^^^^^^^^^^^^^^^	end of case : uwds-0152	^^^^^^^^^^^^^^^^^^^^




====================	start of case : uwds-0153	====================
python3 __init__.py -i ./demo_cases/task.UWDS.20160407/data.ENG.UW.DS2.new/uwds-0153.trace.xml -l ./demo_cases/task.UWDS.20160407/data.ENG.UW.DS2.new/uwds-0153.lft.xml -s ./demo_cases/task.UWDS.20160407/data.ENG.UW.DS2.new/uwds-0153.stc.xml
ID ::  IIS-MR-MATH-GRADEXX-XXXXXX
<Unit ID="IIS-MR-MATH-GRADEXX-XXXXXX">

0__ROOT
	 1__19766 suits
		 2__OP_Addition
			 3__14797 suits
			 4__4969 suits
Explanation : 
 Ans: 
There are 	14797 suits + 4969 suits = 19766 suits.
^^^^^^^^^^^^^^^^^^^^	end of case : uwds-0153	^^^^^^^^^^^^^^^^^^^^




====================	start of case : uwds-0154	====================
python3 __init__.py -i ./demo_cases/task.UWDS.20160407/data.ENG.UW.DS2.new/uwds-0154.trace.xml -l ./demo_cases/task.UWDS.20160407/data.ENG.UW.DS2.new/uwds-0154.lft.xml -s ./demo_cases/task.UWDS.20160407/data.ENG.UW.DS2.new/uwds-0154.stc.xml
ID ::  IIS-MR-MATH-GRADEXX-XXXXXX
<Unit ID="IIS-MR-MATH-GRADEXX-XXXXXX">

0__ROOT
	 1__574 houses
		 2__OP_Subtraction
			 3__2000 houses
			 4__1426 houses
Explanation : 
 Ans: 
Developer  built	2000 houses - 1426 houses = 574 houses.
^^^^^^^^^^^^^^^^^^^^	end of case : uwds-0154	^^^^^^^^^^^^^^^^^^^^




====================	start of case : uwds-0155	====================
python3 __init__.py -i ./demo_cases/task.UWDS.20160407/data.ENG.UW.DS2.new/uwds-0155.trace.xml -l ./demo_cases/task.UWDS.20160407/data.ENG.UW.DS2.new/uwds-0155.lft.xml -s ./demo_cases/task.UWDS.20160407/data.ENG.UW.DS2.new/uwds-0155.stc.xml
ID ::  IIS-MR-MATH-GRADEXX-XXXXXX
<Unit ID="IIS-MR-MATH-GRADEXX-XXXXXX">

0__ROOT
	 1__3120 cells
		 2__OP_Subtraction
			 3__7341 cells
			 4__4221 cells
Explanation : 
 Ans: 
There are 	7341 cells - 4221 cells = 3120 cells.
^^^^^^^^^^^^^^^^^^^^	end of case : uwds-0155	^^^^^^^^^^^^^^^^^^^^




====================	start of case : uwds-0156	====================
python3 __init__.py -i ./demo_cases/task.UWDS.20160407/data.ENG.UW.DS2.new/uwds-0156.trace.xml -l ./demo_cases/task.UWDS.20160407/data.ENG.UW.DS2.new/uwds-0156.lft.xml -s ./demo_cases/task.UWDS.20160407/data.ENG.UW.DS2.new/uwds-0156.stc.xml
ID ::  IIS-MR-MATH-GRADEXX-XXXXXX
<Unit ID="IIS-MR-MATH-GRADEXX-XXXXXX">

0__ROOT
	 1__6279 poundfruits
		 2__OP_Subtraction
			 3__9792 poundfruits
			 4__3513 poundfruits
Explanation : 
 Ans: 
	9792 poundfruits - 3513 poundfruits = 6279 poundfruits were sold.
^^^^^^^^^^^^^^^^^^^^	end of case : uwds-0156	^^^^^^^^^^^^^^^^^^^^




====================	start of case : uwds-0157	====================
python3 __init__.py -i ./demo_cases/task.UWDS.20160407/data.ENG.UW.DS2.new/uwds-0157.trace.xml -l ./demo_cases/task.UWDS.20160407/data.ENG.UW.DS2.new/uwds-0157.lft.xml -s ./demo_cases/task.UWDS.20160407/data.ENG.UW.DS2.new/uwds-0157.stc.xml
ID ::  IIS-MR-MATH-GRADEXX-XXXXXX
<Unit ID="IIS-MR-MATH-GRADEXX-XXXXXX">

0__ROOT
	 1__1460 USDs
		 2__OP_Subtraction
			 3__1472 USDs
			 4__12 USDs
Explanation : 
 Ans: 
There are 	1472 USDs - 12 USDs = 1460 USDs.
^^^^^^^^^^^^^^^^^^^^	end of case : uwds-0157	^^^^^^^^^^^^^^^^^^^^




====================	start of case : uwds-0158	====================
python3 __init__.py -i ./demo_cases/task.UWDS.20160407/data.ENG.UW.DS2.new/uwds-0158.trace.xml -l ./demo_cases/task.UWDS.20160407/data.ENG.UW.DS2.new/uwds-0158.lft.xml -s ./demo_cases/task.UWDS.20160407/data.ENG.UW.DS2.new/uwds-0158.stc.xml
ID ::  IIS-MR-MATH-GRADEXX-XXXXXX
<Unit ID="IIS-MR-MATH-GRADEXX-XXXXXX">

0__ROOT
	 1__5703 tickets
		 2__OP_Subtraction
			 3__9570 tickets
			 4__3867 tickets
Explanation : 
 Ans: 
They  sold	9570 tickets - 3867 tickets = 5703 tickets.
^^^^^^^^^^^^^^^^^^^^	end of case : uwds-0158	^^^^^^^^^^^^^^^^^^^^




====================	start of case : uwds-0159	====================
python3 __init__.py -i ./demo_cases/task.UWDS.20160407/data.ENG.UW.DS2.new/uwds-0159.trace.xml -l ./demo_cases/task.UWDS.20160407/data.ENG.UW.DS2.new/uwds-0159.lft.xml -s ./demo_cases/task.UWDS.20160407/data.ENG.UW.DS2.new/uwds-0159.stc.xml
ID ::  IIS-MR-MATH-GRADEXX-XXXXXX
<Unit ID="IIS-MR-MATH-GRADEXX-XXXXXX">

0__ROOT
	 1__8317 bacteriums
		 2__OP_Subtraction
			 3__8917 bacteriums
			 4__600 bacteriums
Explanation : 
 Ans: 
There are 	8917 bacteriums - 600 bacteriums = 8317 bacteriums.
^^^^^^^^^^^^^^^^^^^^	end of case : uwds-0159	^^^^^^^^^^^^^^^^^^^^




====================	start of case : uwds-0160	====================
python3 __init__.py -i ./demo_cases/task.UWDS.20160407/data.ENG.UW.DS2.new/uwds-0160.trace.xml -l ./demo_cases/task.UWDS.20160407/data.ENG.UW.DS2.new/uwds-0160.lft.xml -s ./demo_cases/task.UWDS.20160407/data.ENG.UW.DS2.new/uwds-0160.stc.xml
ID ::  IIS-MR-MATH-GRADEXX-XXXXXX
<Unit ID="IIS-MR-MATH-GRADEXX-XXXXXX">

0__ROOT
	 1__1232 pieces
		 2__OP_Subtraction
			 3__1576 pieces
			 4__344 pieces
Explanation : 
 Ans: 
Tori  picked	1576 pieces - 344 pieces = 1232 pieces.
^^^^^^^^^^^^^^^^^^^^	end of case : uwds-0160	^^^^^^^^^^^^^^^^^^^^




====================	start of case : uwds-0161	====================
python3 __init__.py -i ./demo_cases/task.UWDS.20160407/data.ENG.UW.DS2.new/uwds-0161.trace.xml -l ./demo_cases/task.UWDS.20160407/data.ENG.UW.DS2.new/uwds-0161.lft.xml -s ./demo_cases/task.UWDS.20160407/data.ENG.UW.DS2.new/uwds-0161.stc.xml
ID ::  IIS-MR-MATH-GRADEXX-XXXXXX
<Unit ID="IIS-MR-MATH-GRADEXX-XXXXXX">

0__ROOT
	 1__523 eggs
		 2__OP_Subtraction
			 3__1339 eggs
			 4__816 eggs
Explanation : 
 Ans: 
They  used	1339 eggs - 816 eggs = 523 eggs.
^^^^^^^^^^^^^^^^^^^^	end of case : uwds-0161	^^^^^^^^^^^^^^^^^^^^




====================	start of case : uwds-0162	====================
python3 __init__.py -i ./demo_cases/task.UWDS.20160407/data.ENG.UW.DS2.new/uwds-0162.trace.xml -l ./demo_cases/task.UWDS.20160407/data.ENG.UW.DS2.new/uwds-0162.lft.xml -s ./demo_cases/task.UWDS.20160407/data.ENG.UW.DS2.new/uwds-0162.stc.xml
ID ::  IIS-MR-MATH-GRADEXX-XXXXXX
<Unit ID="IIS-MR-MATH-GRADEXX-XXXXXX">

0__ROOT
	 1__5855 lambs
		 2__OP_Subtraction
			 3__6048 lambs
			 4__193 ones
Explanation : 
 Ans: 
There are 	6048 lambs - 193 ones = 5855 lambs.
^^^^^^^^^^^^^^^^^^^^	end of case : uwds-0162	^^^^^^^^^^^^^^^^^^^^




====================	start of case : uwds-0163	====================
python3 __init__.py -i ./demo_cases/task.UWDS.20160407/data.ENG.UW.DS2.new/uwds-0163.trace.xml -l ./demo_cases/task.UWDS.20160407/data.ENG.UW.DS2.new/uwds-0163.lft.xml -s ./demo_cases/task.UWDS.20160407/data.ENG.UW.DS2.new/uwds-0163.stc.xml
ID ::  IIS-MR-MATH-GRADEXX-XXXXXX
<Unit ID="IIS-MR-MATH-GRADEXX-XXXXXX">

0__ROOT
	 1__2515 coats
		 2__OP_Subtraction
			 3__9437 coats
			 4__6922 coats
Explanation : 
 Ans: 
	9437 coats - 6922 coats = 2515 coats were collected.
^^^^^^^^^^^^^^^^^^^^	end of case : uwds-0163	^^^^^^^^^^^^^^^^^^^^




====================	start of case : uwds-0164	====================
python3 __init__.py -i ./demo_cases/task.UWDS.20160407/data.ENG.UW.DS2.new/uwds-0164.trace.xml -l ./demo_cases/task.UWDS.20160407/data.ENG.UW.DS2.new/uwds-0164.lft.xml -s ./demo_cases/task.UWDS.20160407/data.ENG.UW.DS2.new/uwds-0164.stc.xml
ID ::  IIS-MR-MATH-GRADEXX-XXXXXX
<Unit ID="IIS-MR-MATH-GRADEXX-XXXXXX">

0__ROOT
	 1__6029 gallonpaints
		 2__OP_Subtraction
			 3__6689 gallonpaints
			 4__660 gallonpaints
Explanation : 
 Ans: 
The company  used	6689 gallonpaints - 660 gallonpaints = 6029 gallonpaints.
^^^^^^^^^^^^^^^^^^^^	end of case : uwds-0164	^^^^^^^^^^^^^^^^^^^^




====================	start of case : uwds-0165	====================
python3 __init__.py -i ./demo_cases/task.UWDS.20160407/data.ENG.UW.DS2.new/uwds-0165.trace.xml -l ./demo_cases/task.UWDS.20160407/data.ENG.UW.DS2.new/uwds-0165.lft.xml -s ./demo_cases/task.UWDS.20160407/data.ENG.UW.DS2.new/uwds-0165.stc.xml
ID ::  IIS-MR-MATH-GRADEXX-XXXXXX
<Unit ID="IIS-MR-MATH-GRADEXX-XXXXXX">

0__ROOT
	 1__5935 books
		 2__OP_Subtraction
			 3__8582 books
			 4__2647 books
Explanation : 
 Ans: 
The library  had	8582 books - 2647 books = 5935 books.
^^^^^^^^^^^^^^^^^^^^	end of case : uwds-0165	^^^^^^^^^^^^^^^^^^^^




====================	start of case : uwds-0166	====================
python3 __init__.py -i ./demo_cases/task.UWDS.20160407/data.ENG.UW.DS2.new/uwds-0166.trace.xml -l ./demo_cases/task.UWDS.20160407/data.ENG.UW.DS2.new/uwds-0166.lft.xml -s ./demo_cases/task.UWDS.20160407/data.ENG.UW.DS2.new/uwds-0166.stc.xml
ID ::  IIS-MR-MATH-GRADEXX-XXXXXX
<Unit ID="IIS-MR-MATH-GRADEXX-XXXXXX">

0__ROOT
	 1__6699 customers
		 2__OP_Subtraction
			 3__7422 customers
			 4__723 customers
Explanation : 
 Ans: 
Manys  live	7422 customers - 723 customers = 6699 customers.
^^^^^^^^^^^^^^^^^^^^	end of case : uwds-0166	^^^^^^^^^^^^^^^^^^^^




====================	start of case : uwds-0167	====================
python3 __init__.py -i ./demo_cases/task.UWDS.20160407/data.ENG.UW.DS2.new/uwds-0167.trace.xml -l ./demo_cases/task.UWDS.20160407/data.ENG.UW.DS2.new/uwds-0167.lft.xml -s ./demo_cases/task.UWDS.20160407/data.ENG.UW.DS2.new/uwds-0167.stc.xml
ID ::  IIS-MR-MATH-GRADEXX-XXXXXX
<Unit ID="IIS-MR-MATH-GRADEXX-XXXXXX">

0__ROOT
	 1__3220 eggs
		 2__OP_Subtraction
			 3__4636 eggs
			 4__1416 eggs
Explanation : 
 Ans: 
The farm  produced	4636 eggs - 1416 eggs = 3220 eggs.
^^^^^^^^^^^^^^^^^^^^	end of case : uwds-0167	^^^^^^^^^^^^^^^^^^^^




====================	start of case : uwds-0168	====================
python3 __init__.py -i ./demo_cases/task.UWDS.20160407/data.ENG.UW.DS2.new/uwds-0168.trace.xml -l ./demo_cases/task.UWDS.20160407/data.ENG.UW.DS2.new/uwds-0168.lft.xml -s ./demo_cases/task.UWDS.20160407/data.ENG.UW.DS2.new/uwds-0168.stc.xml
ID ::  IIS-MR-MATH-GRADEXX-XXXXXX
<Unit ID="IIS-MR-MATH-GRADEXX-XXXXXX">

0__ROOT
	 1__3731 gallonoils
		 2__OP_Subtraction
			 3__6206 gallonoils
			 4__2475 gallonoils
Explanation : 
 Ans: 
How many gallon of oil  have/has leaked	6206 gallonoils - 2475 gallonoils = 3731 gallonoils.
^^^^^^^^^^^^^^^^^^^^	end of case : uwds-0168	^^^^^^^^^^^^^^^^^^^^




====================	start of case : uwds-0169	====================
python3 __init__.py -i ./demo_cases/task.UWDS.20160407/data.ENG.UW.DS2.new/uwds-0169.trace.xml -l ./demo_cases/task.UWDS.20160407/data.ENG.UW.DS2.new/uwds-0169.lft.xml -s ./demo_cases/task.UWDS.20160407/data.ENG.UW.DS2.new/uwds-0169.stc.xml
ID ::  IIS-MR-MATH-GRADEXX-XXXXXX
<Unit ID="IIS-MR-MATH-GRADEXX-XXXXXX">

0__ROOT
	 1__5110 gems
		 2__OP_Subtraction
			 3__5155 gems
			 4__45 gems
Explanation : 
 Ans: 
There are 	5155 gems - 45 gems = 5110 gems.
^^^^^^^^^^^^^^^^^^^^	end of case : uwds-0169	^^^^^^^^^^^^^^^^^^^^




====================	start of case : uwds-0170	====================
python3 __init__.py -i ./demo_cases/task.UWDS.20160407/data.ENG.UW.DS2.new/uwds-0170.trace.xml -l ./demo_cases/task.UWDS.20160407/data.ENG.UW.DS2.new/uwds-0170.lft.xml -s ./demo_cases/task.UWDS.20160407/data.ENG.UW.DS2.new/uwds-0170.stc.xml
ID ::  IIS-MR-MATH-GRADEXX-XXXXXX
<Unit ID="IIS-MR-MATH-GRADEXX-XXXXXX">

0__ROOT
	 1__1792 gramjellies
		 2__OP_Subtraction
			 3__6310 gramjellies
			 4__4518 gramjellies
Explanation : 
 Ans: 
They  have	6310 gramjellies - 4518 gramjellies = 1792 gramjellies.
^^^^^^^^^^^^^^^^^^^^	end of case : uwds-0170	^^^^^^^^^^^^^^^^^^^^




====================	start of case : uwds-0171	====================
python3 __init__.py -i ./demo_cases/task.UWDS.20160407/data.ENG.UW.DS2.new/uwds-0171.trace.xml -l ./demo_cases/task.UWDS.20160407/data.ENG.UW.DS2.new/uwds-0171.lft.xml -s ./demo_cases/task.UWDS.20160407/data.ENG.UW.DS2.new/uwds-0171.stc.xml
ID ::  IIS-MR-MATH-GRADEXX-XXXXXX
<Unit ID="IIS-MR-MATH-GRADEXX-XXXXXX">

0__ROOT
	 1__2713 points
		 2__OP_Subtraction
			 3__5816 points
			 4__3103 points
Explanation : 
 Ans: 
Paul 's cousin  has	5816 points - 3103 points = 2713 points.
^^^^^^^^^^^^^^^^^^^^	end of case : uwds-0171	^^^^^^^^^^^^^^^^^^^^




====================	start of case : uwds-0172	====================
python3 __init__.py -i ./demo_cases/task.UWDS.20160407/data.ENG.UW.DS2.new/uwds-0172.trace.xml -l ./demo_cases/task.UWDS.20160407/data.ENG.UW.DS2.new/uwds-0172.lft.xml -s ./demo_cases/task.UWDS.20160407/data.ENG.UW.DS2.new/uwds-0172.stc.xml
ID ::  IIS-MR-MATH-GRADEXX-XXXXXX
<Unit ID="IIS-MR-MATH-GRADEXX-XXXXXX">

0__ROOT
	 1__4133 inchroads
		 2__OP_Subtraction
			 3__4938 inchroads
			 4__805 inchroads
Explanation : 
 Ans: 
They  had	4938 inchroads - 805 inchroads = 4133 inchroads.
^^^^^^^^^^^^^^^^^^^^	end of case : uwds-0172	^^^^^^^^^^^^^^^^^^^^




====================	start of case : uwds-0173	====================
python3 __init__.py -i ./demo_cases/task.UWDS.20160407/data.ENG.UW.DS2.new/uwds-0173.trace.xml -l ./demo_cases/task.UWDS.20160407/data.ENG.UW.DS2.new/uwds-0173.lft.xml -s ./demo_cases/task.UWDS.20160407/data.ENG.UW.DS2.new/uwds-0173.stc.xml
ID ::  IIS-MR-MATH-GRADEXX-XXXXXX
<Unit ID="IIS-MR-MATH-GRADEXX-XXXXXX">

0__ROOT
	 1__2454 plants
		 2__OP_Subtraction
			 3__3263 plants
			 4__809 plants
Explanation : 
 Ans: 
There are 	3263 plants - 809 plants = 2454 plants.
^^^^^^^^^^^^^^^^^^^^	end of case : uwds-0173	^^^^^^^^^^^^^^^^^^^^




====================	start of case : uwds-0174	====================
python3 __init__.py -i ./demo_cases/task.UWDS.20160407/data.ENG.UW.DS2.new/uwds-0174.trace.xml -l ./demo_cases/task.UWDS.20160407/data.ENG.UW.DS2.new/uwds-0174.lft.xml -s ./demo_cases/task.UWDS.20160407/data.ENG.UW.DS2.new/uwds-0174.stc.xml
ID ::  IIS-MR-MATH-GRADEXX-XXXXXX
<Unit ID="IIS-MR-MATH-GRADEXX-XXXXXX">

0__ROOT
	 1__0 mileschools
		 2__OP_Subtraction
			 3__0 mileschools
			 4__0 mileschools
Explanation : 
 Ans: 
There are 	0 mileschools - 0 mileschools = 0 mileschools.
^^^^^^^^^^^^^^^^^^^^	end of case : uwds-0174	^^^^^^^^^^^^^^^^^^^^




====================	start of case : uwds-0175	====================
python3 __init__.py -i ./demo_cases/task.UWDS.20160407/data.ENG.UW.DS2.new/uwds-0175.trace.xml -l ./demo_cases/task.UWDS.20160407/data.ENG.UW.DS2.new/uwds-0175.lft.xml -s ./demo_cases/task.UWDS.20160407/data.ENG.UW.DS2.new/uwds-0175.stc.xml
ID ::  IIS-MR-MATH-GRADEXX-XXXXXX
<Unit ID="IIS-MR-MATH-GRADEXX-XXXXXX">

0__ROOT
	 1__0 cupwalnuts
		 2__OP_Addition
			 3__0 cupwalnuts
			 4__0 cupalmonds
Explanation : 
 Ans: 
Karen  put	0 cupwalnuts + 0 cupalmonds = 0 cupwalnuts.
^^^^^^^^^^^^^^^^^^^^	end of case : uwds-0175	^^^^^^^^^^^^^^^^^^^^




====================	start of case : uwds-0176	====================
python3 __init__.py -i ./demo_cases/task.UWDS.20160407/data.ENG.UW.DS2.new/uwds-0176.trace.xml -l ./demo_cases/task.UWDS.20160407/data.ENG.UW.DS2.new/uwds-0176.lft.xml -s ./demo_cases/task.UWDS.20160407/data.ENG.UW.DS2.new/uwds-0176.stc.xml
ID ::  IIS-MR-MATH-GRADEXX-XXXXXX
<Unit ID="IIS-MR-MATH-GRADEXX-XXXXXX">

0__ROOT
	 1__0 milemothers
		 2__OP_Addition
			 3__0 milemothers
			 4__0 milemothers
Explanation : 
 Ans: 
Kendall  drove	0 milemothers + 0 milemothers = 0 milemothers.
^^^^^^^^^^^^^^^^^^^^	end of case : uwds-0176	^^^^^^^^^^^^^^^^^^^^




====================	start of case : uwds-0177	====================
python3 __init__.py -i ./demo_cases/task.UWDS.20160407/data.ENG.UW.DS2.new/uwds-0177.trace.xml -l ./demo_cases/task.UWDS.20160407/data.ENG.UW.DS2.new/uwds-0177.lft.xml -s ./demo_cases/task.UWDS.20160407/data.ENG.UW.DS2.new/uwds-0177.stc.xml
ID ::  IIS-MR-MATH-GRADEXX-XXXXXX
<Unit ID="IIS-MR-MATH-GRADEXX-XXXXXX">

0__ROOT
	 1__0 pies
		 2__OP_Subtraction
			 3__0 pies
			 4__0 pies
Explanation : 
 Ans: 
Erik  eated	0 pies - 0 pies = 0 pies.
^^^^^^^^^^^^^^^^^^^^	end of case : uwds-0177	^^^^^^^^^^^^^^^^^^^^




====================	start of case : uwds-0178	====================
python3 __init__.py -i ./demo_cases/task.UWDS.20160407/data.ENG.UW.DS2.new/uwds-0178.trace.xml -l ./demo_cases/task.UWDS.20160407/data.ENG.UW.DS2.new/uwds-0178.lft.xml -s ./demo_cases/task.UWDS.20160407/data.ENG.UW.DS2.new/uwds-0178.stc.xml
ID ::  IIS-MR-MATH-GRADEXX-XXXXXX
<Unit ID="IIS-MR-MATH-GRADEXX-XXXXXX">

0__ROOT
	 1__0 inchcuts
		 2__OP_Subtraction
			 3__0 inchcuts
			 4__0 inchcuts
Explanation : 
 Ans: 
The tailor  cut	0 inchcuts - 0 inchcuts = 0 inchcuts.
^^^^^^^^^^^^^^^^^^^^	end of case : uwds-0178	^^^^^^^^^^^^^^^^^^^^




====================	start of case : uwds-0179	====================
python3 __init__.py -i ./demo_cases/task.UWDS.20160407/data.ENG.UW.DS2.new/uwds-0179.trace.xml -l ./demo_cases/task.UWDS.20160407/data.ENG.UW.DS2.new/uwds-0179.lft.xml -s ./demo_cases/task.UWDS.20160407/data.ENG.UW.DS2.new/uwds-0179.stc.xml
ID ::  IIS-MR-MATH-GRADEXX-XXXXXX
<Unit ID="IIS-MR-MATH-GRADEXX-XXXXXX">

0__ROOT
	 1__0 trunks
		 2__OP_Addition
			 3__0 trunks
			 4__0 bikinis
Explanation : 
 Ans: 
Bikiniss  are	0 trunks + 0 bikinis = 0 trunks.
^^^^^^^^^^^^^^^^^^^^	end of case : uwds-0179	^^^^^^^^^^^^^^^^^^^^




====================	start of case : uwds-0180	====================
python3 __init__.py -i ./demo_cases/task.UWDS.20160407/data.ENG.UW.DS2.new/uwds-0180.trace.xml -l ./demo_cases/task.UWDS.20160407/data.ENG.UW.DS2.new/uwds-0180.lft.xml -s ./demo_cases/task.UWDS.20160407/data.ENG.UW.DS2.new/uwds-0180.stc.xml
ID ::  IIS-MR-MATH-GRADEXX-XXXXXX
<Unit ID="IIS-MR-MATH-GRADEXX-XXXXXX">

0__ROOT
	 1__0 laps
		 2__OP_Subtraction
			 3__0 laps
			 4__0 laps
Explanation : 
 Ans: 
Much  Darnel sprinted	0 laps - 0 laps = 0 laps.
^^^^^^^^^^^^^^^^^^^^	end of case : uwds-0180	^^^^^^^^^^^^^^^^^^^^




====================	start of case : uwds-0181	====================
python3 __init__.py -i ./demo_cases/task.UWDS.20160407/data.ENG.UW.DS2.new/uwds-0181.trace.xml -l ./demo_cases/task.UWDS.20160407/data.ENG.UW.DS2.new/uwds-0181.lft.xml -s ./demo_cases/task.UWDS.20160407/data.ENG.UW.DS2.new/uwds-0181.stc.xml
ID ::  IIS-MR-MATH-GRADEXX-XXXXXX
<Unit ID="IIS-MR-MATH-GRADEXX-XXXXXX">

0__ROOT
	 1__0 footfishes
		 2__OP_Subtraction
			 3__0 footfishes
			 4__0 footfishes
Explanation : 
 Ans: 
There are 	0 footfishes - 0 footfishes = 0 footfishes.
^^^^^^^^^^^^^^^^^^^^	end of case : uwds-0181	^^^^^^^^^^^^^^^^^^^^




====================	start of case : uwds-0182	====================
python3 __init__.py -i ./demo_cases/task.UWDS.20160407/data.ENG.UW.DS2.new/uwds-0182.trace.xml -l ./demo_cases/task.UWDS.20160407/data.ENG.UW.DS2.new/uwds-0182.lft.xml -s ./demo_cases/task.UWDS.20160407/data.ENG.UW.DS2.new/uwds-0182.stc.xml
ID ::  IIS-MR-MATH-GRADEXX-XXXXXX
<Unit ID="IIS-MR-MATH-GRADEXX-XXXXXX">

0__ROOT
	 1__0 poundpeppers
		 2__OP_Addition
			 3__0 poundpeppers
			 4__0 poundpeppers
Explanation : 
 Ans: 
Restaurant Hannah 's Vegetarian  bought	0 poundpeppers + 0 poundpeppers = 0 poundpeppers.
^^^^^^^^^^^^^^^^^^^^	end of case : uwds-0182	^^^^^^^^^^^^^^^^^^^^




====================	start of case : uwds-0183	====================
python3 __init__.py -i ./demo_cases/task.UWDS.20160407/data.ENG.UW.DS2.new/uwds-0183.trace.xml -l ./demo_cases/task.UWDS.20160407/data.ENG.UW.DS2.new/uwds-0183.lft.xml -s ./demo_cases/task.UWDS.20160407/data.ENG.UW.DS2.new/uwds-0183.stc.xml
ID ::  IIS-MR-MATH-GRADEXX-XXXXXX
<Unit ID="IIS-MR-MATH-GRADEXX-XXXXXX">

0__ROOT
	 1__0 scoopfoods
		 2__OP_Addition
			 3__0 scoopfoods
			 4__0 scoopfoods
Explanation : 
 Ans: 
The 2 dogs  do	0 scoopfoods + 0 scoopfoods = 0 scoopfoods.
^^^^^^^^^^^^^^^^^^^^	end of case : uwds-0183	^^^^^^^^^^^^^^^^^^^^




====================	start of case : uwds-0184	====================
python3 __init__.py -i ./demo_cases/task.UWDS.20160407/data.ENG.UW.DS2.new/uwds-0184.trace.xml -l ./demo_cases/task.UWDS.20160407/data.ENG.UW.DS2.new/uwds-0184.lft.xml -s ./demo_cases/task.UWDS.20160407/data.ENG.UW.DS2.new/uwds-0184.stc.xml
ID ::  IIS-MR-MATH-GRADEXX-XXXXXX
<Unit ID="IIS-MR-MATH-GRADEXX-XXXXXX">

0__ROOT
	 1__0 gallonwaters
		 2__OP_Subtraction
			 3__0 gallonwaters
			 4__0 gallonwaters
Explanation : 
 Ans: 
There are 	0 gallonwaters - 0 gallonwaters = 0 gallonwaters.
^^^^^^^^^^^^^^^^^^^^	end of case : uwds-0184	^^^^^^^^^^^^^^^^^^^^




====================	start of case : uwds-0185	====================
python3 __init__.py -i ./demo_cases/task.UWDS.20160407/data.ENG.UW.DS2.new/uwds-0185.trace.xml -l ./demo_cases/task.UWDS.20160407/data.ENG.UW.DS2.new/uwds-0185.lft.xml -s ./demo_cases/task.UWDS.20160407/data.ENG.UW.DS2.new/uwds-0185.stc.xml
ID ::  IIS-MR-MATH-GRADEXX-XXXXXX
<Unit ID="IIS-MR-MATH-GRADEXX-XXXXXX">

0__ROOT
	 1__0 tablespoons
		 2__OP_Subtraction
			 3__0 tablespoons
			 4__0 tablespoons
Explanation : 
 Ans: 
Mandy  used	0 tablespoons - 0 tablespoons = 0 tablespoons.
^^^^^^^^^^^^^^^^^^^^	end of case : uwds-0185	^^^^^^^^^^^^^^^^^^^^




====================	start of case : uwds-0186	====================
python3 __init__.py -i ./demo_cases/task.UWDS.20160407/data.ENG.UW.DS2.new/uwds-0186.trace.xml -l ./demo_cases/task.UWDS.20160407/data.ENG.UW.DS2.new/uwds-0186.lft.xml -s ./demo_cases/task.UWDS.20160407/data.ENG.UW.DS2.new/uwds-0186.stc.xml
ID ::  IIS-MR-MATH-GRADEXX-XXXXXX
<Unit ID="IIS-MR-MATH-GRADEXX-XXXXXX">

0__ROOT
	 1__0 families
		 2__OP_Addition
			 3__0 families
			 4__0 groceries
Explanation : 
 Ans: 
Family the Montoya  spends	0 families + 0 groceries = 0 families.
^^^^^^^^^^^^^^^^^^^^	end of case : uwds-0186	^^^^^^^^^^^^^^^^^^^^




====================	start of case : uwds-0187	====================
python3 __init__.py -i ./demo_cases/task.UWDS.20160407/data.ENG.UW.DS2.new/uwds-0187.trace.xml -l ./demo_cases/task.UWDS.20160407/data.ENG.UW.DS2.new/uwds-0187.lft.xml -s ./demo_cases/task.UWDS.20160407/data.ENG.UW.DS2.new/uwds-0187.stc.xml
ID ::  IIS-MR-MATH-GRADEXX-XXXXXX
<Unit ID="IIS-MR-MATH-GRADEXX-XXXXXX">

0__ROOT
	 1__0 classes
		 2__OP_Addition
			 3__0 classes
			 4__0 classes
Explanation : 
 Ans: 
What fraction of the student  receiveded	0 classes + 0 classes = 0 classes.
^^^^^^^^^^^^^^^^^^^^	end of case : uwds-0187	^^^^^^^^^^^^^^^^^^^^




====================	start of case : uwds-0188	====================
python3 __init__.py -i ./demo_cases/task.UWDS.20160407/data.ENG.UW.DS2.new/uwds-0188.trace.xml -l ./demo_cases/task.UWDS.20160407/data.ENG.UW.DS2.new/uwds-0188.lft.xml -s ./demo_cases/task.UWDS.20160407/data.ENG.UW.DS2.new/uwds-0188.stc.xml
ID ::  IIS-MR-MATH-GRADEXX-XXXXXX
<Unit ID="IIS-MR-MATH-GRADEXX-XXXXXX">

0__ROOT
	 1__0 cupoils
		 2__OP_Addition
			 3__0 cupoils
			 4__0 cupoils
Explanation : 
 Ans: 
How much oil  will be	0 cupoils + 0 cupoils = 0 cupoils.
^^^^^^^^^^^^^^^^^^^^	end of case : uwds-0188	^^^^^^^^^^^^^^^^^^^^




====================	start of case : uwds-0189	====================
python3 __init__.py -i ./demo_cases/task.UWDS.20160407/data.ENG.UW.DS2.new/uwds-0189.trace.xml -l ./demo_cases/task.UWDS.20160407/data.ENG.UW.DS2.new/uwds-0189.lft.xml -s ./demo_cases/task.UWDS.20160407/data.ENG.UW.DS2.new/uwds-0189.stc.xml
ID ::  IIS-MR-MATH-GRADEXX-XXXXXX
<Unit ID="IIS-MR-MATH-GRADEXX-XXXXXX">

0__ROOT
	 1__0 loaves
		 2__OP_Addition
			 3__0 loaves
			 4__0 loaves
Explanation : 
 Ans: 
	0 loaves + 0 loaves = 0 loaves were served.
^^^^^^^^^^^^^^^^^^^^	end of case : uwds-0189	^^^^^^^^^^^^^^^^^^^^




====================	start of case : uwds-0190	====================
python3 __init__.py -i ./demo_cases/task.UWDS.20160407/data.ENG.UW.DS2.new/uwds-0190.trace.xml -l ./demo_cases/task.UWDS.20160407/data.ENG.UW.DS2.new/uwds-0190.lft.xml -s ./demo_cases/task.UWDS.20160407/data.ENG.UW.DS2.new/uwds-0190.stc.xml
ID ::  IIS-MR-MATH-GRADEXX-XXXXXX
<Unit ID="IIS-MR-MATH-GRADEXX-XXXXXX">

0__ROOT
	 1__0 miles
		 2__OP_Subtraction
			 3__0 miles
			 4__0 miles
Explanation : 
 Ans: 
Stanley  ran	0 miles - 0 miles = 0 miles.
^^^^^^^^^^^^^^^^^^^^	end of case : uwds-0190	^^^^^^^^^^^^^^^^^^^^




====================	start of case : uwds-0191	====================
python3 __init__.py -i ./demo_cases/task.UWDS.20160407/data.ENG.UW.DS2.new/uwds-0191.trace.xml -l ./demo_cases/task.UWDS.20160407/data.ENG.UW.DS2.new/uwds-0191.lft.xml -s ./demo_cases/task.UWDS.20160407/data.ENG.UW.DS2.new/uwds-0191.stc.xml
ID ::  IIS-MR-MATH-GRADEXX-XXXXXX
<Unit ID="IIS-MR-MATH-GRADEXX-XXXXXX">

0__ROOT
	 1__0 cupflours
		 2__OP_Subtraction
			 3__0 cupflours
			 4__0 cupsugars
Explanation : 
 Ans: 
Dina  used	0 cupflours - 0 cupsugars = 0 cupflours.
^^^^^^^^^^^^^^^^^^^^	end of case : uwds-0191	^^^^^^^^^^^^^^^^^^^^




====================	start of case : uwds-0192	====================
python3 __init__.py -i ./demo_cases/task.UWDS.20160407/data.ENG.UW.DS2.new/uwds-0192.trace.xml -l ./demo_cases/task.UWDS.20160407/data.ENG.UW.DS2.new/uwds-0192.lft.xml -s ./demo_cases/task.UWDS.20160407/data.ENG.UW.DS2.new/uwds-0192.stc.xml
ID ::  IIS-MR-MATH-GRADEXX-XXXXXX
<Unit ID="IIS-MR-MATH-GRADEXX-XXXXXX">

0__ROOT
	 1__0 buckettrouts
		 2__OP_Addition
			 3__0 buckettrouts
			 4__0 bucketsalmons
Explanation : 
 Ans: 
The polar bear  eats	0 buckettrouts + 0 bucketsalmons = 0 buckettrouts.
^^^^^^^^^^^^^^^^^^^^	end of case : uwds-0192	^^^^^^^^^^^^^^^^^^^^




====================	start of case : uwds-0193	====================
python3 __init__.py -i ./demo_cases/task.UWDS.20160407/data.ENG.UW.DS2.new/uwds-0193.trace.xml -l ./demo_cases/task.UWDS.20160407/data.ENG.UW.DS2.new/uwds-0193.lft.xml -s ./demo_cases/task.UWDS.20160407/data.ENG.UW.DS2.new/uwds-0193.stc.xml
ID ::  IIS-MR-MATH-GRADEXX-XXXXXX
<Unit ID="IIS-MR-MATH-GRADEXX-XXXXXX">

0__ROOT
	 1__0 miles
		 2__OP_Subtraction
			 3__0 miles
			 4__0 miles
Explanation : 
 Ans: 
Jenny  ran	0 miles - 0 miles = 0 miles.
^^^^^^^^^^^^^^^^^^^^	end of case : uwds-0193	^^^^^^^^^^^^^^^^^^^^




====================	start of case : uwds-0194	====================
python3 __init__.py -i ./demo_cases/task.UWDS.20160407/data.ENG.UW.DS2.new/uwds-0194.trace.xml -l ./demo_cases/task.UWDS.20160407/data.ENG.UW.DS2.new/uwds-0194.lft.xml -s ./demo_cases/task.UWDS.20160407/data.ENG.UW.DS2.new/uwds-0194.stc.xml
ID ::  IIS-MR-MATH-GRADEXX-XXXXXX
<Unit ID="IIS-MR-MATH-GRADEXX-XXXXXX">

0__ROOT
	 1__0 sections
		 2__OP_Addition
			 3__0 sections
			 4__0 sections
Explanation : 
 Ans: 
What fraction of the student in the bands  are	0 sections + 0 sections = 0 sections.
^^^^^^^^^^^^^^^^^^^^	end of case : uwds-0194	^^^^^^^^^^^^^^^^^^^^




====================	start of case : uwds-0195	====================
python3 __init__.py -i ./demo_cases/task.UWDS.20160407/data.ENG.UW.DS2.new/uwds-0195.trace.xml -l ./demo_cases/task.UWDS.20160407/data.ENG.UW.DS2.new/uwds-0195.lft.xml -s ./demo_cases/task.UWDS.20160407/data.ENG.UW.DS2.new/uwds-0195.stc.xml
ID ::  IIS-MR-MATH-GRADEXX-XXXXXX
<Unit ID="IIS-MR-MATH-GRADEXX-XXXXXX">

0__ROOT
	 1__0 inchworms
		 2__OP_Subtraction
			 3__0 inchworms
			 4__0 inchworms
Explanation : 
 Ans: 
There are 	0 inchworms - 0 inchworms = 0 inchworms.
^^^^^^^^^^^^^^^^^^^^	end of case : uwds-0195	^^^^^^^^^^^^^^^^^^^^




====================	start of case : uwds-0196	====================
python3 __init__.py -i ./demo_cases/task.UWDS.20160407/data.ENG.UW.DS2.new/uwds-0196.trace.xml -l ./demo_cases/task.UWDS.20160407/data.ENG.UW.DS2.new/uwds-0196.lft.xml -s ./demo_cases/task.UWDS.20160407/data.ENG.UW.DS2.new/uwds-0196.stc.xml
ID ::  IIS-MR-MATH-GRADEXX-XXXXXX
<Unit ID="IIS-MR-MATH-GRADEXX-XXXXXX">

0__ROOT
	 1__0 poundmelons
		 2__OP_Addition
			 3__0 poundmelons
			 4__0 poundberries
Explanation : 
 Ans: 
Scarlett  used	0 poundmelons + 0 poundberries = 0 poundmelons.
^^^^^^^^^^^^^^^^^^^^	end of case : uwds-0196	^^^^^^^^^^^^^^^^^^^^




====================	start of case : uwds-0197	====================
python3 __init__.py -i ./demo_cases/task.UWDS.20160407/data.ENG.UW.DS2.new/uwds-0197.trace.xml -l ./demo_cases/task.UWDS.20160407/data.ENG.UW.DS2.new/uwds-0197.lft.xml -s ./demo_cases/task.UWDS.20160407/data.ENG.UW.DS2.new/uwds-0197.stc.xml
ID ::  IIS-MR-MATH-GRADEXX-XXXXXX
<Unit ID="IIS-MR-MATH-GRADEXX-XXXXXX">

0__ROOT
	 1__0 mileschools
		 2__OP_Subtraction
			 3__0 mileschools
			 4__0 mileschools
Explanation : 
 Ans: 
There are 	0 mileschools - 0 mileschools = 0 mileschools.
^^^^^^^^^^^^^^^^^^^^	end of case : uwds-0197	^^^^^^^^^^^^^^^^^^^^




====================	start of case : uwds-0198	====================
python3 __init__.py -i ./demo_cases/task.UWDS.20160407/data.ENG.UW.DS2.new/uwds-0198.trace.xml -l ./demo_cases/task.UWDS.20160407/data.ENG.UW.DS2.new/uwds-0198.lft.xml -s ./demo_cases/task.UWDS.20160407/data.ENG.UW.DS2.new/uwds-0198.stc.xml
ID ::  IIS-MR-MATH-GRADEXX-XXXXXX
<Unit ID="IIS-MR-MATH-GRADEXX-XXXXXX">

0__ROOT
	 1__0 cartonmilks
		 2__OP_Addition
			 3__0 cartonmilks
			 4__0 cartonmilks
Explanation : 
 Ans: 
They  drank	0 cartonmilks + 0 cartonmilks = 0 cartonmilks.
^^^^^^^^^^^^^^^^^^^^	end of case : uwds-0198	^^^^^^^^^^^^^^^^^^^^




====================	start of case : uwds-0199	====================
python3 __init__.py -i ./demo_cases/task.UWDS.20160407/data.ENG.UW.DS2.new/uwds-0199.trace.xml -l ./demo_cases/task.UWDS.20160407/data.ENG.UW.DS2.new/uwds-0199.lft.xml -s ./demo_cases/task.UWDS.20160407/data.ENG.UW.DS2.new/uwds-0199.stc.xml
ID ::  IIS-MR-MATH-GRADEXX-XXXXXX
<Unit ID="IIS-MR-MATH-GRADEXX-XXXXXX">

0__ROOT
	 1__0 inchhairs
		 2__OP_Addition
			 3__0 inchhairs
			 4__0 inchhairs
Explanation : 
 Ans: 
She   have/has cut	0 inchhairs + 0 inchhairs = 0 inchhairs.
^^^^^^^^^^^^^^^^^^^^	end of case : uwds-0199	^^^^^^^^^^^^^^^^^^^^




====================	start of case : uwds-0200	====================
python3 __init__.py -i ./demo_cases/task.UWDS.20160407/data.ENG.UW.DS2.new/uwds-0200.trace.xml -l ./demo_cases/task.UWDS.20160407/data.ENG.UW.DS2.new/uwds-0200.lft.xml -s ./demo_cases/task.UWDS.20160407/data.ENG.UW.DS2.new/uwds-0200.stc.xml
ID ::  IIS-MR-MATH-GRADEXX-XXXXXX
<Unit ID="IIS-MR-MATH-GRADEXX-XXXXXX">

0__ROOT
	 1__0 apartments
		 2__OP_Addition
			 3__0 apartments
			 4__0 apartments
Explanation : 
 Ans: 
What fraction of the apartments  are	0 apartments + 0 apartments = 0 apartments.
^^^^^^^^^^^^^^^^^^^^	end of case : uwds-0200	^^^^^^^^^^^^^^^^^^^^




====================	start of case : uwds-0201	====================
python3 __init__.py -i ./demo_cases/task.UWDS.20160407/data.ENG.UW.DS2.new/uwds-0201.trace.xml -l ./demo_cases/task.UWDS.20160407/data.ENG.UW.DS2.new/uwds-0201.lft.xml -s ./demo_cases/task.UWDS.20160407/data.ENG.UW.DS2.new/uwds-0201.stc.xml
ID ::  IIS-MR-MATH-GRADEXX-XXXXXX
<Unit ID="IIS-MR-MATH-GRADEXX-XXXXXX">

0__ROOT
	 1__0 footsandcastles
		 2__OP_Subtraction
			 3__0 footsandcastles
			 4__0 footsandcastles
Explanation : 
 Ans: 
There are 	0 footsandcastles - 0 footsandcastles = 0 footsandcastles.
^^^^^^^^^^^^^^^^^^^^	end of case : uwds-0201	^^^^^^^^^^^^^^^^^^^^




====================	start of case : uwds-0202	====================
python3 __init__.py -i ./demo_cases/task.UWDS.20160407/data.ENG.UW.DS2.new/uwds-0202.trace.xml -l ./demo_cases/task.UWDS.20160407/data.ENG.UW.DS2.new/uwds-0202.lft.xml -s ./demo_cases/task.UWDS.20160407/data.ENG.UW.DS2.new/uwds-0202.stc.xml
ID ::  IIS-MR-MATH-GRADEXX-XXXXXX
<Unit ID="IIS-MR-MATH-GRADEXX-XXXXXX">

0__ROOT
	 1__0 tankgases
		 2__OP_Subtraction
			 3__0 tankgases
			 4__0 tankgases
Explanation : 
 Ans: 
Michelle  used	0 tankgases - 0 tankgases = 0 tankgases.
^^^^^^^^^^^^^^^^^^^^	end of case : uwds-0202	^^^^^^^^^^^^^^^^^^^^




====================	start of case : uwds-0203	====================
python3 __init__.py -i ./demo_cases/task.UWDS.20160407/data.ENG.UW.DS2.new/uwds-0203.trace.xml -l ./demo_cases/task.UWDS.20160407/data.ENG.UW.DS2.new/uwds-0203.lft.xml -s ./demo_cases/task.UWDS.20160407/data.ENG.UW.DS2.new/uwds-0203.stc.xml
ID ::  IIS-MR-MATH-GRADEXX-XXXXXX
<Unit ID="IIS-MR-MATH-GRADEXX-XXXXXX">

0__ROOT
	 1__0 boxes
		 2__OP_Subtraction
			 3__0 boxes
			 4__0 boxes
Explanation : 
 Ans: 
Kelly  had	0 boxes - 0 boxes = 0 boxes.
^^^^^^^^^^^^^^^^^^^^	end of case : uwds-0203	^^^^^^^^^^^^^^^^^^^^




====================	start of case : uwds-0204	====================
python3 __init__.py -i ./demo_cases/task.UWDS.20160407/data.ENG.UW.DS2.new/uwds-0204.trace.xml -l ./demo_cases/task.UWDS.20160407/data.ENG.UW.DS2.new/uwds-0204.lft.xml -s ./demo_cases/task.UWDS.20160407/data.ENG.UW.DS2.new/uwds-0204.stc.xml
ID ::  IIS-MR-MATH-GRADEXX-XXXXXX
<Unit ID="IIS-MR-MATH-GRADEXX-XXXXXX">

0__ROOT
	 1__0 mileschools
		 2__OP_Addition
			 3__0 mileschools
			 4__0 mileschools
Explanation : 
 Ans: 
Craig  walked	0 mileschools + 0 mileschools = 0 mileschools.
^^^^^^^^^^^^^^^^^^^^	end of case : uwds-0204	^^^^^^^^^^^^^^^^^^^^




====================	start of case : uwds-0205	====================
python3 __init__.py -i ./demo_cases/task.UWDS.20160407/data.ENG.UW.DS2.new/uwds-0205.trace.xml -l ./demo_cases/task.UWDS.20160407/data.ENG.UW.DS2.new/uwds-0205.lft.xml -s ./demo_cases/task.UWDS.20160407/data.ENG.UW.DS2.new/uwds-0205.stc.xml
ID ::  IIS-MR-MATH-GRADEXX-XXXXXX
<Unit ID="IIS-MR-MATH-GRADEXX-XXXXXX">

0__ROOT
	 1__0 acres
		 2__OP_Subtraction
			 3__0 acres
			 4__0 acres
Explanation : 
 Ans: 
How many more acre  Greg harvested	0 acres - 0 acres = 0 acres.
^^^^^^^^^^^^^^^^^^^^	end of case : uwds-0205	^^^^^^^^^^^^^^^^^^^^




====================	start of case : uwds-0206	====================
python3 __init__.py -i ./demo_cases/task.UWDS.20160407/data.ENG.UW.DS2.new/uwds-0206.trace.xml -l ./demo_cases/task.UWDS.20160407/data.ENG.UW.DS2.new/uwds-0206.lft.xml -s ./demo_cases/task.UWDS.20160407/data.ENG.UW.DS2.new/uwds-0206.stc.xml
ID ::  IIS-MR-MATH-GRADEXX-XXXXXX
<Unit ID="IIS-MR-MATH-GRADEXX-XXXXXX">

0__ROOT
	 1__0 d Warning!! Weird Word from IE! 
		 2__OP_Addition
			 3__0 d Warning!! Weird Word from IE! 
			 4__0 d Warning!! Weird Word from IE! 
Explanation : 
 Ans: 
Or 4d either size 2ds  are	0 d Warning!! Weird Word from IE!  + 0 d Warning!! Weird Word from IE!  = 0 d Warning!! Weird Word from IE! .
^^^^^^^^^^^^^^^^^^^^	end of case : uwds-0206	^^^^^^^^^^^^^^^^^^^^




====================	start of case : uwds-0207	====================
python3 __init__.py -i ./demo_cases/task.UWDS.20160407/data.ENG.UW.DS2.new/uwds-0207.trace.xml -l ./demo_cases/task.UWDS.20160407/data.ENG.UW.DS2.new/uwds-0207.lft.xml -s ./demo_cases/task.UWDS.20160407/data.ENG.UW.DS2.new/uwds-0207.stc.xml
ID ::  IIS-MR-MATH-GRADEXX-XXXXXX
<Unit ID="IIS-MR-MATH-GRADEXX-XXXXXX">

0__ROOT
	 1__0 scoopsugars
		 2__OP_Subtraction
			 3__0 scoopsugars
			 4__0 scoopsugars
Explanation : 
 Ans: 
Victor  used	0 scoopsugars - 0 scoopsugars = 0 scoopsugars.
^^^^^^^^^^^^^^^^^^^^	end of case : uwds-0207	^^^^^^^^^^^^^^^^^^^^




====================	start of case : uwds-0208	====================
python3 __init__.py -i ./demo_cases/task.UWDS.20160407/data.ENG.UW.DS2.new/uwds-0208.trace.xml -l ./demo_cases/task.UWDS.20160407/data.ENG.UW.DS2.new/uwds-0208.lft.xml -s ./demo_cases/task.UWDS.20160407/data.ENG.UW.DS2.new/uwds-0208.stc.xml
ID ::  IIS-MR-MATH-GRADEXX-XXXXXX
<Unit ID="IIS-MR-MATH-GRADEXX-XXXXXX">

0__ROOT
	 1__0 miles
		 2__OP_Subtraction
			 3__0 miles
			 4__0 miles
Explanation : 
 Ans: 
Eve  ran	0 miles - 0 miles = 0 miles.
^^^^^^^^^^^^^^^^^^^^	end of case : uwds-0208	^^^^^^^^^^^^^^^^^^^^




====================	start of case : uwds-0209	====================
python3 __init__.py -i ./demo_cases/task.UWDS.20160407/data.ENG.UW.DS2.new/uwds-0209.trace.xml -l ./demo_cases/task.UWDS.20160407/data.ENG.UW.DS2.new/uwds-0209.lft.xml -s ./demo_cases/task.UWDS.20160407/data.ENG.UW.DS2.new/uwds-0209.stc.xml
ID ::  IIS-MR-MATH-GRADEXX-XXXXXX
<Unit ID="IIS-MR-MATH-GRADEXX-XXXXXX">

0__ROOT
	 1__0 cupraisins
		 2__OP_Addition
			 3__0 cupraisins
			 4__0 cupraisins
Explanation : 
 Ans: 
Jonah  added	0 cupraisins + 0 cupraisins = 0 cupraisins.
^^^^^^^^^^^^^^^^^^^^	end of case : uwds-0209	^^^^^^^^^^^^^^^^^^^^




====================	start of case : uwds-0210	====================
python3 __init__.py -i ./demo_cases/task.UWDS.20160407/data.ENG.UW.DS2.new/uwds-0210.trace.xml -l ./demo_cases/task.UWDS.20160407/data.ENG.UW.DS2.new/uwds-0210.lft.xml -s ./demo_cases/task.UWDS.20160407/data.ENG.UW.DS2.new/uwds-0210.stc.xml
ID ::  IIS-MR-MATH-GRADEXX-XXXXXX
<Unit ID="IIS-MR-MATH-GRADEXX-XXXXXX">

0__ROOT
	 1__0 cats
		 2__OP_Subtraction
			 3__1 cat
			 4__0 days
Explanation : 
 Ans: 
	1 cat - 0 days = 0 cats were needed.
^^^^^^^^^^^^^^^^^^^^	end of case : uwds-0210	^^^^^^^^^^^^^^^^^^^^




====================	start of case : uwds-0211	====================
python3 __init__.py -i ./demo_cases/task.UWDS.20160407/data.ENG.UW.DS2.new/uwds-0211.trace.xml -l ./demo_cases/task.UWDS.20160407/data.ENG.UW.DS2.new/uwds-0211.lft.xml -s ./demo_cases/task.UWDS.20160407/data.ENG.UW.DS2.new/uwds-0211.stc.xml
ID ::  IIS-MR-MATH-GRADEXX-XXXXXX
<Unit ID="IIS-MR-MATH-GRADEXX-XXXXXX">

0__ROOT
	 1__0 inchmornings
		 2__OP_Addition
			 3__0 inchmornings
			 4__0 inchmornings
Explanation : 
 Ans: 
The total amount of snowfall  was	0 inchmornings + 0 inchmornings = 0 inchmornings.
^^^^^^^^^^^^^^^^^^^^	end of case : uwds-0211	^^^^^^^^^^^^^^^^^^^^




====================	start of case : uwds-0212	====================
python3 __init__.py -i ./demo_cases/task.UWDS.20160407/data.ENG.UW.DS2.new/uwds-0212.trace.xml -l ./demo_cases/task.UWDS.20160407/data.ENG.UW.DS2.new/uwds-0212.lft.xml -s ./demo_cases/task.UWDS.20160407/data.ENG.UW.DS2.new/uwds-0212.stc.xml
ID ::  IIS-MR-MATH-GRADEXX-XXXXXX
<Unit ID="IIS-MR-MATH-GRADEXX-XXXXXX">

0__ROOT
	 1__0 bags
		 2__OP_Addition
			 3__0 bags
			 4__0 bags
Explanation : 
 Ans: 
How many bag of flour  the bakery used	0 bags + 0 bags = 0 bags.
^^^^^^^^^^^^^^^^^^^^	end of case : uwds-0212	^^^^^^^^^^^^^^^^^^^^




====================	start of case : uwds-0213	====================
python3 __init__.py -i ./demo_cases/task.UWDS.20160407/data.ENG.UW.DS2.new/uwds-0213.trace.xml -l ./demo_cases/task.UWDS.20160407/data.ENG.UW.DS2.new/uwds-0213.lft.xml -s ./demo_cases/task.UWDS.20160407/data.ENG.UW.DS2.new/uwds-0213.stc.xml
ID ::  IIS-MR-MATH-GRADEXX-XXXXXX
<Unit ID="IIS-MR-MATH-GRADEXX-XXXXXX">

0__ROOT
	 1__0 gallonwaters
		 2__OP_Subtraction
			 3__0 gallonwaters
			 4__0 gallonwaters
Explanation : 
 Ans: 
Water  have/has leaked	0 gallonwaters - 0 gallonwaters = 0 gallonwaters.
^^^^^^^^^^^^^^^^^^^^	end of case : uwds-0213	^^^^^^^^^^^^^^^^^^^^




====================	start of case : uwds-0214	====================
python3 __init__.py -i ./demo_cases/task.UWDS.20160407/data.ENG.UW.DS2.new/uwds-0214.trace.xml -l ./demo_cases/task.UWDS.20160407/data.ENG.UW.DS2.new/uwds-0214.lft.xml -s ./demo_cases/task.UWDS.20160407/data.ENG.UW.DS2.new/uwds-0214.stc.xml
ID ::  IIS-MR-MATH-GRADEXX-XXXXXX
<Unit ID="IIS-MR-MATH-GRADEXX-XXXXXX">

0__ROOT
	 1__0 milecars
		 2__OP_Addition
			 3__0 milecars
				 4__OP_Addition
					 5__0 milecars
					 6__0 milecars
			 7__0 milecars
Explanation : 
 Ans: 
	0 milecars + 0 milecars = 0 milecars

	Thus,  How many mile  Irwin 's family hiked	0 milecars + 0 milecars = 0 milecars.
^^^^^^^^^^^^^^^^^^^^	end of case : uwds-0214	^^^^^^^^^^^^^^^^^^^^




====================	start of case : uwds-0215	====================
python3 __init__.py -i ./demo_cases/task.UWDS.20160407/data.ENG.UW.DS2.new/uwds-0215.trace.xml -l ./demo_cases/task.UWDS.20160407/data.ENG.UW.DS2.new/uwds-0215.lft.xml -s ./demo_cases/task.UWDS.20160407/data.ENG.UW.DS2.new/uwds-0215.stc.xml
ID ::  IIS-MR-MATH-GRADEXX-XXXXXX
<Unit ID="IIS-MR-MATH-GRADEXX-XXXXXX">

0__ROOT
	 1__0 bags
		 2__OP_Sum
			 3__0 bags
			 4__0 bags
			 5__0 bags
Explanation : 
 Ans: 
Totally Charlie  picked	0 bags + 0 bags + 0 bags = 0 bags.
^^^^^^^^^^^^^^^^^^^^	end of case : uwds-0215	^^^^^^^^^^^^^^^^^^^^




====================	start of case : uwds-0216	====================
python3 __init__.py -i ./demo_cases/task.UWDS.20160407/data.ENG.UW.DS2.new/uwds-0216.trace.xml -l ./demo_cases/task.UWDS.20160407/data.ENG.UW.DS2.new/uwds-0216.lft.xml -s ./demo_cases/task.UWDS.20160407/data.ENG.UW.DS2.new/uwds-0216.stc.xml
ID ::  IIS-MR-MATH-GRADEXX-XXXXXX
<Unit ID="IIS-MR-MATH-GRADEXX-XXXXXX">

0__ROOT
	 1__0 bottletables
		 2__OP_Addition
			 3__0 bottletables
				 4__OP_Addition
					 5__0 bottletables
					 6__0 bottletables
			 7__0 bottletables
Explanation : 
 Ans: 
	0 bottletables + 0 bottletables = 0 bottletables

	Thus,  The waitress  finds	0 bottletables + 0 bottletables = 0 bottletables.
^^^^^^^^^^^^^^^^^^^^	end of case : uwds-0216	^^^^^^^^^^^^^^^^^^^^




====================	start of case : uwds-0217	====================
python3 __init__.py -i ./demo_cases/task.UWDS.20160407/data.ENG.UW.DS2.new/uwds-0217.trace.xml -l ./demo_cases/task.UWDS.20160407/data.ENG.UW.DS2.new/uwds-0217.lft.xml -s ./demo_cases/task.UWDS.20160407/data.ENG.UW.DS2.new/uwds-0217.stc.xml
ID ::  IIS-MR-MATH-GRADEXX-XXXXXX
<Unit ID="IIS-MR-MATH-GRADEXX-XXXXXX">

0__ROOT
	 1__0 tarts
		 2__OP_Sum
			 3__0 tarts
			 4__0 tarts
			 5__0 tarts
Explanation : 
 Ans: 
Totally The restaurant  had	0 tarts + 0 tarts + 0 tarts = 0 tarts.
^^^^^^^^^^^^^^^^^^^^	end of case : uwds-0217	^^^^^^^^^^^^^^^^^^^^




====================	start of case : uwds-0218	====================
python3 __init__.py -i ./demo_cases/task.UWDS.20160407/data.ENG.UW.DS2.new/uwds-0218.trace.xml -l ./demo_cases/task.UWDS.20160407/data.ENG.UW.DS2.new/uwds-0218.lft.xml -s ./demo_cases/task.UWDS.20160407/data.ENG.UW.DS2.new/uwds-0218.stc.xml
ID ::  IIS-MR-MATH-GRADEXX-XXXXXX
<Unit ID="IIS-MR-MATH-GRADEXX-XXXXXX">

0__ROOT
	 1__0 milehotels
		 2__OP_Addition
			 3__0 milehotels
				 4__OP_Addition
					 5__0 milehotels
					 6__0 milehotels
			 7__0 milehotels
Explanation : 
 Ans: 
	0 milehotels + 0 milehotels = 0 milehotels

	Thus,  Trisha  walked	0 milehotels + 0 milehotels = 0 milehotels.
^^^^^^^^^^^^^^^^^^^^	end of case : uwds-0218	^^^^^^^^^^^^^^^^^^^^




====================	start of case : uwds-0219	====================
python3 __init__.py -i ./demo_cases/task.UWDS.20160407/data.ENG.UW.DS2.new/uwds-0219.trace.xml -l ./demo_cases/task.UWDS.20160407/data.ENG.UW.DS2.new/uwds-0219.lft.xml -s ./demo_cases/task.UWDS.20160407/data.ENG.UW.DS2.new/uwds-0219.stc.xml
ID ::  IIS-MR-MATH-GRADEXX-XXXXXX
<Unit ID="IIS-MR-MATH-GRADEXX-XXXXXX">

0__ROOT
	 1__0 u Warning!! Weird Word from IE! 
		 2__OP_Sum
			 3__0 poundchips
			 4__0 poundraisins
			 5__0 poundpeanuts
Explanation : 
 Ans: 
Totally Brandy  made	0 poundchips + 0 poundraisins + 0 poundpeanuts = 0 u Warning!! Weird Word from IE! .
^^^^^^^^^^^^^^^^^^^^	end of case : uwds-0219	^^^^^^^^^^^^^^^^^^^^




====================	start of case : uwds-0220	====================
python3 __init__.py -i ./demo_cases/task.UWDS.20160407/data.ENG.UW.DS2.new/uwds-0220.trace.xml -l ./demo_cases/task.UWDS.20160407/data.ENG.UW.DS2.new/uwds-0220.lft.xml -s ./demo_cases/task.UWDS.20160407/data.ENG.UW.DS2.new/uwds-0220.stc.xml
ID ::  IIS-MR-MATH-GRADEXX-XXXXXX
<Unit ID="IIS-MR-MATH-GRADEXX-XXXXXX">

0__ROOT
	 1__0 u Warning!! Weird Word from IE! 
		 2__OP_Sum
			 3__0 cartondoughs
			 4__0 cartoncheesecakes
			 5__0 cartonroads
Explanation : 
 Ans: 
Totally Allie  had	0 cartondoughs + 0 cartoncheesecakes + 0 cartonroads = 0 u Warning!! Weird Word from IE! .
^^^^^^^^^^^^^^^^^^^^	end of case : uwds-0220	^^^^^^^^^^^^^^^^^^^^




====================	start of case : uwds-0221	====================
python3 __init__.py -i ./demo_cases/task.UWDS.20160407/data.ENG.UW.DS2.new/uwds-0221.trace.xml -l ./demo_cases/task.UWDS.20160407/data.ENG.UW.DS2.new/uwds-0221.lft.xml -s ./demo_cases/task.UWDS.20160407/data.ENG.UW.DS2.new/uwds-0221.stc.xml
ID ::  IIS-MR-MATH-GRADEXX-XXXXXX
<Unit ID="IIS-MR-MATH-GRADEXX-XXXXXX">

0__ROOT
	 1__0 bins
		 2__OP_Sum
			 3__0 bins
			 4__0 bins
			 5__0 bins
Explanation : 
 Ans: 
Totally Bin  have/has taked	0 bins + 0 bins + 0 bins = 0 bins.
^^^^^^^^^^^^^^^^^^^^	end of case : uwds-0221	^^^^^^^^^^^^^^^^^^^^




====================	start of case : uwds-0222	====================
python3 __init__.py -i ./demo_cases/task.UWDS.20160407/data.ENG.UW.DS2.new/uwds-0222.trace.xml -l ./demo_cases/task.UWDS.20160407/data.ENG.UW.DS2.new/uwds-0222.lft.xml -s ./demo_cases/task.UWDS.20160407/data.ENG.UW.DS2.new/uwds-0222.stc.xml
ID ::  IIS-MR-MATH-GRADEXX-XXXXXX
<Unit ID="IIS-MR-MATH-GRADEXX-XXXXXX">

0__ROOT
	 1__0 tonpieces
		 2__OP_Addition
			 3__0 tonpieces
				 4__OP_Addition
					 5__0 tonpieces
					 6__0 tonpieces
			 7__0 tonpieces
Explanation : 
 Ans: 
	0 tonpieces + 0 tonpieces = 0 tonpieces

	Thus,  How many ton of marble  did	0 tonpieces + 0 tonpieces = 0 tonpieces.
^^^^^^^^^^^^^^^^^^^^	end of case : uwds-0222	^^^^^^^^^^^^^^^^^^^^




====================	start of case : uwds-0223	====================
python3 __init__.py -i ./demo_cases/task.UWDS.20160407/data.ENG.UW.DS2.new/uwds-0223.trace.xml -l ./demo_cases/task.UWDS.20160407/data.ENG.UW.DS2.new/uwds-0223.lft.xml -s ./demo_cases/task.UWDS.20160407/data.ENG.UW.DS2.new/uwds-0223.stc.xml
ID ::  IIS-MR-MATH-GRADEXX-XXXXXX
<Unit ID="IIS-MR-MATH-GRADEXX-XXXXXX">

0__ROOT
	 1__0 miles
		 2__OP_Addition
			 3__0 miles
				 4__OP_Addition
					 5__0 miles
					 6__0 miles
			 7__0 miles
Explanation : 
 Ans: 
	0 miles + 0 miles = 0 miles

	Thus,  Nina  ran	0 miles + 0 miles = 0 miles.
^^^^^^^^^^^^^^^^^^^^	end of case : uwds-0223	^^^^^^^^^^^^^^^^^^^^




====================	start of case : uwds-0224	====================
python3 __init__.py -i ./demo_cases/task.UWDS.20160407/data.ENG.UW.DS2.new/uwds-0224.trace.xml -l ./demo_cases/task.UWDS.20160407/data.ENG.UW.DS2.new/uwds-0224.lft.xml -s ./demo_cases/task.UWDS.20160407/data.ENG.UW.DS2.new/uwds-0224.stc.xml
ID ::  IIS-MR-MATH-GRADEXX-XXXXXX
<Unit ID="IIS-MR-MATH-GRADEXX-XXXXXX">

0__ROOT
	 1__0 centimeters
		 2__OP_Addition
			 3__0 centimeters
				 4__OP_Addition
					 5__0 centimeters
					 6__0 centimeters
			 7__0 centimeters
Explanation : 
 Ans: 
	0 centimeters + 0 centimeters = 0 centimeters

	Thus,  How many centimeter of rain  the class recorded	0 centimeters + 0 centimeters = 0 centimeters.
^^^^^^^^^^^^^^^^^^^^	end of case : uwds-0224	^^^^^^^^^^^^^^^^^^^^




====================	start of case : uwds-0225	====================
python3 __init__.py -i ./demo_cases/task.UWDS.20160407/data.ENG.UW.DS2.new/uwds-0225.trace.xml -l ./demo_cases/task.UWDS.20160407/data.ENG.UW.DS2.new/uwds-0225.lft.xml -s ./demo_cases/task.UWDS.20160407/data.ENG.UW.DS2.new/uwds-0225.stc.xml
ID ::  IIS-MR-MATH-GRADEXX-XXXXXX
<Unit ID="IIS-MR-MATH-GRADEXX-XXXXXX">

0__ROOT
	 1__0 milehouses
		 2__OP_Addition
			 3__0 milehouses
				 4__OP_Addition
					 5__0 milehouses
					 6__0 milehouses
			 7__0 milehouses
Explanation : 
 Ans: 
	0 milehouses + 0 milehouses = 0 milehouses

	Thus,  Spencer  walked	0 milehouses + 0 milehouses = 0 milehouses.
^^^^^^^^^^^^^^^^^^^^	end of case : uwds-0225	^^^^^^^^^^^^^^^^^^^^




====================	start of case : uwds-0226	====================
python3 __init__.py -i ./demo_cases/task.UWDS.20160407/data.ENG.UW.DS2.new/uwds-0226.trace.xml -l ./demo_cases/task.UWDS.20160407/data.ENG.UW.DS2.new/uwds-0226.lft.xml -s ./demo_cases/task.UWDS.20160407/data.ENG.UW.DS2.new/uwds-0226.stc.xml
ID ::  IIS-MR-MATH-GRADEXX-XXXXXX
<Unit ID="IIS-MR-MATH-GRADEXX-XXXXXX">

0__ROOT
	 1__0 u Warning!! Weird Word from IE! 
		 2__OP_Sum
			 3__0 tonbricks
			 4__0 tonstones
			 5__0 tonconcretes
Explanation : 
 Ans: 
Totally How many ton of material  the company ordered	0 tonbricks + 0 tonstones + 0 tonconcretes = 0 u Warning!! Weird Word from IE! .
^^^^^^^^^^^^^^^^^^^^	end of case : uwds-0226	^^^^^^^^^^^^^^^^^^^^




====================	start of case : uwds-0227	====================
python3 __init__.py -i ./demo_cases/task.UWDS.20160407/data.ENG.UW.DS2.new/uwds-0227.trace.xml -l ./demo_cases/task.UWDS.20160407/data.ENG.UW.DS2.new/uwds-0227.lft.xml -s ./demo_cases/task.UWDS.20160407/data.ENG.UW.DS2.new/uwds-0227.stc.xml
ID ::  IIS-MR-MATH-GRADEXX-XXXXXX
<Unit ID="IIS-MR-MATH-GRADEXX-XXXXXX">

0__ROOT
	 1__0 u Warning!! Weird Word from IE! 
		 2__OP_Sum
			 3__0 gallonsodas
			 4__0 gallonjuices
			 5__0 gallonjuices
Explanation : 
 Ans: 
Totally Kendra  made	0 gallonsodas + 0 gallonjuices + 0 gallonjuices = 0 u Warning!! Weird Word from IE! .
^^^^^^^^^^^^^^^^^^^^	end of case : uwds-0227	^^^^^^^^^^^^^^^^^^^^




====================	start of case : uwds-0228	====================
python3 __init__.py -i ./demo_cases/task.UWDS.20160407/data.ENG.UW.DS2.new/uwds-0228.trace.xml -l ./demo_cases/task.UWDS.20160407/data.ENG.UW.DS2.new/uwds-0228.lft.xml -s ./demo_cases/task.UWDS.20160407/data.ENG.UW.DS2.new/uwds-0228.stc.xml
ID ::  IIS-MR-MATH-GRADEXX-XXXXXX
<Unit ID="IIS-MR-MATH-GRADEXX-XXXXXX">

0__ROOT
	 1__0 lights
		 2__OP_Addition
			 3__0 lights
				 4__OP_Addition
					 5__0 lights
					 6__0 lights
			 7__0 lights
Explanation : 
 Ans: 
	0 lights + 0 lights = 0 lights

	Thus,  Light-year  the spaceship traveled	0 lights + 0 lights = 0 lights.
^^^^^^^^^^^^^^^^^^^^	end of case : uwds-0228	^^^^^^^^^^^^^^^^^^^^




====================	start of case : uwds-0229	====================
python3 __init__.py -i ./demo_cases/task.UWDS.20160407/data.ENG.UW.DS2.new/uwds-0229.trace.xml -l ./demo_cases/task.UWDS.20160407/data.ENG.UW.DS2.new/uwds-0229.lft.xml -s ./demo_cases/task.UWDS.20160407/data.ENG.UW.DS2.new/uwds-0229.stc.xml
ID ::  IIS-MR-MATH-GRADEXX-XXXXXX
<Unit ID="IIS-MR-MATH-GRADEXX-XXXXXX">

0__ROOT
	 1__0 centimeters
		 2__OP_Addition
			 3__0 centimeters
				 4__OP_Addition
					 5__0 centimeters
					 6__0 centimeters
			 7__0 centimeters
Explanation : 
 Ans: 
	0 centimeters + 0 centimeters = 0 centimeters

	Thus,  Logan  recorded	0 centimeters + 0 centimeters = 0 centimeters.
^^^^^^^^^^^^^^^^^^^^	end of case : uwds-0229	^^^^^^^^^^^^^^^^^^^^




====================	start of case : uwds-0230	====================
python3 __init__.py -i ./demo_cases/task.UWDS.20160407/data.ENG.UW.DS2.new/uwds-0230.trace.xml -l ./demo_cases/task.UWDS.20160407/data.ENG.UW.DS2.new/uwds-0230.lft.xml -s ./demo_cases/task.UWDS.20160407/data.ENG.UW.DS2.new/uwds-0230.stc.xml
ID ::  IIS-MR-MATH-GRADEXX-XXXXXX
<Unit ID="IIS-MR-MATH-GRADEXX-XXXXXX">

0__ROOT
	 1__0 u Warning!! Weird Word from IE! 
		 2__OP_Sum
			 3__0 cupyogurts
			 4__0 cupstrawberries
			 5__0 cupstrawberries
Explanation : 
 Ans: 
Totally Ellen  used	0 cupyogurts + 0 cupstrawberries + 0 cupstrawberries = 0 u Warning!! Weird Word from IE! .
^^^^^^^^^^^^^^^^^^^^	end of case : uwds-0230	^^^^^^^^^^^^^^^^^^^^




====================	start of case : uwds-0231	====================
python3 __init__.py -i ./demo_cases/task.UWDS.20160407/data.ENG.UW.DS2.new/uwds-0231.trace.xml -l ./demo_cases/task.UWDS.20160407/data.ENG.UW.DS2.new/uwds-0231.lft.xml -s ./demo_cases/task.UWDS.20160407/data.ENG.UW.DS2.new/uwds-0231.stc.xml
ID ::  IIS-MR-MATH-GRADEXX-XXXXXX
<Unit ID="IIS-MR-MATH-GRADEXX-XXXXXX">

0__ROOT
	 1__0 pitcherlemonades
		 2__OP_Addition
			 3__0 pitcherlemonades
				 4__OP_Addition
					 5__0 pitcherlemonades
					 6__0 pitcherlemonades
			 7__0 pitcherlemonades
Explanation : 
 Ans: 
	0 pitcherlemonades + 0 pitcherlemonades = 0 pitcherlemonades

	Thus,  Jonah  poured	0 pitcherlemonades + 0 pitcherlemonades = 0 pitcherlemonades.
^^^^^^^^^^^^^^^^^^^^	end of case : uwds-0231	^^^^^^^^^^^^^^^^^^^^




====================	start of case : uwds-0232	====================
python3 __init__.py -i ./demo_cases/task.UWDS.20160407/data.ENG.UW.DS2.new/uwds-0232.trace.xml -l ./demo_cases/task.UWDS.20160407/data.ENG.UW.DS2.new/uwds-0232.lft.xml -s ./demo_cases/task.UWDS.20160407/data.ENG.UW.DS2.new/uwds-0232.stc.xml
ID ::  IIS-MR-MATH-GRADEXX-XXXXXX
<Unit ID="IIS-MR-MATH-GRADEXX-XXXXXX">

0__ROOT
	 1__0 milecars
		 2__OP_Addition
			 3__0 milecars
				 4__OP_Addition
					 5__0 milecars
					 6__0 milecars
			 7__0 milecars
Explanation : 
 Ans: 
	0 milecars + 0 milecars = 0 milecars

	Thus,  Heather  walked	0 milecars + 0 milecars = 0 milecars.
^^^^^^^^^^^^^^^^^^^^	end of case : uwds-0232	^^^^^^^^^^^^^^^^^^^^




====================	start of case : uwds-0233	====================
python3 __init__.py -i ./demo_cases/task.UWDS.20160407/data.ENG.UW.DS2.new/uwds-0233.trace.xml -l ./demo_cases/task.UWDS.20160407/data.ENG.UW.DS2.new/uwds-0233.lft.xml -s ./demo_cases/task.UWDS.20160407/data.ENG.UW.DS2.new/uwds-0233.stc.xml
ID ::  IIS-MR-MATH-GRADEXX-XXXXXX
<Unit ID="IIS-MR-MATH-GRADEXX-XXXXXX">

0__ROOT
	 1__0 trucks
		 2__OP_Sum
			 3__0 trucks
			 4__0 trucks
			 5__0 trucks
Explanation : 
 Ans: 
Totally 	0 trucks + 0 trucks + 0 trucks = 0 trucks were needed.
^^^^^^^^^^^^^^^^^^^^	end of case : uwds-0233	^^^^^^^^^^^^^^^^^^^^




====================	start of case : uwds-0234	====================
python3 __init__.py -i ./demo_cases/task.UWDS.20160407/data.ENG.UW.DS2.new/uwds-0234.trace.xml -l ./demo_cases/task.UWDS.20160407/data.ENG.UW.DS2.new/uwds-0234.lft.xml -s ./demo_cases/task.UWDS.20160407/data.ENG.UW.DS2.new/uwds-0234.stc.xml
ID ::  IIS-MR-MATH-GRADEXX-XXXXXX
<Unit ID="IIS-MR-MATH-GRADEXX-XXXXXX">

0__ROOT
	 1__0 u Warning!! Weird Word from IE! 
		 2__OP_Sum
			 3__0 ouncerings
			 4__0 ouncerings
			 5__0 ouncerings
Explanation : 
 Ans: 
Totally The total weight of the plastic ring  was	0 ouncerings + 0 ouncerings + 0 ouncerings = 0 u Warning!! Weird Word from IE! .
^^^^^^^^^^^^^^^^^^^^	end of case : uwds-0234	^^^^^^^^^^^^^^^^^^^^




====================	start of case : uwds-0235	====================
python3 __init__.py -i ./demo_cases/task.UWDS.20160407/data.ENG.UW.DS2.new/uwds-0235.trace.xml -l ./demo_cases/task.UWDS.20160407/data.ENG.UW.DS2.new/uwds-0235.lft.xml -s ./demo_cases/task.UWDS.20160407/data.ENG.UW.DS2.new/uwds-0235.stc.xml
ID ::  IIS-MR-MATH-GRADEXX-XXXXXX
<Unit ID="IIS-MR-MATH-GRADEXX-XXXXXX">

0__ROOT
	 1__1 cupoil
		 2__OP_Addition
			 3__0 cupoils
			 4__1 cupwater
Explanation : 
 Ans: 
Kenny  used	0 cupoils + 1 cupwater = 1 cupoil.
^^^^^^^^^^^^^^^^^^^^	end of case : uwds-0235	^^^^^^^^^^^^^^^^^^^^




====================	start of case : uwds-0236	====================
python3 __init__.py -i ./demo_cases/task.UWDS.20160407/data.ENG.UW.DS2.new/uwds-0236.trace.xml -l ./demo_cases/task.UWDS.20160407/data.ENG.UW.DS2.new/uwds-0236.lft.xml -s ./demo_cases/task.UWDS.20160407/data.ENG.UW.DS2.new/uwds-0236.stc.xml
ID ::  IIS-MR-MATH-GRADEXX-XXXXXX
<Unit ID="IIS-MR-MATH-GRADEXX-XXXXXX">

0__ROOT
	 1__5 poundpeppers
		 2__OP_Addition
			 3__2 poundpeppers
			 4__2 poundpeppers
Explanation : 
 Ans: 
Restaurant Dale 's Vegetarian  bought	2 poundpeppers + 2 poundpeppers = 5 poundpeppers.
^^^^^^^^^^^^^^^^^^^^	end of case : uwds-0236	^^^^^^^^^^^^^^^^^^^^




====================	start of case : uwds-0237	====================
python3 __init__.py -i ./demo_cases/task.UWDS.20160407/data.ENG.UW.DS2.new/uwds-0237.trace.xml -l ./demo_cases/task.UWDS.20160407/data.ENG.UW.DS2.new/uwds-0237.lft.xml -s ./demo_cases/task.UWDS.20160407/data.ENG.UW.DS2.new/uwds-0237.stc.xml
ID ::  IIS-MR-MATH-GRADEXX-XXXXXX
<Unit ID="IIS-MR-MATH-GRADEXX-XXXXXX">

0__ROOT
	 1__3 milebuses
		 2__OP_Subtraction
			 3__3 milebuses
			 4__0 milebuses
Explanation : 
 Ans: 
Craig ride  walked	3 milebuses - 0 milebuses = 3 milebuses.
^^^^^^^^^^^^^^^^^^^^	end of case : uwds-0237	^^^^^^^^^^^^^^^^^^^^




====================	start of case : uwds-0238	====================
python3 __init__.py -i ./demo_cases/task.UWDS.20160407/data.ENG.UW.DS2.new/uwds-0238.trace.xml -l ./demo_cases/task.UWDS.20160407/data.ENG.UW.DS2.new/uwds-0238.lft.xml -s ./demo_cases/task.UWDS.20160407/data.ENG.UW.DS2.new/uwds-0238.stc.xml
ID ::  IIS-MR-MATH-GRADEXX-XXXXXX
<Unit ID="IIS-MR-MATH-GRADEXX-XXXXXX">

0__ROOT
	 1__6 poundtextbooks
		 2__OP_Subtraction
			 3__7 poundtextbooks
			 4__0 poundtextbooks
Explanation : 
 Ans: 
Much  does	7 poundtextbooks - 0 poundtextbooks = 6 poundtextbooks.
^^^^^^^^^^^^^^^^^^^^	end of case : uwds-0238	^^^^^^^^^^^^^^^^^^^^




====================	start of case : uwds-0239	====================
python3 __init__.py -i ./demo_cases/task.UWDS.20160407/data.ENG.UW.DS2.new/uwds-0239.trace.xml -l ./demo_cases/task.UWDS.20160407/data.ENG.UW.DS2.new/uwds-0239.lft.xml -s ./demo_cases/task.UWDS.20160407/data.ENG.UW.DS2.new/uwds-0239.stc.xml
ID ::  IIS-MR-MATH-GRADEXX-XXXXXX
<Unit ID="IIS-MR-MATH-GRADEXX-XXXXXX">

0__ROOT
	 1__15 toncements
		 2__OP_Addition
			 3__10 toncements
			 4__5 toncements
Explanation : 
 Ans: 
Roadster 's Paving Company  used	10 toncements + 5 toncements = 15 toncements.
^^^^^^^^^^^^^^^^^^^^	end of case : uwds-0239	^^^^^^^^^^^^^^^^^^^^




====================	start of case : uwds-0240	====================
python3 __init__.py -i ./demo_cases/task.UWDS.20160407/data.ENG.UW.DS2.new/uwds-0240.trace.xml -l ./demo_cases/task.UWDS.20160407/data.ENG.UW.DS2.new/uwds-0240.lft.xml -s ./demo_cases/task.UWDS.20160407/data.ENG.UW.DS2.new/uwds-0240.stc.xml
ID ::  IIS-MR-MATH-GRADEXX-XXXXXX
<Unit ID="IIS-MR-MATH-GRADEXX-XXXXXX">

0__ROOT
	 1__9 bucketwaters
		 2__OP_Addition
			 3__1 bucketwater
			 4__8 bucketwaters
Explanation : 
 Ans: 
Sam  poured	1 bucketwater + 8 bucketwaters = 9 bucketwaters.
^^^^^^^^^^^^^^^^^^^^	end of case : uwds-0240	^^^^^^^^^^^^^^^^^^^^




====================	start of case : uwds-0241	====================
python3 __init__.py -i ./demo_cases/task.UWDS.20160407/data.ENG.UW.DS2.new/uwds-0241.trace.xml -l ./demo_cases/task.UWDS.20160407/data.ENG.UW.DS2.new/uwds-0241.lft.xml -s ./demo_cases/task.UWDS.20160407/data.ENG.UW.DS2.new/uwds-0241.stc.xml
ID ::  IIS-MR-MATH-GRADEXX-XXXXXX
<Unit ID="IIS-MR-MATH-GRADEXX-XXXXXX">

0__ROOT
	 1__3 laps
		 2__OP_Addition
			 3__1 lap
			 4__2 laps
Explanation : 
 Ans: 
Kyle  joged	1 lap + 2 laps = 3 laps.
^^^^^^^^^^^^^^^^^^^^	end of case : uwds-0241	^^^^^^^^^^^^^^^^^^^^




====================	start of case : uwds-0242	====================
python3 __init__.py -i ./demo_cases/task.UWDS.20160407/data.ENG.UW.DS2.new/uwds-0242.trace.xml -l ./demo_cases/task.UWDS.20160407/data.ENG.UW.DS2.new/uwds-0242.lft.xml -s ./demo_cases/task.UWDS.20160407/data.ENG.UW.DS2.new/uwds-0242.stc.xml
ID ::  IIS-MR-MATH-GRADEXX-XXXXXX
<Unit ID="IIS-MR-MATH-GRADEXX-XXXXXX">

0__ROOT
	 1__9 gallonwaters
		 2__OP_Addition
			 3__3 gallonwaters
			 4__6 gallonwaters
Explanation : 
 Ans: 
There  will be	3 gallonwaters + 6 gallonwaters = 9 gallonwaters.
^^^^^^^^^^^^^^^^^^^^	end of case : uwds-0242	^^^^^^^^^^^^^^^^^^^^




====================	start of case : uwds-0243	====================
python3 __init__.py -i ./demo_cases/task.UWDS.20160407/data.ENG.UW.DS2.new/uwds-0243.trace.xml -l ./demo_cases/task.UWDS.20160407/data.ENG.UW.DS2.new/uwds-0243.lft.xml -s ./demo_cases/task.UWDS.20160407/data.ENG.UW.DS2.new/uwds-0243.stc.xml
ID ::  IIS-MR-MATH-GRADEXX-XXXXXX
<Unit ID="IIS-MR-MATH-GRADEXX-XXXXXX">

0__ROOT
	 1__5 bottlesodas
		 2__OP_Addition
			 3__2 bottlesodas
			 4__2 bottlecolas
Explanation : 
 Ans: 
They  drank	2 bottlesodas + 2 bottlecolas = 5 bottlesodas.
^^^^^^^^^^^^^^^^^^^^	end of case : uwds-0243	^^^^^^^^^^^^^^^^^^^^




====================	start of case : uwds-0244	====================
python3 __init__.py -i ./demo_cases/task.UWDS.20160407/data.ENG.UW.DS2.new/uwds-0244.trace.xml -l ./demo_cases/task.UWDS.20160407/data.ENG.UW.DS2.new/uwds-0244.lft.xml -s ./demo_cases/task.UWDS.20160407/data.ENG.UW.DS2.new/uwds-0244.stc.xml
ID ::  IIS-MR-MATH-GRADEXX-XXXXXX
<Unit ID="IIS-MR-MATH-GRADEXX-XXXXXX">

0__ROOT
	 1__10 poundirons
		 2__OP_Subtraction
			 3__11 poundirons
			 4__0 poundirons
Explanation : 
 Ans: 
The piece of iron  weighed	11 poundirons - 0 poundirons = 10 poundirons.
^^^^^^^^^^^^^^^^^^^^	end of case : uwds-0244	^^^^^^^^^^^^^^^^^^^^




====================	start of case : uwds-0245	====================
python3 __init__.py -i ./demo_cases/task.UWDS.20160407/data.ENG.UW.DS2.new/uwds-0245.trace.xml -l ./demo_cases/task.UWDS.20160407/data.ENG.UW.DS2.new/uwds-0245.lft.xml -s ./demo_cases/task.UWDS.20160407/data.ENG.UW.DS2.new/uwds-0245.stc.xml
ID ::  IIS-MR-MATH-GRADEXX-XXXXXX
<Unit ID="IIS-MR-MATH-GRADEXX-XXXXXX">

0__ROOT
	 1__6 inchlines
		 2__OP_Addition
			 3__1 inchline
			 4__5 inchlines
^^^^^^^^^^^^^^^^^^^^	end of case : uwds-0245	^^^^^^^^^^^^^^^^^^^^




====================	start of case : uwds-0246	====================
python3 __init__.py -i ./demo_cases/task.UWDS.20160407/data.ENG.UW.DS2.new/uwds-0246.trace.xml -l ./demo_cases/task.UWDS.20160407/data.ENG.UW.DS2.new/uwds-0246.lft.xml -s ./demo_cases/task.UWDS.20160407/data.ENG.UW.DS2.new/uwds-0246.stc.xml
ID ::  IIS-MR-MATH-GRADEXX-XXXXXX
<Unit ID="IIS-MR-MATH-GRADEXX-XXXXXX">

0__ROOT
	 1__18 pagephones
		 2__OP_Addition
			 3__10 pagephones
			 4__8 pagephones
Explanation : 
 Ans: 
Rosa  called	10 pagephones + 8 pagephones = 18 pagephones.
^^^^^^^^^^^^^^^^^^^^	end of case : uwds-0246	^^^^^^^^^^^^^^^^^^^^




====================	start of case : uwds-0247	====================
python3 __init__.py -i ./demo_cases/task.UWDS.20160407/data.ENG.UW.DS2.new/uwds-0247.trace.xml -l ./demo_cases/task.UWDS.20160407/data.ENG.UW.DS2.new/uwds-0247.lft.xml -s ./demo_cases/task.UWDS.20160407/data.ENG.UW.DS2.new/uwds-0247.stc.xml
ID ::  IIS-MR-MATH-GRADEXX-XXXXXX
<Unit ID="IIS-MR-MATH-GRADEXX-XXXXXX">

0__ROOT
	 1__1 footsandcastle
		 2__OP_Subtraction
			 3__3 footsandcastles
			 4__2 footsandcastles
Explanation : 
 Ans: 
There are 	3 footsandcastles - 2 footsandcastles = 1 footsandcastle.
^^^^^^^^^^^^^^^^^^^^	end of case : uwds-0247	^^^^^^^^^^^^^^^^^^^^




====================	start of case : uwds-0248	====================
python3 __init__.py -i ./demo_cases/task.UWDS.20160407/data.ENG.UW.DS2.new/uwds-0248.trace.xml -l ./demo_cases/task.UWDS.20160407/data.ENG.UW.DS2.new/uwds-0248.lft.xml -s ./demo_cases/task.UWDS.20160407/data.ENG.UW.DS2.new/uwds-0248.stc.xml
ID ::  IIS-MR-MATH-GRADEXX-XXXXXX
<Unit ID="IIS-MR-MATH-GRADEXX-XXXXXX">

0__ROOT
	 1__1 inchcaterpillar
		 2__OP_Subtraction
			 3__3 inchcaterpillars
			 4__1 inchcaterpillar
Explanation : 
 Ans: 
There are 	3 inchcaterpillars - 1 inchcaterpillar = 1 inchcaterpillar.
^^^^^^^^^^^^^^^^^^^^	end of case : uwds-0248	^^^^^^^^^^^^^^^^^^^^




====================	start of case : uwds-0249	====================
python3 __init__.py -i ./demo_cases/task.UWDS.20160407/data.ENG.UW.DS2.new/uwds-0249.trace.xml -l ./demo_cases/task.UWDS.20160407/data.ENG.UW.DS2.new/uwds-0249.lft.xml -s ./demo_cases/task.UWDS.20160407/data.ENG.UW.DS2.new/uwds-0249.stc.xml
ID ::  IIS-MR-MATH-GRADEXX-XXXXXX
<Unit ID="IIS-MR-MATH-GRADEXX-XXXXXX">

0__ROOT
	 1__3 pintcreams
		 2__OP_Addition
			 3__3 pintcreams
			 4__0 pintcreams
Explanation : 
 Ans: 
They  eated	3 pintcreams + 0 pintcreams = 3 pintcreams.
^^^^^^^^^^^^^^^^^^^^	end of case : uwds-0249	^^^^^^^^^^^^^^^^^^^^




====================	start of case : uwds-0250	====================
python3 __init__.py -i ./demo_cases/task.UWDS.20160407/data.ENG.UW.DS2.new/uwds-0250.trace.xml -l ./demo_cases/task.UWDS.20160407/data.ENG.UW.DS2.new/uwds-0250.lft.xml -s ./demo_cases/task.UWDS.20160407/data.ENG.UW.DS2.new/uwds-0250.stc.xml
ID ::  IIS-MR-MATH-GRADEXX-XXXXXX
<Unit ID="IIS-MR-MATH-GRADEXX-XXXXXX">

0__ROOT
	 1__2 bucketseeds
		 2__OP_Subtraction
			 3__8 bucketseeds
			 4__6 bucketseeds
Explanation : 
 Ans: 
The farmer  sowed	8 bucketseeds - 6 bucketseeds = 2 bucketseeds.
^^^^^^^^^^^^^^^^^^^^	end of case : uwds-0250	^^^^^^^^^^^^^^^^^^^^




====================	start of case : uwds-0251	====================
python3 __init__.py -i ./demo_cases/task.UWDS.20160407/data.ENG.UW.DS2.new/uwds-0251.trace.xml -l ./demo_cases/task.UWDS.20160407/data.ENG.UW.DS2.new/uwds-0251.lft.xml -s ./demo_cases/task.UWDS.20160407/data.ENG.UW.DS2.new/uwds-0251.stc.xml
ID ::  IIS-MR-MATH-GRADEXX-XXXXXX
<Unit ID="IIS-MR-MATH-GRADEXX-XXXXXX">

0__ROOT
	 1__1 footlamp
		 2__OP_Subtraction
			 3__2 footlamps
			 4__1 footlamp
Explanation : 
 Ans: 
There are 	2 footlamps - 1 footlamp = 1 footlamp.
^^^^^^^^^^^^^^^^^^^^	end of case : uwds-0251	^^^^^^^^^^^^^^^^^^^^




====================	start of case : uwds-0252	====================
python3 __init__.py -i ./demo_cases/task.UWDS.20160407/data.ENG.UW.DS2.new/uwds-0252.trace.xml -l ./demo_cases/task.UWDS.20160407/data.ENG.UW.DS2.new/uwds-0252.lft.xml -s ./demo_cases/task.UWDS.20160407/data.ENG.UW.DS2.new/uwds-0252.stc.xml
ID ::  IIS-MR-MATH-GRADEXX-XXXXXX
<Unit ID="IIS-MR-MATH-GRADEXX-XXXXXX">

0__ROOT
	 1__4 inchlines
		 2__OP_Subtraction
			 3__7 inchlines
			 4__3 inchlines
Explanation : 
 Ans: 
There are 	7 inchlines - 3 inchlines = 4 inchlines.
^^^^^^^^^^^^^^^^^^^^	end of case : uwds-0252	^^^^^^^^^^^^^^^^^^^^




====================	start of case : uwds-0253	====================
python3 __init__.py -i ./demo_cases/task.UWDS.20160407/data.ENG.UW.DS2.new/uwds-0253.trace.xml -l ./demo_cases/task.UWDS.20160407/data.ENG.UW.DS2.new/uwds-0253.lft.xml -s ./demo_cases/task.UWDS.20160407/data.ENG.UW.DS2.new/uwds-0253.stc.xml
ID ::  IIS-MR-MATH-GRADEXX-XXXXXX
<Unit ID="IIS-MR-MATH-GRADEXX-XXXXXX">

0__ROOT
	 1__14 gallonwaters
		 2__OP_Addition
			 3__7 gallonwaters
			 4__7 gallonwaters
Explanation : 
 Ans: 
There  will be	7 gallonwaters + 7 gallonwaters = 14 gallonwaters.
^^^^^^^^^^^^^^^^^^^^	end of case : uwds-0253	^^^^^^^^^^^^^^^^^^^^




====================	start of case : uwds-0254	====================
python3 __init__.py -i ./demo_cases/task.UWDS.20160407/data.ENG.UW.DS2.new/uwds-0254.trace.xml -l ./demo_cases/task.UWDS.20160407/data.ENG.UW.DS2.new/uwds-0254.lft.xml -s ./demo_cases/task.UWDS.20160407/data.ENG.UW.DS2.new/uwds-0254.stc.xml
ID ::  IIS-MR-MATH-GRADEXX-XXXXXX
<Unit ID="IIS-MR-MATH-GRADEXX-XXXXXX">

0__ROOT
	 1__10 milewendies
		 2__OP_Subtraction
			 3__19 milewendies
			 4__9 milewendies
Explanation : 
 Ans: 
Wendy  ran	19 milewendies - 9 milewendies = 10 milewendies.
^^^^^^^^^^^^^^^^^^^^	end of case : uwds-0254	^^^^^^^^^^^^^^^^^^^^




====================	start of case : uwds-0255	====================
python3 __init__.py -i ./demo_cases/task.UWDS.20160407/data.ENG.UW.DS2.new/uwds-0255.trace.xml -l ./demo_cases/task.UWDS.20160407/data.ENG.UW.DS2.new/uwds-0255.lft.xml -s ./demo_cases/task.UWDS.20160407/data.ENG.UW.DS2.new/uwds-0255.stc.xml
ID ::  IIS-MR-MATH-GRADEXX-XXXXXX
<Unit ID="IIS-MR-MATH-GRADEXX-XXXXXX">

0__ROOT
	 1__0 poundblocks
		 2__OP_Subtraction
			 3__0 poundblocks
			 4__0 poundblocks
Explanation : 
 Ans: 
The yellow block  weighed	0 poundblocks - 0 poundblocks = 0 poundblocks.
^^^^^^^^^^^^^^^^^^^^	end of case : uwds-0255	^^^^^^^^^^^^^^^^^^^^




====================	start of case : uwds-0256	====================
python3 __init__.py -i ./demo_cases/task.UWDS.20160407/data.ENG.UW.DS2.new/uwds-0256.trace.xml -l ./demo_cases/task.UWDS.20160407/data.ENG.UW.DS2.new/uwds-0256.lft.xml -s ./demo_cases/task.UWDS.20160407/data.ENG.UW.DS2.new/uwds-0256.stc.xml
ID ::  IIS-MR-MATH-GRADEXX-XXXXXX
<Unit ID="IIS-MR-MATH-GRADEXX-XXXXXX">

0__ROOT
	 1__9 miles
		 2__OP_Addition
			 3__8 miles
			 4__1 mile
Explanation : 
 Ans: 
Terrell  hiked	8 miles + 1 mile = 9 miles.
^^^^^^^^^^^^^^^^^^^^	end of case : uwds-0256	^^^^^^^^^^^^^^^^^^^^




====================	start of case : uwds-0257	====================
python3 __init__.py -i ./demo_cases/task.UWDS.20160407/data.ENG.UW.DS2.new/uwds-0257.trace.xml -l ./demo_cases/task.UWDS.20160407/data.ENG.UW.DS2.new/uwds-0257.lft.xml -s ./demo_cases/task.UWDS.20160407/data.ENG.UW.DS2.new/uwds-0257.stc.xml
ID ::  IIS-MR-MATH-GRADEXX-XXXXXX
<Unit ID="IIS-MR-MATH-GRADEXX-XXXXXX">

0__ROOT
	 1__0 meters
		 2__OP_Subtraction
			 3__0 meters
			 4__0 meters
Explanation : 
 Ans: 
The piece of wood now  is	0 meters - 0 meters = 0 meters.
^^^^^^^^^^^^^^^^^^^^	end of case : uwds-0257	^^^^^^^^^^^^^^^^^^^^




====================	start of case : uwds-0258	====================
python3 __init__.py -i ./demo_cases/task.UWDS.20160407/data.ENG.UW.DS2.new/uwds-0258.trace.xml -l ./demo_cases/task.UWDS.20160407/data.ENG.UW.DS2.new/uwds-0258.lft.xml -s ./demo_cases/task.UWDS.20160407/data.ENG.UW.DS2.new/uwds-0258.stc.xml
ID ::  IIS-MR-MATH-GRADEXX-XXXXXX
<Unit ID="IIS-MR-MATH-GRADEXX-XXXXXX">

0__ROOT
	 1__0 poundpeanuts
		 2__OP_Addition
			 3__0 poundpeanuts
			 4__0 poundraisins
Explanation : 
 Ans: 
She  bought	0 poundpeanuts + 0 poundraisins = 0 poundpeanuts.
^^^^^^^^^^^^^^^^^^^^	end of case : uwds-0258	^^^^^^^^^^^^^^^^^^^^




====================	start of case : uwds-0259	====================
python3 __init__.py -i ./demo_cases/task.UWDS.20160407/data.ENG.UW.DS2.new/uwds-0259.trace.xml -l ./demo_cases/task.UWDS.20160407/data.ENG.UW.DS2.new/uwds-0259.lft.xml -s ./demo_cases/task.UWDS.20160407/data.ENG.UW.DS2.new/uwds-0259.stc.xml
ID ::  IIS-MR-MATH-GRADEXX-XXXXXX
<Unit ID="IIS-MR-MATH-GRADEXX-XXXXXX">

0__ROOT
	 1__14 poundwatermelons
		 2__OP_Addition
			 3__9 poundwatermelons
			 4__4 poundwatermelons
Explanation : 
 Ans: 
Kevin  bought	9 poundwatermelons + 4 poundwatermelons = 14 poundwatermelons.
^^^^^^^^^^^^^^^^^^^^	end of case : uwds-0259	^^^^^^^^^^^^^^^^^^^^




====================	start of case : uwds-0260	====================
python3 __init__.py -i ./demo_cases/task.UWDS.20160407/data.ENG.UW.DS2.new/uwds-0260.trace.xml -l ./demo_cases/task.UWDS.20160407/data.ENG.UW.DS2.new/uwds-0260.lft.xml -s ./demo_cases/task.UWDS.20160407/data.ENG.UW.DS2.new/uwds-0260.stc.xml
ID ::  IIS-MR-MATH-GRADEXX-XXXXXX
<Unit ID="IIS-MR-MATH-GRADEXX-XXXXXX">

0__ROOT
	 1__0 inches
		 2__OP_Subtraction
			 3__0 inches
			 4__0 inches
Explanation : 
 Ans: 
It  did	0 inches - 0 inches = 0 inches.
^^^^^^^^^^^^^^^^^^^^	end of case : uwds-0260	^^^^^^^^^^^^^^^^^^^^




====================	start of case : uwds-0261	====================
python3 __init__.py -i ./demo_cases/task.UWDS.20160407/data.ENG.UW.DS2.new/uwds-0261.trace.xml -l ./demo_cases/task.UWDS.20160407/data.ENG.UW.DS2.new/uwds-0261.lft.xml -s ./demo_cases/task.UWDS.20160407/data.ENG.UW.DS2.new/uwds-0261.stc.xml
ID ::  IIS-MR-MATH-GRADEXX-XXXXXX
<Unit ID="IIS-MR-MATH-GRADEXX-XXXXXX">

0__ROOT
	 1__9 poundballs
		 2__OP_Addition
			 3__6 poundballs
			 4__3 poundballs
Explanation : 
 Ans: 
The scale  will read	6 poundballs + 3 poundballs = 9 poundballs.
^^^^^^^^^^^^^^^^^^^^	end of case : uwds-0261	^^^^^^^^^^^^^^^^^^^^




====================	start of case : uwds-0263	====================
python3 __init__.py -i ./demo_cases/task.UWDS.20160407/data.ENG.UW.DS2.new/uwds-0263.trace.xml -l ./demo_cases/task.UWDS.20160407/data.ENG.UW.DS2.new/uwds-0263.lft.xml -s ./demo_cases/task.UWDS.20160407/data.ENG.UW.DS2.new/uwds-0263.stc.xml
ID ::  IIS-MR-MATH-GRADEXX-XXXXXX
<Unit ID="IIS-MR-MATH-GRADEXX-XXXXXX">

0__ROOT
	 1__0 inches
		 2__OP_Subtraction
			 3__0 inches
			 4__0 inches
Explanation : 
 Ans: 
It  did	0 inches - 0 inches = 0 inches.
^^^^^^^^^^^^^^^^^^^^	end of case : uwds-0263	^^^^^^^^^^^^^^^^^^^^




====================	start of case : uwds-0264	====================
python3 __init__.py -i ./demo_cases/task.UWDS.20160407/data.ENG.UW.DS2.new/uwds-0264.trace.xml -l ./demo_cases/task.UWDS.20160407/data.ENG.UW.DS2.new/uwds-0264.lft.xml -s ./demo_cases/task.UWDS.20160407/data.ENG.UW.DS2.new/uwds-0264.stc.xml
ID ::  IIS-MR-MATH-GRADEXX-XXXXXX
<Unit ID="IIS-MR-MATH-GRADEXX-XXXXXX">

0__ROOT
	 1__0 inches
		 2__OP_Addition
			 3__0 inches
			 4__0 inches
Explanation : 
 Ans: 
It snow on Monday Tuesday  have/has combined	0 inches + 0 inches = 0 inches.
^^^^^^^^^^^^^^^^^^^^	end of case : uwds-0264	^^^^^^^^^^^^^^^^^^^^




====================	start of case : uwds-0265	====================
python3 __init__.py -i ./demo_cases/task.UWDS.20160407/data.ENG.UW.DS2.new/uwds-0265.trace.xml -l ./demo_cases/task.UWDS.20160407/data.ENG.UW.DS2.new/uwds-0265.lft.xml -s ./demo_cases/task.UWDS.20160407/data.ENG.UW.DS2.new/uwds-0265.stc.xml
ID ::  IIS-MR-MATH-GRADEXX-XXXXXX
<Unit ID="IIS-MR-MATH-GRADEXX-XXXXXX">

0__ROOT
	 1__0 grampeppers
		 2__OP_Subtraction
			 3__0 grampeppers
			 4__0 grampeppers
Explanation : 
 Ans: 
Brennan  has	0 grampeppers - 0 grampeppers = 0 grampeppers.
^^^^^^^^^^^^^^^^^^^^	end of case : uwds-0265	^^^^^^^^^^^^^^^^^^^^




====================	start of case : uwds-0266	====================
python3 __init__.py -i ./demo_cases/task.UWDS.20160407/data.ENG.UW.DS2.new/uwds-0266.trace.xml -l ./demo_cases/task.UWDS.20160407/data.ENG.UW.DS2.new/uwds-0266.lft.xml -s ./demo_cases/task.UWDS.20160407/data.ENG.UW.DS2.new/uwds-0266.stc.xml
ID ::  IIS-MR-MATH-GRADEXX-XXXXXX
<Unit ID="IIS-MR-MATH-GRADEXX-XXXXXX">

0__ROOT
	 1__14 tongravels
		 2__OP_Addition
			 3__5 tongravels
			 4__8 tonsands
Explanation : 
 Ans: 
The company  bought	5 tongravels + 8 tonsands = 14 tongravels.
^^^^^^^^^^^^^^^^^^^^	end of case : uwds-0266	^^^^^^^^^^^^^^^^^^^^




====================	start of case : uwds-0267	====================
python3 __init__.py -i ./demo_cases/task.UWDS.20160407/data.ENG.UW.DS2.new/uwds-0267.trace.xml -l ./demo_cases/task.UWDS.20160407/data.ENG.UW.DS2.new/uwds-0267.lft.xml -s ./demo_cases/task.UWDS.20160407/data.ENG.UW.DS2.new/uwds-0267.stc.xml
ID ::  IIS-MR-MATH-GRADEXX-XXXXXX
<Unit ID="IIS-MR-MATH-GRADEXX-XXXXXX">

0__ROOT
	 1__0 inches
		 2__OP_Addition
			 3__0 inches
			 4__0 inches
Explanation : 
 Ans: 
It rain on Saturday Sunday  have/has combined	0 inches + 0 inches = 0 inches.
^^^^^^^^^^^^^^^^^^^^	end of case : uwds-0267	^^^^^^^^^^^^^^^^^^^^




====================	start of case : uwds-0268	====================
python3 __init__.py -i ./demo_cases/task.UWDS.20160407/data.ENG.UW.DS2.new/uwds-0268.trace.xml -l ./demo_cases/task.UWDS.20160407/data.ENG.UW.DS2.new/uwds-0268.lft.xml -s ./demo_cases/task.UWDS.20160407/data.ENG.UW.DS2.new/uwds-0268.stc.xml
ID ::  IIS-MR-MATH-GRADEXX-XXXXXX
<Unit ID="IIS-MR-MATH-GRADEXX-XXXXXX">

0__ROOT
	 1__4 ouncesugars
		 2__OP_Subtraction
			 3__9 ouncesugars
			 4__5 ouncesugars
Explanation : 
 Ans: 
There are 	9 ouncesugars - 5 ouncesugars = 4 ouncesugars.
^^^^^^^^^^^^^^^^^^^^	end of case : uwds-0268	^^^^^^^^^^^^^^^^^^^^




====================	start of case : uwds-0269	====================
python3 __init__.py -i ./demo_cases/task.UWDS.20160407/data.ENG.UW.DS2.new/uwds-0269.trace.xml -l ./demo_cases/task.UWDS.20160407/data.ENG.UW.DS2.new/uwds-0269.lft.xml -s ./demo_cases/task.UWDS.20160407/data.ENG.UW.DS2.new/uwds-0269.stc.xml
ID ::  IIS-MR-MATH-GRADEXX-XXXXXX
<Unit ID="IIS-MR-MATH-GRADEXX-XXXXXX">

0__ROOT
	 1__1 poundfruit
		 2__OP_Subtraction
			 3__3 poundfruits
			 4__2 poundfruits
Explanation : 
 Ans: 
There are 	3 poundfruits - 2 poundfruits = 1 poundfruit.
^^^^^^^^^^^^^^^^^^^^	end of case : uwds-0269	^^^^^^^^^^^^^^^^^^^^




====================	start of case : uwds-0270	====================
python3 __init__.py -i ./demo_cases/task.UWDS.20160407/data.ENG.UW.DS2.new/uwds-0270.trace.xml -l ./demo_cases/task.UWDS.20160407/data.ENG.UW.DS2.new/uwds-0270.lft.xml -s ./demo_cases/task.UWDS.20160407/data.ENG.UW.DS2.new/uwds-0270.stc.xml
ID ::  IIS-MR-MATH-GRADEXX-XXXXXX
<Unit ID="IIS-MR-MATH-GRADEXX-XXXXXX">

0__ROOT
	 1__0 kilograms
		 2__OP_Addition
			 3__0 kilograms
			 4__0 kilograms
Explanation : 
 Ans: 
The chef  bought	0 kilograms + 0 kilograms = 0 kilograms.
^^^^^^^^^^^^^^^^^^^^	end of case : uwds-0270	^^^^^^^^^^^^^^^^^^^^




====================	start of case : uwds-0271	====================
python3 __init__.py -i ./demo_cases/task.UWDS.20160407/data.ENG.UW.DS2.new/uwds-0271.trace.xml -l ./demo_cases/task.UWDS.20160407/data.ENG.UW.DS2.new/uwds-0271.lft.xml -s ./demo_cases/task.UWDS.20160407/data.ENG.UW.DS2.new/uwds-0271.stc.xml
ID ::  IIS-MR-MATH-GRADEXX-XXXXXX
<Unit ID="IIS-MR-MATH-GRADEXX-XXXXXX">

0__ROOT
	 1__12 poundpumpkins
		 2__OP_Addition
			 3__4 poundpumpkins
			 4__8 poundpumpkins
Explanation : 
 Ans: 
The 2 pumpkin  weighed	4 poundpumpkins + 8 poundpumpkins = 12 poundpumpkins.
^^^^^^^^^^^^^^^^^^^^	end of case : uwds-0271	^^^^^^^^^^^^^^^^^^^^




====================	start of case : uwds-0272	====================
python3 __init__.py -i ./demo_cases/task.UWDS.20160407/data.ENG.UW.DS2.new/uwds-0272.trace.xml -l ./demo_cases/task.UWDS.20160407/data.ENG.UW.DS2.new/uwds-0272.lft.xml -s ./demo_cases/task.UWDS.20160407/data.ENG.UW.DS2.new/uwds-0272.stc.xml
ID ::  IIS-MR-MATH-GRADEXX-XXXXXX
<Unit ID="IIS-MR-MATH-GRADEXX-XXXXXX">

0__ROOT
	 1__1 poundtravels
		 2__OP_Subtraction
			 3__4 poundtravelses
			 4__2 poundsands
Explanation : 
 Ans: 
The truck  has	4 poundtravelses - 2 poundsands = 1 poundtravels.
^^^^^^^^^^^^^^^^^^^^	end of case : uwds-0272	^^^^^^^^^^^^^^^^^^^^




====================	start of case : uwds-0273	====================
python3 __init__.py -i ./demo_cases/task.UWDS.20160407/data.ENG.UW.DS2.new/uwds-0273.trace.xml -l ./demo_cases/task.UWDS.20160407/data.ENG.UW.DS2.new/uwds-0273.lft.xml -s ./demo_cases/task.UWDS.20160407/data.ENG.UW.DS2.new/uwds-0273.stc.xml
ID ::  IIS-MR-MATH-GRADEXX-XXXXXX
<Unit ID="IIS-MR-MATH-GRADEXX-XXXXXX">

0__ROOT
	 1__7 feet
		 2__OP_Addition
			 3__4 feet
			 4__2 feet
Explanation : 
 Ans: 
Tori  is	4 feet + 2 feet = 7 feet.
^^^^^^^^^^^^^^^^^^^^	end of case : uwds-0273	^^^^^^^^^^^^^^^^^^^^




====================	start of case : uwds-0274	====================
python3 __init__.py -i ./demo_cases/task.UWDS.20160407/data.ENG.UW.DS2.new/uwds-0274.trace.xml -l ./demo_cases/task.UWDS.20160407/data.ENG.UW.DS2.new/uwds-0274.lft.xml -s ./demo_cases/task.UWDS.20160407/data.ENG.UW.DS2.new/uwds-0274.stc.xml
ID ::  IIS-MR-MATH-GRADEXX-XXXXXX
<Unit ID="IIS-MR-MATH-GRADEXX-XXXXXX">

0__ROOT
	 1__6 centimeters
		 2__OP_Subtraction
			 3__8 centimeters
			 4__2 centimeters
Explanation : 
 Ans: 
The piece of wood now  is	8 centimeters - 2 centimeters = 6 centimeters.
^^^^^^^^^^^^^^^^^^^^	end of case : uwds-0274	^^^^^^^^^^^^^^^^^^^^



